<!DOCTYPE HTML PUBLIC "-//W3C//DTD HTML 4.01 Transitional//EN" "http://www.w3.org/TR/html4/loose.dtd">
<html>
<head>
<title>Selenium Logs</title>
<style type="text/css">
<!--
body, table {font-family: arial,sans-serif; font-size: x-small;}
th {background: #336699; color: #FFFFFF; text-align: left;}
-->
</style>
</head>
<body bgcolor="#FFFFFF" topmargin="6" leftmargin="6">
<hr size="1" noshade>
Log session start time Tue Mar 23 23:16:06 EDT 2021<br>
<br>
<table cellspacing="0" cellpadding="4" border="1" bordercolor="#224466" width="100%">
<tr>
<th>Time</th>
<th>Thread</th>
<th>Level</th>
<th>Category</th>
<th>File:Line</th>
<th>Message</th>
</tr>

<tr>
<td>0</td>
<td title="main thread">main</td>
<td title="Level"><font color="#993300"><strong>ERROR</strong></font></td>
<td title="library.SeleniumLibrary category">library.SeleniumLibrary</td>
<td>SeleniumLibrary.java:30</td>
<td title="Message">Error: </td>
</tr>
<tr><td bgcolor="#993300" style="color:White; font-size : xx-small;" colspan="6">java.lang.IllegalArgumentException: Argument is of an illegal type: org.openqa.selenium.By$ById
<br>&nbsp;&nbsp;&nbsp;&nbsp;	at org.openqa.selenium.remote.internal.WebElementToJsonConverter.apply(WebElementToJsonConverter.java:85)
<br>&nbsp;&nbsp;&nbsp;&nbsp;	at java.base/java.util.stream.ReferencePipeline$3$1.accept(ReferencePipeline.java:195)
<br>&nbsp;&nbsp;&nbsp;&nbsp;	at java.base/java.util.Spliterators$ArraySpliterator.forEachRemaining(Spliterators.java:948)
<br>&nbsp;&nbsp;&nbsp;&nbsp;	at java.base/java.util.stream.AbstractPipeline.copyInto(AbstractPipeline.java:484)
<br>&nbsp;&nbsp;&nbsp;&nbsp;	at java.base/java.util.stream.AbstractPipeline.wrapAndCopyInto(AbstractPipeline.java:474)
<br>&nbsp;&nbsp;&nbsp;&nbsp;	at java.base/java.util.stream.ReduceOps$ReduceOp.evaluateSequential(ReduceOps.java:913)
<br>&nbsp;&nbsp;&nbsp;&nbsp;	at java.base/java.util.stream.AbstractPipeline.evaluate(AbstractPipeline.java:234)
<br>&nbsp;&nbsp;&nbsp;&nbsp;	at java.base/java.util.stream.ReferencePipeline.collect(ReferencePipeline.java:578)
<br>&nbsp;&nbsp;&nbsp;&nbsp;	at org.openqa.selenium.remote.RemoteWebDriver.executeScript(RemoteWebDriver.java:552)
<br>&nbsp;&nbsp;&nbsp;&nbsp;	at AutomationPracticeCucumber@1.0-SNAPSHOT/library.SeleniumLibrary.scrollToElement(SeleniumLibrary.java:28)
<br>&nbsp;&nbsp;&nbsp;&nbsp;	at AutomationPracticeCucumber@1.0-SNAPSHOT/pages.AddToCartPage.scrollToAddToCart(AddToCartPage.java:22)
<br>&nbsp;&nbsp;&nbsp;&nbsp;	at AutomationPracticeCucumber@1.0-SNAPSHOT/stepDefinitions.AddToCartSteps.user_click_on_add_to_cart_button(AddToCartSteps.java:26)
<br>&nbsp;&nbsp;&nbsp;&nbsp;	at java.base/jdk.internal.reflect.NativeMethodAccessorImpl.invoke0(Native Method)
<br>&nbsp;&nbsp;&nbsp;&nbsp;	at java.base/jdk.internal.reflect.NativeMethodAccessorImpl.invoke(NativeMethodAccessorImpl.java:64)
<br>&nbsp;&nbsp;&nbsp;&nbsp;	at java.base/jdk.internal.reflect.DelegatingMethodAccessorImpl.invoke(DelegatingMethodAccessorImpl.java:43)
<br>&nbsp;&nbsp;&nbsp;&nbsp;	at java.base/java.lang.reflect.Method.invoke(Method.java:564)
<br>&nbsp;&nbsp;&nbsp;&nbsp;	at io.cucumber.java.Invoker.doInvoke(Invoker.java:66)
<br>&nbsp;&nbsp;&nbsp;&nbsp;	at io.cucumber.java.Invoker.invoke(Invoker.java:24)
<br>&nbsp;&nbsp;&nbsp;&nbsp;	at io.cucumber.java.AbstractGlueDefinition.invokeMethod(AbstractGlueDefinition.java:47)
<br>&nbsp;&nbsp;&nbsp;&nbsp;	at io.cucumber.java.JavaStepDefinition.execute(JavaStepDefinition.java:29)
<br>&nbsp;&nbsp;&nbsp;&nbsp;	at io.cucumber.core.runner.CoreStepDefinition.execute(CoreStepDefinition.java:66)
<br>&nbsp;&nbsp;&nbsp;&nbsp;	at io.cucumber.core.runner.PickleStepDefinitionMatch.runStep(PickleStepDefinitionMatch.java:63)
<br>&nbsp;&nbsp;&nbsp;&nbsp;	at io.cucumber.core.runner.ExecutionMode$1.execute(ExecutionMode.java:10)
<br>&nbsp;&nbsp;&nbsp;&nbsp;	at io.cucumber.core.runner.TestStep.executeStep(TestStep.java:92)
<br>&nbsp;&nbsp;&nbsp;&nbsp;	at io.cucumber.core.runner.TestStep.run(TestStep.java:64)
<br>&nbsp;&nbsp;&nbsp;&nbsp;	at io.cucumber.core.runner.PickleStepTestStep.run(PickleStepTestStep.java:51)
<br>&nbsp;&nbsp;&nbsp;&nbsp;	at io.cucumber.core.runner.TestCase.run(TestCase.java:104)
<br>&nbsp;&nbsp;&nbsp;&nbsp;	at io.cucumber.core.runner.Runner.runPickle(Runner.java:73)
<br>&nbsp;&nbsp;&nbsp;&nbsp;	at io.cucumber.junit.PickleRunners$NoStepDescriptions.run(PickleRunners.java:151)
<br>&nbsp;&nbsp;&nbsp;&nbsp;	at io.cucumber.junit.FeatureRunner.runChild(FeatureRunner.java:135)
<br>&nbsp;&nbsp;&nbsp;&nbsp;	at io.cucumber.junit.FeatureRunner.runChild(FeatureRunner.java:27)
<br>&nbsp;&nbsp;&nbsp;&nbsp;	at org.junit.runners.ParentRunner$4.run(ParentRunner.java:331)
<br>&nbsp;&nbsp;&nbsp;&nbsp;	at org.junit.runners.ParentRunner$1.schedule(ParentRunner.java:79)
<br>&nbsp;&nbsp;&nbsp;&nbsp;	at org.junit.runners.ParentRunner.runChildren(ParentRunner.java:329)
<br>&nbsp;&nbsp;&nbsp;&nbsp;	at org.junit.runners.ParentRunner.access$100(ParentRunner.java:66)
<br>&nbsp;&nbsp;&nbsp;&nbsp;	at org.junit.runners.ParentRunner$2.evaluate(ParentRunner.java:293)
<br>&nbsp;&nbsp;&nbsp;&nbsp;	at org.junit.runners.ParentRunner$3.evaluate(ParentRunner.java:306)
<br>&nbsp;&nbsp;&nbsp;&nbsp;	at org.junit.runners.ParentRunner.run(ParentRunner.java:413)
<br>&nbsp;&nbsp;&nbsp;&nbsp;	at io.cucumber.junit.Cucumber.runChild(Cucumber.java:200)
<br>&nbsp;&nbsp;&nbsp;&nbsp;	at io.cucumber.junit.Cucumber.runChild(Cucumber.java:90)
<br>&nbsp;&nbsp;&nbsp;&nbsp;	at org.junit.runners.ParentRunner$4.run(ParentRunner.java:331)
<br>&nbsp;&nbsp;&nbsp;&nbsp;	at org.junit.runners.ParentRunner$1.schedule(ParentRunner.java:79)
<br>&nbsp;&nbsp;&nbsp;&nbsp;	at org.junit.runners.ParentRunner.runChildren(ParentRunner.java:329)
<br>&nbsp;&nbsp;&nbsp;&nbsp;	at org.junit.runners.ParentRunner.access$100(ParentRunner.java:66)
<br>&nbsp;&nbsp;&nbsp;&nbsp;	at org.junit.runners.ParentRunner$2.evaluate(ParentRunner.java:293)
<br>&nbsp;&nbsp;&nbsp;&nbsp;	at io.cucumber.junit.Cucumber$RunCucumber.evaluate(Cucumber.java:235)
<br>&nbsp;&nbsp;&nbsp;&nbsp;	at org.junit.runners.ParentRunner$3.evaluate(ParentRunner.java:306)
<br>&nbsp;&nbsp;&nbsp;&nbsp;	at org.junit.runners.ParentRunner.run(ParentRunner.java:413)
<br>&nbsp;&nbsp;&nbsp;&nbsp;	at org.apache.maven.surefire.junit4.JUnit4Provider.execute(JUnit4Provider.java:364)
<br>&nbsp;&nbsp;&nbsp;&nbsp;	at org.apache.maven.surefire.junit4.JUnit4Provider.executeWithRerun(JUnit4Provider.java:272)
<br>&nbsp;&nbsp;&nbsp;&nbsp;	at org.apache.maven.surefire.junit4.JUnit4Provider.executeTestSet(JUnit4Provider.java:237)
<br>&nbsp;&nbsp;&nbsp;&nbsp;	at org.apache.maven.surefire.junit4.JUnit4Provider.invoke(JUnit4Provider.java:158)
<br>&nbsp;&nbsp;&nbsp;&nbsp;	at org.apache.maven.surefire.booter.ForkedBooter.runSuitesInProcess(ForkedBooter.java:428)
<br>&nbsp;&nbsp;&nbsp;&nbsp;	at org.apache.maven.surefire.booter.ForkedBooter.execute(ForkedBooter.java:162)
<br>&nbsp;&nbsp;&nbsp;&nbsp;	at org.apache.maven.surefire.booter.ForkedBooter.run(ForkedBooter.java:562)
<br>&nbsp;&nbsp;&nbsp;&nbsp;	at org.apache.maven.surefire.booter.ForkedBooter.main(ForkedBooter.java:548)
</td></tr>

<tr>
<td>10</td>
<td title="main thread">main</td>
<td title="Level">INFO</td>
<td title="library.SeleniumLibrary category">library.SeleniumLibrary</td>
<td>SeleniumLibrary.java:185</td>
<td title="Message">getCurrentTime() ---&gt; 2021032323163055</td>
</tr>

<tr>
<td>11</td>
<td title="main thread">main</td>
<td title="Level">INFO</td>
<td title="library.SeleniumLibrary category">library.SeleniumLibrary</td>
<td>SeleniumLibrary.java:201</td>
<td title="Message">Directories are created....</td>
</tr>

<tr>
<td>673</td>
<td title="main thread">main</td>
<td title="Level">INFO</td>
<td title="library.SeleniumLibrary category">library.SeleniumLibrary</td>
<td>SeleniumLibrary.java:174</td>
<td title="Message">Screenshot location: /Users/siripornsingkhamsirikul/IdeaProjects/AutomationPracticeCucumber/target/screenshots/User purchase item_2021032323163055.png</td>
</tr>

<tr>
<td>7923</td>
<td title="main thread">main</td>
<td title="Level">INFO</td>
<td title="library.SeleniumLibrary category">library.SeleniumLibrary</td>
<td>SeleniumLibrary.java:185</td>
<td title="Message">getCurrentTime() ---&gt; 20210323231638463</td>
</tr>

<tr>
<td>8442</td>
<td title="main thread">main</td>
<td title="Level">INFO</td>
<td title="library.SeleniumLibrary category">library.SeleniumLibrary</td>
<td>SeleniumLibrary.java:174</td>
<td title="Message">Screenshot location: /Users/siripornsingkhamsirikul/IdeaProjects/AutomationPracticeCucumber/target/screenshots/User purchase item_20210323231638463.png</td>
</tr>

<tr>
<td>28347</td>
<td title="main thread">main</td>
<td title="Level"><font color="#993300"><strong>ERROR</strong></font></td>
<td title="library.SeleniumLibrary category">library.SeleniumLibrary</td>
<td>SeleniumLibrary.java:30</td>
<td title="Message">Error: </td>
</tr>
<tr><td bgcolor="#993300" style="color:White; font-size : xx-small;" colspan="6">java.lang.IllegalArgumentException: Argument is of an illegal type: org.openqa.selenium.By$ById
<br>&nbsp;&nbsp;&nbsp;&nbsp;	at org.openqa.selenium.remote.internal.WebElementToJsonConverter.apply(WebElementToJsonConverter.java:85)
<br>&nbsp;&nbsp;&nbsp;&nbsp;	at java.base/java.util.stream.ReferencePipeline$3$1.accept(ReferencePipeline.java:195)
<br>&nbsp;&nbsp;&nbsp;&nbsp;	at java.base/java.util.Spliterators$ArraySpliterator.forEachRemaining(Spliterators.java:948)
<br>&nbsp;&nbsp;&nbsp;&nbsp;	at java.base/java.util.stream.AbstractPipeline.copyInto(AbstractPipeline.java:484)
<br>&nbsp;&nbsp;&nbsp;&nbsp;	at java.base/java.util.stream.AbstractPipeline.wrapAndCopyInto(AbstractPipeline.java:474)
<br>&nbsp;&nbsp;&nbsp;&nbsp;	at java.base/java.util.stream.ReduceOps$ReduceOp.evaluateSequential(ReduceOps.java:913)
<br>&nbsp;&nbsp;&nbsp;&nbsp;	at java.base/java.util.stream.AbstractPipeline.evaluate(AbstractPipeline.java:234)
<br>&nbsp;&nbsp;&nbsp;&nbsp;	at java.base/java.util.stream.ReferencePipeline.collect(ReferencePipeline.java:578)
<br>&nbsp;&nbsp;&nbsp;&nbsp;	at org.openqa.selenium.remote.RemoteWebDriver.executeScript(RemoteWebDriver.java:552)
<br>&nbsp;&nbsp;&nbsp;&nbsp;	at AutomationPracticeCucumber@1.0-SNAPSHOT/library.SeleniumLibrary.scrollToElement(SeleniumLibrary.java:28)
<br>&nbsp;&nbsp;&nbsp;&nbsp;	at AutomationPracticeCucumber@1.0-SNAPSHOT/pages.AddToCartPage.scrollToAddToCart(AddToCartPage.java:22)
<br>&nbsp;&nbsp;&nbsp;&nbsp;	at AutomationPracticeCucumber@1.0-SNAPSHOT/stepDefinitions.AddToCartSteps.user_click_on_add_to_cart_button(AddToCartSteps.java:26)
<br>&nbsp;&nbsp;&nbsp;&nbsp;	at java.base/jdk.internal.reflect.NativeMethodAccessorImpl.invoke0(Native Method)
<br>&nbsp;&nbsp;&nbsp;&nbsp;	at java.base/jdk.internal.reflect.NativeMethodAccessorImpl.invoke(NativeMethodAccessorImpl.java:64)
<br>&nbsp;&nbsp;&nbsp;&nbsp;	at java.base/jdk.internal.reflect.DelegatingMethodAccessorImpl.invoke(DelegatingMethodAccessorImpl.java:43)
<br>&nbsp;&nbsp;&nbsp;&nbsp;	at java.base/java.lang.reflect.Method.invoke(Method.java:564)
<br>&nbsp;&nbsp;&nbsp;&nbsp;	at io.cucumber.java.Invoker.doInvoke(Invoker.java:66)
<br>&nbsp;&nbsp;&nbsp;&nbsp;	at io.cucumber.java.Invoker.invoke(Invoker.java:24)
<br>&nbsp;&nbsp;&nbsp;&nbsp;	at io.cucumber.java.AbstractGlueDefinition.invokeMethod(AbstractGlueDefinition.java:47)
<br>&nbsp;&nbsp;&nbsp;&nbsp;	at io.cucumber.java.JavaStepDefinition.execute(JavaStepDefinition.java:29)
<br>&nbsp;&nbsp;&nbsp;&nbsp;	at io.cucumber.core.runner.CoreStepDefinition.execute(CoreStepDefinition.java:66)
<br>&nbsp;&nbsp;&nbsp;&nbsp;	at io.cucumber.core.runner.PickleStepDefinitionMatch.runStep(PickleStepDefinitionMatch.java:63)
<br>&nbsp;&nbsp;&nbsp;&nbsp;	at io.cucumber.core.runner.ExecutionMode$1.execute(ExecutionMode.java:10)
<br>&nbsp;&nbsp;&nbsp;&nbsp;	at io.cucumber.core.runner.TestStep.executeStep(TestStep.java:92)
<br>&nbsp;&nbsp;&nbsp;&nbsp;	at io.cucumber.core.runner.TestStep.run(TestStep.java:64)
<br>&nbsp;&nbsp;&nbsp;&nbsp;	at io.cucumber.core.runner.PickleStepTestStep.run(PickleStepTestStep.java:51)
<br>&nbsp;&nbsp;&nbsp;&nbsp;	at io.cucumber.core.runner.TestCase.run(TestCase.java:104)
<br>&nbsp;&nbsp;&nbsp;&nbsp;	at io.cucumber.core.runner.Runner.runPickle(Runner.java:73)
<br>&nbsp;&nbsp;&nbsp;&nbsp;	at io.cucumber.junit.PickleRunners$NoStepDescriptions.run(PickleRunners.java:151)
<br>&nbsp;&nbsp;&nbsp;&nbsp;	at io.cucumber.junit.FeatureRunner.runChild(FeatureRunner.java:135)
<br>&nbsp;&nbsp;&nbsp;&nbsp;	at io.cucumber.junit.FeatureRunner.runChild(FeatureRunner.java:27)
<br>&nbsp;&nbsp;&nbsp;&nbsp;	at org.junit.runners.ParentRunner$4.run(ParentRunner.java:331)
<br>&nbsp;&nbsp;&nbsp;&nbsp;	at org.junit.runners.ParentRunner$1.schedule(ParentRunner.java:79)
<br>&nbsp;&nbsp;&nbsp;&nbsp;	at org.junit.runners.ParentRunner.runChildren(ParentRunner.java:329)
<br>&nbsp;&nbsp;&nbsp;&nbsp;	at org.junit.runners.ParentRunner.access$100(ParentRunner.java:66)
<br>&nbsp;&nbsp;&nbsp;&nbsp;	at org.junit.runners.ParentRunner$2.evaluate(ParentRunner.java:293)
<br>&nbsp;&nbsp;&nbsp;&nbsp;	at org.junit.runners.ParentRunner$3.evaluate(ParentRunner.java:306)
<br>&nbsp;&nbsp;&nbsp;&nbsp;	at org.junit.runners.ParentRunner.run(ParentRunner.java:413)
<br>&nbsp;&nbsp;&nbsp;&nbsp;	at io.cucumber.junit.Cucumber.runChild(Cucumber.java:200)
<br>&nbsp;&nbsp;&nbsp;&nbsp;	at io.cucumber.junit.Cucumber.runChild(Cucumber.java:90)
<br>&nbsp;&nbsp;&nbsp;&nbsp;	at org.junit.runners.ParentRunner$4.run(ParentRunner.java:331)
<br>&nbsp;&nbsp;&nbsp;&nbsp;	at org.junit.runners.ParentRunner$1.schedule(ParentRunner.java:79)
<br>&nbsp;&nbsp;&nbsp;&nbsp;	at org.junit.runners.ParentRunner.runChildren(ParentRunner.java:329)
<br>&nbsp;&nbsp;&nbsp;&nbsp;	at org.junit.runners.ParentRunner.access$100(ParentRunner.java:66)
<br>&nbsp;&nbsp;&nbsp;&nbsp;	at org.junit.runners.ParentRunner$2.evaluate(ParentRunner.java:293)
<br>&nbsp;&nbsp;&nbsp;&nbsp;	at io.cucumber.junit.Cucumber$RunCucumber.evaluate(Cucumber.java:235)
<br>&nbsp;&nbsp;&nbsp;&nbsp;	at org.junit.runners.ParentRunner$3.evaluate(ParentRunner.java:306)
<br>&nbsp;&nbsp;&nbsp;&nbsp;	at org.junit.runners.ParentRunner.run(ParentRunner.java:413)
<br>&nbsp;&nbsp;&nbsp;&nbsp;	at org.apache.maven.surefire.junit4.JUnit4Provider.execute(JUnit4Provider.java:364)
<br>&nbsp;&nbsp;&nbsp;&nbsp;	at org.apache.maven.surefire.junit4.JUnit4Provider.executeWithRerun(JUnit4Provider.java:272)
<br>&nbsp;&nbsp;&nbsp;&nbsp;	at org.apache.maven.surefire.junit4.JUnit4Provider.executeTestSet(JUnit4Provider.java:237)
<br>&nbsp;&nbsp;&nbsp;&nbsp;	at org.apache.maven.surefire.junit4.JUnit4Provider.invoke(JUnit4Provider.java:158)
<br>&nbsp;&nbsp;&nbsp;&nbsp;	at org.apache.maven.surefire.booter.ForkedBooter.runSuitesInProcess(ForkedBooter.java:428)
<br>&nbsp;&nbsp;&nbsp;&nbsp;	at org.apache.maven.surefire.booter.ForkedBooter.execute(ForkedBooter.java:162)
<br>&nbsp;&nbsp;&nbsp;&nbsp;	at org.apache.maven.surefire.booter.ForkedBooter.run(ForkedBooter.java:562)
<br>&nbsp;&nbsp;&nbsp;&nbsp;	at org.apache.maven.surefire.booter.ForkedBooter.main(ForkedBooter.java:548)
</td></tr>

<tr>
<td>28348</td>
<td title="main thread">main</td>
<td title="Level">INFO</td>
<td title="library.SeleniumLibrary category">library.SeleniumLibrary</td>
<td>SeleniumLibrary.java:185</td>
<td title="Message">getCurrentTime() ---&gt; 20210323231658888</td>
</tr>

<tr>
<td>28984</td>
<td title="main thread">main</td>
<td title="Level">INFO</td>
<td title="library.SeleniumLibrary category">library.SeleniumLibrary</td>
<td>SeleniumLibrary.java:174</td>
<td title="Message">Screenshot location: /Users/siripornsingkhamsirikul/IdeaProjects/AutomationPracticeCucumber/target/screenshots/User purchase item_20210323231658888.png</td>
</tr>

<tr>
<td>40657</td>
<td title="main thread">main</td>
<td title="Level"><font color="#993300"><strong>ERROR</strong></font></td>
<td title="library.SeleniumLibrary category">library.SeleniumLibrary</td>
<td>SeleniumLibrary.java:30</td>
<td title="Message">Error: </td>
</tr>
<tr><td bgcolor="#993300" style="color:White; font-size : xx-small;" colspan="6">java.lang.IllegalArgumentException: Argument is of an illegal type: org.openqa.selenium.By$ById
<br>&nbsp;&nbsp;&nbsp;&nbsp;	at org.openqa.selenium.remote.internal.WebElementToJsonConverter.apply(WebElementToJsonConverter.java:85)
<br>&nbsp;&nbsp;&nbsp;&nbsp;	at java.base/java.util.stream.ReferencePipeline$3$1.accept(ReferencePipeline.java:195)
<br>&nbsp;&nbsp;&nbsp;&nbsp;	at java.base/java.util.Spliterators$ArraySpliterator.forEachRemaining(Spliterators.java:948)
<br>&nbsp;&nbsp;&nbsp;&nbsp;	at java.base/java.util.stream.AbstractPipeline.copyInto(AbstractPipeline.java:484)
<br>&nbsp;&nbsp;&nbsp;&nbsp;	at java.base/java.util.stream.AbstractPipeline.wrapAndCopyInto(AbstractPipeline.java:474)
<br>&nbsp;&nbsp;&nbsp;&nbsp;	at java.base/java.util.stream.ReduceOps$ReduceOp.evaluateSequential(ReduceOps.java:913)
<br>&nbsp;&nbsp;&nbsp;&nbsp;	at java.base/java.util.stream.AbstractPipeline.evaluate(AbstractPipeline.java:234)
<br>&nbsp;&nbsp;&nbsp;&nbsp;	at java.base/java.util.stream.ReferencePipeline.collect(ReferencePipeline.java:578)
<br>&nbsp;&nbsp;&nbsp;&nbsp;	at org.openqa.selenium.remote.RemoteWebDriver.executeScript(RemoteWebDriver.java:552)
<br>&nbsp;&nbsp;&nbsp;&nbsp;	at AutomationPracticeCucumber@1.0-SNAPSHOT/library.SeleniumLibrary.scrollToElement(SeleniumLibrary.java:28)
<br>&nbsp;&nbsp;&nbsp;&nbsp;	at AutomationPracticeCucumber@1.0-SNAPSHOT/pages.AddToCartPage.scrollToAddToCart(AddToCartPage.java:22)
<br>&nbsp;&nbsp;&nbsp;&nbsp;	at AutomationPracticeCucumber@1.0-SNAPSHOT/stepDefinitions.AddToCartSteps.user_click_on_add_to_cart_button(AddToCartSteps.java:26)
<br>&nbsp;&nbsp;&nbsp;&nbsp;	at java.base/jdk.internal.reflect.NativeMethodAccessorImpl.invoke0(Native Method)
<br>&nbsp;&nbsp;&nbsp;&nbsp;	at java.base/jdk.internal.reflect.NativeMethodAccessorImpl.invoke(NativeMethodAccessorImpl.java:64)
<br>&nbsp;&nbsp;&nbsp;&nbsp;	at java.base/jdk.internal.reflect.DelegatingMethodAccessorImpl.invoke(DelegatingMethodAccessorImpl.java:43)
<br>&nbsp;&nbsp;&nbsp;&nbsp;	at java.base/java.lang.reflect.Method.invoke(Method.java:564)
<br>&nbsp;&nbsp;&nbsp;&nbsp;	at io.cucumber.java.Invoker.doInvoke(Invoker.java:66)
<br>&nbsp;&nbsp;&nbsp;&nbsp;	at io.cucumber.java.Invoker.invoke(Invoker.java:24)
<br>&nbsp;&nbsp;&nbsp;&nbsp;	at io.cucumber.java.AbstractGlueDefinition.invokeMethod(AbstractGlueDefinition.java:47)
<br>&nbsp;&nbsp;&nbsp;&nbsp;	at io.cucumber.java.JavaStepDefinition.execute(JavaStepDefinition.java:29)
<br>&nbsp;&nbsp;&nbsp;&nbsp;	at io.cucumber.core.runner.CoreStepDefinition.execute(CoreStepDefinition.java:66)
<br>&nbsp;&nbsp;&nbsp;&nbsp;	at io.cucumber.core.runner.PickleStepDefinitionMatch.runStep(PickleStepDefinitionMatch.java:63)
<br>&nbsp;&nbsp;&nbsp;&nbsp;	at io.cucumber.core.runner.ExecutionMode$1.execute(ExecutionMode.java:10)
<br>&nbsp;&nbsp;&nbsp;&nbsp;	at io.cucumber.core.runner.TestStep.executeStep(TestStep.java:92)
<br>&nbsp;&nbsp;&nbsp;&nbsp;	at io.cucumber.core.runner.TestStep.run(TestStep.java:64)
<br>&nbsp;&nbsp;&nbsp;&nbsp;	at io.cucumber.core.runner.PickleStepTestStep.run(PickleStepTestStep.java:51)
<br>&nbsp;&nbsp;&nbsp;&nbsp;	at io.cucumber.core.runner.TestCase.run(TestCase.java:104)
<br>&nbsp;&nbsp;&nbsp;&nbsp;	at io.cucumber.core.runner.Runner.runPickle(Runner.java:73)
<br>&nbsp;&nbsp;&nbsp;&nbsp;	at io.cucumber.junit.PickleRunners$NoStepDescriptions.run(PickleRunners.java:151)
<br>&nbsp;&nbsp;&nbsp;&nbsp;	at io.cucumber.junit.FeatureRunner.runChild(FeatureRunner.java:135)
<br>&nbsp;&nbsp;&nbsp;&nbsp;	at io.cucumber.junit.FeatureRunner.runChild(FeatureRunner.java:27)
<br>&nbsp;&nbsp;&nbsp;&nbsp;	at org.junit.runners.ParentRunner$4.run(ParentRunner.java:331)
<br>&nbsp;&nbsp;&nbsp;&nbsp;	at org.junit.runners.ParentRunner$1.schedule(ParentRunner.java:79)
<br>&nbsp;&nbsp;&nbsp;&nbsp;	at org.junit.runners.ParentRunner.runChildren(ParentRunner.java:329)
<br>&nbsp;&nbsp;&nbsp;&nbsp;	at org.junit.runners.ParentRunner.access$100(ParentRunner.java:66)
<br>&nbsp;&nbsp;&nbsp;&nbsp;	at org.junit.runners.ParentRunner$2.evaluate(ParentRunner.java:293)
<br>&nbsp;&nbsp;&nbsp;&nbsp;	at org.junit.runners.ParentRunner$3.evaluate(ParentRunner.java:306)
<br>&nbsp;&nbsp;&nbsp;&nbsp;	at org.junit.runners.ParentRunner.run(ParentRunner.java:413)
<br>&nbsp;&nbsp;&nbsp;&nbsp;	at io.cucumber.junit.Cucumber.runChild(Cucumber.java:200)
<br>&nbsp;&nbsp;&nbsp;&nbsp;	at io.cucumber.junit.Cucumber.runChild(Cucumber.java:90)
<br>&nbsp;&nbsp;&nbsp;&nbsp;	at org.junit.runners.ParentRunner$4.run(ParentRunner.java:331)
<br>&nbsp;&nbsp;&nbsp;&nbsp;	at org.junit.runners.ParentRunner$1.schedule(ParentRunner.java:79)
<br>&nbsp;&nbsp;&nbsp;&nbsp;	at org.junit.runners.ParentRunner.runChildren(ParentRunner.java:329)
<br>&nbsp;&nbsp;&nbsp;&nbsp;	at org.junit.runners.ParentRunner.access$100(ParentRunner.java:66)
<br>&nbsp;&nbsp;&nbsp;&nbsp;	at org.junit.runners.ParentRunner$2.evaluate(ParentRunner.java:293)
<br>&nbsp;&nbsp;&nbsp;&nbsp;	at io.cucumber.junit.Cucumber$RunCucumber.evaluate(Cucumber.java:235)
<br>&nbsp;&nbsp;&nbsp;&nbsp;	at org.junit.runners.ParentRunner$3.evaluate(ParentRunner.java:306)
<br>&nbsp;&nbsp;&nbsp;&nbsp;	at org.junit.runners.ParentRunner.run(ParentRunner.java:413)
<br>&nbsp;&nbsp;&nbsp;&nbsp;	at org.apache.maven.surefire.junit4.JUnit4Provider.execute(JUnit4Provider.java:364)
<br>&nbsp;&nbsp;&nbsp;&nbsp;	at org.apache.maven.surefire.junit4.JUnit4Provider.executeWithRerun(JUnit4Provider.java:272)
<br>&nbsp;&nbsp;&nbsp;&nbsp;	at org.apache.maven.surefire.junit4.JUnit4Provider.executeTestSet(JUnit4Provider.java:237)
<br>&nbsp;&nbsp;&nbsp;&nbsp;	at org.apache.maven.surefire.junit4.JUnit4Provider.invoke(JUnit4Provider.java:158)
<br>&nbsp;&nbsp;&nbsp;&nbsp;	at org.apache.maven.surefire.booter.ForkedBooter.runSuitesInProcess(ForkedBooter.java:428)
<br>&nbsp;&nbsp;&nbsp;&nbsp;	at org.apache.maven.surefire.booter.ForkedBooter.execute(ForkedBooter.java:162)
<br>&nbsp;&nbsp;&nbsp;&nbsp;	at org.apache.maven.surefire.booter.ForkedBooter.run(ForkedBooter.java:562)
<br>&nbsp;&nbsp;&nbsp;&nbsp;	at org.apache.maven.surefire.booter.ForkedBooter.main(ForkedBooter.java:548)
</td></tr>

<tr>
<td>40659</td>
<td title="main thread">main</td>
<td title="Level">INFO</td>
<td title="library.SeleniumLibrary category">library.SeleniumLibrary</td>
<td>SeleniumLibrary.java:185</td>
<td title="Message">getCurrentTime() ---&gt; 20210323231711199</td>
</tr>

<tr>
<td>41340</td>
<td title="main thread">main</td>
<td title="Level">INFO</td>
<td title="library.SeleniumLibrary category">library.SeleniumLibrary</td>
<td>SeleniumLibrary.java:174</td>
<td title="Message">Screenshot location: /Users/siripornsingkhamsirikul/IdeaProjects/AutomationPracticeCucumber/target/screenshots/User purchase item_20210323231711199.png</td>
</tr>

<tr>
<td>50987</td>
<td title="main thread">main</td>
<td title="Level"><font color="#993300"><strong>ERROR</strong></font></td>
<td title="library.SeleniumLibrary category">library.SeleniumLibrary</td>
<td>SeleniumLibrary.java:30</td>
<td title="Message">Error: </td>
</tr>
<tr><td bgcolor="#993300" style="color:White; font-size : xx-small;" colspan="6">java.lang.IllegalArgumentException: Argument is of an illegal type: org.openqa.selenium.By$ById
<br>&nbsp;&nbsp;&nbsp;&nbsp;	at org.openqa.selenium.remote.internal.WebElementToJsonConverter.apply(WebElementToJsonConverter.java:85)
<br>&nbsp;&nbsp;&nbsp;&nbsp;	at java.base/java.util.stream.ReferencePipeline$3$1.accept(ReferencePipeline.java:195)
<br>&nbsp;&nbsp;&nbsp;&nbsp;	at java.base/java.util.Spliterators$ArraySpliterator.forEachRemaining(Spliterators.java:948)
<br>&nbsp;&nbsp;&nbsp;&nbsp;	at java.base/java.util.stream.AbstractPipeline.copyInto(AbstractPipeline.java:484)
<br>&nbsp;&nbsp;&nbsp;&nbsp;	at java.base/java.util.stream.AbstractPipeline.wrapAndCopyInto(AbstractPipeline.java:474)
<br>&nbsp;&nbsp;&nbsp;&nbsp;	at java.base/java.util.stream.ReduceOps$ReduceOp.evaluateSequential(ReduceOps.java:913)
<br>&nbsp;&nbsp;&nbsp;&nbsp;	at java.base/java.util.stream.AbstractPipeline.evaluate(AbstractPipeline.java:234)
<br>&nbsp;&nbsp;&nbsp;&nbsp;	at java.base/java.util.stream.ReferencePipeline.collect(ReferencePipeline.java:578)
<br>&nbsp;&nbsp;&nbsp;&nbsp;	at org.openqa.selenium.remote.RemoteWebDriver.executeScript(RemoteWebDriver.java:552)
<br>&nbsp;&nbsp;&nbsp;&nbsp;	at AutomationPracticeCucumber@1.0-SNAPSHOT/library.SeleniumLibrary.scrollToElement(SeleniumLibrary.java:28)
<br>&nbsp;&nbsp;&nbsp;&nbsp;	at AutomationPracticeCucumber@1.0-SNAPSHOT/pages.AddToCartPage.scrollToAddToCart(AddToCartPage.java:22)
<br>&nbsp;&nbsp;&nbsp;&nbsp;	at AutomationPracticeCucumber@1.0-SNAPSHOT/stepDefinitions.AddToCartSteps.user_click_on_add_to_cart_button(AddToCartSteps.java:26)
<br>&nbsp;&nbsp;&nbsp;&nbsp;	at java.base/jdk.internal.reflect.NativeMethodAccessorImpl.invoke0(Native Method)
<br>&nbsp;&nbsp;&nbsp;&nbsp;	at java.base/jdk.internal.reflect.NativeMethodAccessorImpl.invoke(NativeMethodAccessorImpl.java:64)
<br>&nbsp;&nbsp;&nbsp;&nbsp;	at java.base/jdk.internal.reflect.DelegatingMethodAccessorImpl.invoke(DelegatingMethodAccessorImpl.java:43)
<br>&nbsp;&nbsp;&nbsp;&nbsp;	at java.base/java.lang.reflect.Method.invoke(Method.java:564)
<br>&nbsp;&nbsp;&nbsp;&nbsp;	at io.cucumber.java.Invoker.doInvoke(Invoker.java:66)
<br>&nbsp;&nbsp;&nbsp;&nbsp;	at io.cucumber.java.Invoker.invoke(Invoker.java:24)
<br>&nbsp;&nbsp;&nbsp;&nbsp;	at io.cucumber.java.AbstractGlueDefinition.invokeMethod(AbstractGlueDefinition.java:47)
<br>&nbsp;&nbsp;&nbsp;&nbsp;	at io.cucumber.java.JavaStepDefinition.execute(JavaStepDefinition.java:29)
<br>&nbsp;&nbsp;&nbsp;&nbsp;	at io.cucumber.core.runner.CoreStepDefinition.execute(CoreStepDefinition.java:66)
<br>&nbsp;&nbsp;&nbsp;&nbsp;	at io.cucumber.core.runner.PickleStepDefinitionMatch.runStep(PickleStepDefinitionMatch.java:63)
<br>&nbsp;&nbsp;&nbsp;&nbsp;	at io.cucumber.core.runner.ExecutionMode$1.execute(ExecutionMode.java:10)
<br>&nbsp;&nbsp;&nbsp;&nbsp;	at io.cucumber.core.runner.TestStep.executeStep(TestStep.java:92)
<br>&nbsp;&nbsp;&nbsp;&nbsp;	at io.cucumber.core.runner.TestStep.run(TestStep.java:64)
<br>&nbsp;&nbsp;&nbsp;&nbsp;	at io.cucumber.core.runner.PickleStepTestStep.run(PickleStepTestStep.java:51)
<br>&nbsp;&nbsp;&nbsp;&nbsp;	at io.cucumber.core.runner.TestCase.run(TestCase.java:104)
<br>&nbsp;&nbsp;&nbsp;&nbsp;	at io.cucumber.core.runner.Runner.runPickle(Runner.java:73)
<br>&nbsp;&nbsp;&nbsp;&nbsp;	at io.cucumber.junit.PickleRunners$NoStepDescriptions.run(PickleRunners.java:151)
<br>&nbsp;&nbsp;&nbsp;&nbsp;	at io.cucumber.junit.FeatureRunner.runChild(FeatureRunner.java:135)
<br>&nbsp;&nbsp;&nbsp;&nbsp;	at io.cucumber.junit.FeatureRunner.runChild(FeatureRunner.java:27)
<br>&nbsp;&nbsp;&nbsp;&nbsp;	at org.junit.runners.ParentRunner$4.run(ParentRunner.java:331)
<br>&nbsp;&nbsp;&nbsp;&nbsp;	at org.junit.runners.ParentRunner$1.schedule(ParentRunner.java:79)
<br>&nbsp;&nbsp;&nbsp;&nbsp;	at org.junit.runners.ParentRunner.runChildren(ParentRunner.java:329)
<br>&nbsp;&nbsp;&nbsp;&nbsp;	at org.junit.runners.ParentRunner.access$100(ParentRunner.java:66)
<br>&nbsp;&nbsp;&nbsp;&nbsp;	at org.junit.runners.ParentRunner$2.evaluate(ParentRunner.java:293)
<br>&nbsp;&nbsp;&nbsp;&nbsp;	at org.junit.runners.ParentRunner$3.evaluate(ParentRunner.java:306)
<br>&nbsp;&nbsp;&nbsp;&nbsp;	at org.junit.runners.ParentRunner.run(ParentRunner.java:413)
<br>&nbsp;&nbsp;&nbsp;&nbsp;	at io.cucumber.junit.Cucumber.runChild(Cucumber.java:200)
<br>&nbsp;&nbsp;&nbsp;&nbsp;	at io.cucumber.junit.Cucumber.runChild(Cucumber.java:90)
<br>&nbsp;&nbsp;&nbsp;&nbsp;	at org.junit.runners.ParentRunner$4.run(ParentRunner.java:331)
<br>&nbsp;&nbsp;&nbsp;&nbsp;	at org.junit.runners.ParentRunner$1.schedule(ParentRunner.java:79)
<br>&nbsp;&nbsp;&nbsp;&nbsp;	at org.junit.runners.ParentRunner.runChildren(ParentRunner.java:329)
<br>&nbsp;&nbsp;&nbsp;&nbsp;	at org.junit.runners.ParentRunner.access$100(ParentRunner.java:66)
<br>&nbsp;&nbsp;&nbsp;&nbsp;	at org.junit.runners.ParentRunner$2.evaluate(ParentRunner.java:293)
<br>&nbsp;&nbsp;&nbsp;&nbsp;	at io.cucumber.junit.Cucumber$RunCucumber.evaluate(Cucumber.java:235)
<br>&nbsp;&nbsp;&nbsp;&nbsp;	at org.junit.runners.ParentRunner$3.evaluate(ParentRunner.java:306)
<br>&nbsp;&nbsp;&nbsp;&nbsp;	at org.junit.runners.ParentRunner.run(ParentRunner.java:413)
<br>&nbsp;&nbsp;&nbsp;&nbsp;	at org.apache.maven.surefire.junit4.JUnit4Provider.execute(JUnit4Provider.java:364)
<br>&nbsp;&nbsp;&nbsp;&nbsp;	at org.apache.maven.surefire.junit4.JUnit4Provider.executeWithRerun(JUnit4Provider.java:272)
<br>&nbsp;&nbsp;&nbsp;&nbsp;	at org.apache.maven.surefire.junit4.JUnit4Provider.executeTestSet(JUnit4Provider.java:237)
<br>&nbsp;&nbsp;&nbsp;&nbsp;	at org.apache.maven.surefire.junit4.JUnit4Provider.invoke(JUnit4Provider.java:158)
<br>&nbsp;&nbsp;&nbsp;&nbsp;	at org.apache.maven.surefire.booter.ForkedBooter.runSuitesInProcess(ForkedBooter.java:428)
<br>&nbsp;&nbsp;&nbsp;&nbsp;	at org.apache.maven.surefire.booter.ForkedBooter.execute(ForkedBooter.java:162)
<br>&nbsp;&nbsp;&nbsp;&nbsp;	at org.apache.maven.surefire.booter.ForkedBooter.run(ForkedBooter.java:562)
<br>&nbsp;&nbsp;&nbsp;&nbsp;	at org.apache.maven.surefire.booter.ForkedBooter.main(ForkedBooter.java:548)
</td></tr>

<tr>
<td>50988</td>
<td title="main thread">main</td>
<td title="Level">INFO</td>
<td title="library.SeleniumLibrary category">library.SeleniumLibrary</td>
<td>SeleniumLibrary.java:185</td>
<td title="Message">getCurrentTime() ---&gt; 20210323231721528</td>
</tr>

<tr>
<td>51631</td>
<td title="main thread">main</td>
<td title="Level">INFO</td>
<td title="library.SeleniumLibrary category">library.SeleniumLibrary</td>
<td>SeleniumLibrary.java:174</td>
<td title="Message">Screenshot location: /Users/siripornsingkhamsirikul/IdeaProjects/AutomationPracticeCucumber/target/screenshots/User purchase item_20210323231721528.png</td>
</tr>

<tr>
<td>61403</td>
<td title="main thread">main</td>
<td title="Level"><font color="#993300"><strong>ERROR</strong></font></td>
<td title="library.SeleniumLibrary category">library.SeleniumLibrary</td>
<td>SeleniumLibrary.java:30</td>
<td title="Message">Error: </td>
</tr>
<tr><td bgcolor="#993300" style="color:White; font-size : xx-small;" colspan="6">java.lang.IllegalArgumentException: Argument is of an illegal type: org.openqa.selenium.By$ById
<br>&nbsp;&nbsp;&nbsp;&nbsp;	at org.openqa.selenium.remote.internal.WebElementToJsonConverter.apply(WebElementToJsonConverter.java:85)
<br>&nbsp;&nbsp;&nbsp;&nbsp;	at java.base/java.util.stream.ReferencePipeline$3$1.accept(ReferencePipeline.java:195)
<br>&nbsp;&nbsp;&nbsp;&nbsp;	at java.base/java.util.Spliterators$ArraySpliterator.forEachRemaining(Spliterators.java:948)
<br>&nbsp;&nbsp;&nbsp;&nbsp;	at java.base/java.util.stream.AbstractPipeline.copyInto(AbstractPipeline.java:484)
<br>&nbsp;&nbsp;&nbsp;&nbsp;	at java.base/java.util.stream.AbstractPipeline.wrapAndCopyInto(AbstractPipeline.java:474)
<br>&nbsp;&nbsp;&nbsp;&nbsp;	at java.base/java.util.stream.ReduceOps$ReduceOp.evaluateSequential(ReduceOps.java:913)
<br>&nbsp;&nbsp;&nbsp;&nbsp;	at java.base/java.util.stream.AbstractPipeline.evaluate(AbstractPipeline.java:234)
<br>&nbsp;&nbsp;&nbsp;&nbsp;	at java.base/java.util.stream.ReferencePipeline.collect(ReferencePipeline.java:578)
<br>&nbsp;&nbsp;&nbsp;&nbsp;	at org.openqa.selenium.remote.RemoteWebDriver.executeScript(RemoteWebDriver.java:552)
<br>&nbsp;&nbsp;&nbsp;&nbsp;	at AutomationPracticeCucumber@1.0-SNAPSHOT/library.SeleniumLibrary.scrollToElement(SeleniumLibrary.java:28)
<br>&nbsp;&nbsp;&nbsp;&nbsp;	at AutomationPracticeCucumber@1.0-SNAPSHOT/pages.AddToCartPage.scrollToAddToCart(AddToCartPage.java:22)
<br>&nbsp;&nbsp;&nbsp;&nbsp;	at AutomationPracticeCucumber@1.0-SNAPSHOT/stepDefinitions.AddToCartSteps.user_click_on_add_to_cart_button(AddToCartSteps.java:26)
<br>&nbsp;&nbsp;&nbsp;&nbsp;	at java.base/jdk.internal.reflect.NativeMethodAccessorImpl.invoke0(Native Method)
<br>&nbsp;&nbsp;&nbsp;&nbsp;	at java.base/jdk.internal.reflect.NativeMethodAccessorImpl.invoke(NativeMethodAccessorImpl.java:64)
<br>&nbsp;&nbsp;&nbsp;&nbsp;	at java.base/jdk.internal.reflect.DelegatingMethodAccessorImpl.invoke(DelegatingMethodAccessorImpl.java:43)
<br>&nbsp;&nbsp;&nbsp;&nbsp;	at java.base/java.lang.reflect.Method.invoke(Method.java:564)
<br>&nbsp;&nbsp;&nbsp;&nbsp;	at io.cucumber.java.Invoker.doInvoke(Invoker.java:66)
<br>&nbsp;&nbsp;&nbsp;&nbsp;	at io.cucumber.java.Invoker.invoke(Invoker.java:24)
<br>&nbsp;&nbsp;&nbsp;&nbsp;	at io.cucumber.java.AbstractGlueDefinition.invokeMethod(AbstractGlueDefinition.java:47)
<br>&nbsp;&nbsp;&nbsp;&nbsp;	at io.cucumber.java.JavaStepDefinition.execute(JavaStepDefinition.java:29)
<br>&nbsp;&nbsp;&nbsp;&nbsp;	at io.cucumber.core.runner.CoreStepDefinition.execute(CoreStepDefinition.java:66)
<br>&nbsp;&nbsp;&nbsp;&nbsp;	at io.cucumber.core.runner.PickleStepDefinitionMatch.runStep(PickleStepDefinitionMatch.java:63)
<br>&nbsp;&nbsp;&nbsp;&nbsp;	at io.cucumber.core.runner.ExecutionMode$1.execute(ExecutionMode.java:10)
<br>&nbsp;&nbsp;&nbsp;&nbsp;	at io.cucumber.core.runner.TestStep.executeStep(TestStep.java:92)
<br>&nbsp;&nbsp;&nbsp;&nbsp;	at io.cucumber.core.runner.TestStep.run(TestStep.java:64)
<br>&nbsp;&nbsp;&nbsp;&nbsp;	at io.cucumber.core.runner.PickleStepTestStep.run(PickleStepTestStep.java:51)
<br>&nbsp;&nbsp;&nbsp;&nbsp;	at io.cucumber.core.runner.TestCase.run(TestCase.java:104)
<br>&nbsp;&nbsp;&nbsp;&nbsp;	at io.cucumber.core.runner.Runner.runPickle(Runner.java:73)
<br>&nbsp;&nbsp;&nbsp;&nbsp;	at io.cucumber.junit.PickleRunners$NoStepDescriptions.run(PickleRunners.java:151)
<br>&nbsp;&nbsp;&nbsp;&nbsp;	at io.cucumber.junit.FeatureRunner.runChild(FeatureRunner.java:135)
<br>&nbsp;&nbsp;&nbsp;&nbsp;	at io.cucumber.junit.FeatureRunner.runChild(FeatureRunner.java:27)
<br>&nbsp;&nbsp;&nbsp;&nbsp;	at org.junit.runners.ParentRunner$4.run(ParentRunner.java:331)
<br>&nbsp;&nbsp;&nbsp;&nbsp;	at org.junit.runners.ParentRunner$1.schedule(ParentRunner.java:79)
<br>&nbsp;&nbsp;&nbsp;&nbsp;	at org.junit.runners.ParentRunner.runChildren(ParentRunner.java:329)
<br>&nbsp;&nbsp;&nbsp;&nbsp;	at org.junit.runners.ParentRunner.access$100(ParentRunner.java:66)
<br>&nbsp;&nbsp;&nbsp;&nbsp;	at org.junit.runners.ParentRunner$2.evaluate(ParentRunner.java:293)
<br>&nbsp;&nbsp;&nbsp;&nbsp;	at org.junit.runners.ParentRunner$3.evaluate(ParentRunner.java:306)
<br>&nbsp;&nbsp;&nbsp;&nbsp;	at org.junit.runners.ParentRunner.run(ParentRunner.java:413)
<br>&nbsp;&nbsp;&nbsp;&nbsp;	at io.cucumber.junit.Cucumber.runChild(Cucumber.java:200)
<br>&nbsp;&nbsp;&nbsp;&nbsp;	at io.cucumber.junit.Cucumber.runChild(Cucumber.java:90)
<br>&nbsp;&nbsp;&nbsp;&nbsp;	at org.junit.runners.ParentRunner$4.run(ParentRunner.java:331)
<br>&nbsp;&nbsp;&nbsp;&nbsp;	at org.junit.runners.ParentRunner$1.schedule(ParentRunner.java:79)
<br>&nbsp;&nbsp;&nbsp;&nbsp;	at org.junit.runners.ParentRunner.runChildren(ParentRunner.java:329)
<br>&nbsp;&nbsp;&nbsp;&nbsp;	at org.junit.runners.ParentRunner.access$100(ParentRunner.java:66)
<br>&nbsp;&nbsp;&nbsp;&nbsp;	at org.junit.runners.ParentRunner$2.evaluate(ParentRunner.java:293)
<br>&nbsp;&nbsp;&nbsp;&nbsp;	at io.cucumber.junit.Cucumber$RunCucumber.evaluate(Cucumber.java:235)
<br>&nbsp;&nbsp;&nbsp;&nbsp;	at org.junit.runners.ParentRunner$3.evaluate(ParentRunner.java:306)
<br>&nbsp;&nbsp;&nbsp;&nbsp;	at org.junit.runners.ParentRunner.run(ParentRunner.java:413)
<br>&nbsp;&nbsp;&nbsp;&nbsp;	at org.apache.maven.surefire.junit4.JUnit4Provider.execute(JUnit4Provider.java:364)
<br>&nbsp;&nbsp;&nbsp;&nbsp;	at org.apache.maven.surefire.junit4.JUnit4Provider.executeWithRerun(JUnit4Provider.java:272)
<br>&nbsp;&nbsp;&nbsp;&nbsp;	at org.apache.maven.surefire.junit4.JUnit4Provider.executeTestSet(JUnit4Provider.java:237)
<br>&nbsp;&nbsp;&nbsp;&nbsp;	at org.apache.maven.surefire.junit4.JUnit4Provider.invoke(JUnit4Provider.java:158)
<br>&nbsp;&nbsp;&nbsp;&nbsp;	at org.apache.maven.surefire.booter.ForkedBooter.runSuitesInProcess(ForkedBooter.java:428)
<br>&nbsp;&nbsp;&nbsp;&nbsp;	at org.apache.maven.surefire.booter.ForkedBooter.execute(ForkedBooter.java:162)
<br>&nbsp;&nbsp;&nbsp;&nbsp;	at org.apache.maven.surefire.booter.ForkedBooter.run(ForkedBooter.java:562)
<br>&nbsp;&nbsp;&nbsp;&nbsp;	at org.apache.maven.surefire.booter.ForkedBooter.main(ForkedBooter.java:548)
</td></tr>

<tr>
<td>61405</td>
<td title="main thread">main</td>
<td title="Level">INFO</td>
<td title="library.SeleniumLibrary category">library.SeleniumLibrary</td>
<td>SeleniumLibrary.java:185</td>
<td title="Message">getCurrentTime() ---&gt; 20210323231731945</td>
</tr>

<tr>
<td>62030</td>
<td title="main thread">main</td>
<td title="Level">INFO</td>
<td title="library.SeleniumLibrary category">library.SeleniumLibrary</td>
<td>SeleniumLibrary.java:174</td>
<td title="Message">Screenshot location: /Users/siripornsingkhamsirikul/IdeaProjects/AutomationPracticeCucumber/target/screenshots/User purchase item_20210323231731945.png</td>
</tr>

<tr>
<td>71635</td>
<td title="main thread">main</td>
<td title="Level"><font color="#993300"><strong>ERROR</strong></font></td>
<td title="library.SeleniumLibrary category">library.SeleniumLibrary</td>
<td>SeleniumLibrary.java:30</td>
<td title="Message">Error: </td>
</tr>
<tr><td bgcolor="#993300" style="color:White; font-size : xx-small;" colspan="6">java.lang.IllegalArgumentException: Argument is of an illegal type: org.openqa.selenium.By$ById
<br>&nbsp;&nbsp;&nbsp;&nbsp;	at org.openqa.selenium.remote.internal.WebElementToJsonConverter.apply(WebElementToJsonConverter.java:85)
<br>&nbsp;&nbsp;&nbsp;&nbsp;	at java.base/java.util.stream.ReferencePipeline$3$1.accept(ReferencePipeline.java:195)
<br>&nbsp;&nbsp;&nbsp;&nbsp;	at java.base/java.util.Spliterators$ArraySpliterator.forEachRemaining(Spliterators.java:948)
<br>&nbsp;&nbsp;&nbsp;&nbsp;	at java.base/java.util.stream.AbstractPipeline.copyInto(AbstractPipeline.java:484)
<br>&nbsp;&nbsp;&nbsp;&nbsp;	at java.base/java.util.stream.AbstractPipeline.wrapAndCopyInto(AbstractPipeline.java:474)
<br>&nbsp;&nbsp;&nbsp;&nbsp;	at java.base/java.util.stream.ReduceOps$ReduceOp.evaluateSequential(ReduceOps.java:913)
<br>&nbsp;&nbsp;&nbsp;&nbsp;	at java.base/java.util.stream.AbstractPipeline.evaluate(AbstractPipeline.java:234)
<br>&nbsp;&nbsp;&nbsp;&nbsp;	at java.base/java.util.stream.ReferencePipeline.collect(ReferencePipeline.java:578)
<br>&nbsp;&nbsp;&nbsp;&nbsp;	at org.openqa.selenium.remote.RemoteWebDriver.executeScript(RemoteWebDriver.java:552)
<br>&nbsp;&nbsp;&nbsp;&nbsp;	at AutomationPracticeCucumber@1.0-SNAPSHOT/library.SeleniumLibrary.scrollToElement(SeleniumLibrary.java:28)
<br>&nbsp;&nbsp;&nbsp;&nbsp;	at AutomationPracticeCucumber@1.0-SNAPSHOT/pages.AddToCartPage.scrollToAddToCart(AddToCartPage.java:22)
<br>&nbsp;&nbsp;&nbsp;&nbsp;	at AutomationPracticeCucumber@1.0-SNAPSHOT/stepDefinitions.AddToCartSteps.user_click_on_add_to_cart_button(AddToCartSteps.java:26)
<br>&nbsp;&nbsp;&nbsp;&nbsp;	at java.base/jdk.internal.reflect.NativeMethodAccessorImpl.invoke0(Native Method)
<br>&nbsp;&nbsp;&nbsp;&nbsp;	at java.base/jdk.internal.reflect.NativeMethodAccessorImpl.invoke(NativeMethodAccessorImpl.java:64)
<br>&nbsp;&nbsp;&nbsp;&nbsp;	at java.base/jdk.internal.reflect.DelegatingMethodAccessorImpl.invoke(DelegatingMethodAccessorImpl.java:43)
<br>&nbsp;&nbsp;&nbsp;&nbsp;	at java.base/java.lang.reflect.Method.invoke(Method.java:564)
<br>&nbsp;&nbsp;&nbsp;&nbsp;	at io.cucumber.java.Invoker.doInvoke(Invoker.java:66)
<br>&nbsp;&nbsp;&nbsp;&nbsp;	at io.cucumber.java.Invoker.invoke(Invoker.java:24)
<br>&nbsp;&nbsp;&nbsp;&nbsp;	at io.cucumber.java.AbstractGlueDefinition.invokeMethod(AbstractGlueDefinition.java:47)
<br>&nbsp;&nbsp;&nbsp;&nbsp;	at io.cucumber.java.JavaStepDefinition.execute(JavaStepDefinition.java:29)
<br>&nbsp;&nbsp;&nbsp;&nbsp;	at io.cucumber.core.runner.CoreStepDefinition.execute(CoreStepDefinition.java:66)
<br>&nbsp;&nbsp;&nbsp;&nbsp;	at io.cucumber.core.runner.PickleStepDefinitionMatch.runStep(PickleStepDefinitionMatch.java:63)
<br>&nbsp;&nbsp;&nbsp;&nbsp;	at io.cucumber.core.runner.ExecutionMode$1.execute(ExecutionMode.java:10)
<br>&nbsp;&nbsp;&nbsp;&nbsp;	at io.cucumber.core.runner.TestStep.executeStep(TestStep.java:92)
<br>&nbsp;&nbsp;&nbsp;&nbsp;	at io.cucumber.core.runner.TestStep.run(TestStep.java:64)
<br>&nbsp;&nbsp;&nbsp;&nbsp;	at io.cucumber.core.runner.PickleStepTestStep.run(PickleStepTestStep.java:51)
<br>&nbsp;&nbsp;&nbsp;&nbsp;	at io.cucumber.core.runner.TestCase.run(TestCase.java:104)
<br>&nbsp;&nbsp;&nbsp;&nbsp;	at io.cucumber.core.runner.Runner.runPickle(Runner.java:73)
<br>&nbsp;&nbsp;&nbsp;&nbsp;	at io.cucumber.junit.PickleRunners$NoStepDescriptions.run(PickleRunners.java:151)
<br>&nbsp;&nbsp;&nbsp;&nbsp;	at io.cucumber.junit.FeatureRunner.runChild(FeatureRunner.java:135)
<br>&nbsp;&nbsp;&nbsp;&nbsp;	at io.cucumber.junit.FeatureRunner.runChild(FeatureRunner.java:27)
<br>&nbsp;&nbsp;&nbsp;&nbsp;	at org.junit.runners.ParentRunner$4.run(ParentRunner.java:331)
<br>&nbsp;&nbsp;&nbsp;&nbsp;	at org.junit.runners.ParentRunner$1.schedule(ParentRunner.java:79)
<br>&nbsp;&nbsp;&nbsp;&nbsp;	at org.junit.runners.ParentRunner.runChildren(ParentRunner.java:329)
<br>&nbsp;&nbsp;&nbsp;&nbsp;	at org.junit.runners.ParentRunner.access$100(ParentRunner.java:66)
<br>&nbsp;&nbsp;&nbsp;&nbsp;	at org.junit.runners.ParentRunner$2.evaluate(ParentRunner.java:293)
<br>&nbsp;&nbsp;&nbsp;&nbsp;	at org.junit.runners.ParentRunner$3.evaluate(ParentRunner.java:306)
<br>&nbsp;&nbsp;&nbsp;&nbsp;	at org.junit.runners.ParentRunner.run(ParentRunner.java:413)
<br>&nbsp;&nbsp;&nbsp;&nbsp;	at io.cucumber.junit.Cucumber.runChild(Cucumber.java:200)
<br>&nbsp;&nbsp;&nbsp;&nbsp;	at io.cucumber.junit.Cucumber.runChild(Cucumber.java:90)
<br>&nbsp;&nbsp;&nbsp;&nbsp;	at org.junit.runners.ParentRunner$4.run(ParentRunner.java:331)
<br>&nbsp;&nbsp;&nbsp;&nbsp;	at org.junit.runners.ParentRunner$1.schedule(ParentRunner.java:79)
<br>&nbsp;&nbsp;&nbsp;&nbsp;	at org.junit.runners.ParentRunner.runChildren(ParentRunner.java:329)
<br>&nbsp;&nbsp;&nbsp;&nbsp;	at org.junit.runners.ParentRunner.access$100(ParentRunner.java:66)
<br>&nbsp;&nbsp;&nbsp;&nbsp;	at org.junit.runners.ParentRunner$2.evaluate(ParentRunner.java:293)
<br>&nbsp;&nbsp;&nbsp;&nbsp;	at io.cucumber.junit.Cucumber$RunCucumber.evaluate(Cucumber.java:235)
<br>&nbsp;&nbsp;&nbsp;&nbsp;	at org.junit.runners.ParentRunner$3.evaluate(ParentRunner.java:306)
<br>&nbsp;&nbsp;&nbsp;&nbsp;	at org.junit.runners.ParentRunner.run(ParentRunner.java:413)
<br>&nbsp;&nbsp;&nbsp;&nbsp;	at org.apache.maven.surefire.junit4.JUnit4Provider.execute(JUnit4Provider.java:364)
<br>&nbsp;&nbsp;&nbsp;&nbsp;	at org.apache.maven.surefire.junit4.JUnit4Provider.executeWithRerun(JUnit4Provider.java:272)
<br>&nbsp;&nbsp;&nbsp;&nbsp;	at org.apache.maven.surefire.junit4.JUnit4Provider.executeTestSet(JUnit4Provider.java:237)
<br>&nbsp;&nbsp;&nbsp;&nbsp;	at org.apache.maven.surefire.junit4.JUnit4Provider.invoke(JUnit4Provider.java:158)
<br>&nbsp;&nbsp;&nbsp;&nbsp;	at org.apache.maven.surefire.booter.ForkedBooter.runSuitesInProcess(ForkedBooter.java:428)
<br>&nbsp;&nbsp;&nbsp;&nbsp;	at org.apache.maven.surefire.booter.ForkedBooter.execute(ForkedBooter.java:162)
<br>&nbsp;&nbsp;&nbsp;&nbsp;	at org.apache.maven.surefire.booter.ForkedBooter.run(ForkedBooter.java:562)
<br>&nbsp;&nbsp;&nbsp;&nbsp;	at org.apache.maven.surefire.booter.ForkedBooter.main(ForkedBooter.java:548)
</td></tr>

<tr>
<td>71636</td>
<td title="main thread">main</td>
<td title="Level">INFO</td>
<td title="library.SeleniumLibrary category">library.SeleniumLibrary</td>
<td>SeleniumLibrary.java:185</td>
<td title="Message">getCurrentTime() ---&gt; 20210323231742176</td>
</tr>

<tr>
<td>72263</td>
<td title="main thread">main</td>
<td title="Level">INFO</td>
<td title="library.SeleniumLibrary category">library.SeleniumLibrary</td>
<td>SeleniumLibrary.java:174</td>
<td title="Message">Screenshot location: /Users/siripornsingkhamsirikul/IdeaProjects/AutomationPracticeCucumber/target/screenshots/User purchase item_20210323231742176.png</td>
</tr>

<tr>
<td>81996</td>
<td title="main thread">main</td>
<td title="Level"><font color="#993300"><strong>ERROR</strong></font></td>
<td title="library.SeleniumLibrary category">library.SeleniumLibrary</td>
<td>SeleniumLibrary.java:30</td>
<td title="Message">Error: </td>
</tr>
<tr><td bgcolor="#993300" style="color:White; font-size : xx-small;" colspan="6">java.lang.IllegalArgumentException: Argument is of an illegal type: org.openqa.selenium.By$ById
<br>&nbsp;&nbsp;&nbsp;&nbsp;	at org.openqa.selenium.remote.internal.WebElementToJsonConverter.apply(WebElementToJsonConverter.java:85)
<br>&nbsp;&nbsp;&nbsp;&nbsp;	at java.base/java.util.stream.ReferencePipeline$3$1.accept(ReferencePipeline.java:195)
<br>&nbsp;&nbsp;&nbsp;&nbsp;	at java.base/java.util.Spliterators$ArraySpliterator.forEachRemaining(Spliterators.java:948)
<br>&nbsp;&nbsp;&nbsp;&nbsp;	at java.base/java.util.stream.AbstractPipeline.copyInto(AbstractPipeline.java:484)
<br>&nbsp;&nbsp;&nbsp;&nbsp;	at java.base/java.util.stream.AbstractPipeline.wrapAndCopyInto(AbstractPipeline.java:474)
<br>&nbsp;&nbsp;&nbsp;&nbsp;	at java.base/java.util.stream.ReduceOps$ReduceOp.evaluateSequential(ReduceOps.java:913)
<br>&nbsp;&nbsp;&nbsp;&nbsp;	at java.base/java.util.stream.AbstractPipeline.evaluate(AbstractPipeline.java:234)
<br>&nbsp;&nbsp;&nbsp;&nbsp;	at java.base/java.util.stream.ReferencePipeline.collect(ReferencePipeline.java:578)
<br>&nbsp;&nbsp;&nbsp;&nbsp;	at org.openqa.selenium.remote.RemoteWebDriver.executeScript(RemoteWebDriver.java:552)
<br>&nbsp;&nbsp;&nbsp;&nbsp;	at AutomationPracticeCucumber@1.0-SNAPSHOT/library.SeleniumLibrary.scrollToElement(SeleniumLibrary.java:28)
<br>&nbsp;&nbsp;&nbsp;&nbsp;	at AutomationPracticeCucumber@1.0-SNAPSHOT/pages.AddToCartPage.scrollToAddToCart(AddToCartPage.java:22)
<br>&nbsp;&nbsp;&nbsp;&nbsp;	at AutomationPracticeCucumber@1.0-SNAPSHOT/stepDefinitions.AddToCartSteps.user_click_on_add_to_cart_button(AddToCartSteps.java:26)
<br>&nbsp;&nbsp;&nbsp;&nbsp;	at java.base/jdk.internal.reflect.NativeMethodAccessorImpl.invoke0(Native Method)
<br>&nbsp;&nbsp;&nbsp;&nbsp;	at java.base/jdk.internal.reflect.NativeMethodAccessorImpl.invoke(NativeMethodAccessorImpl.java:64)
<br>&nbsp;&nbsp;&nbsp;&nbsp;	at java.base/jdk.internal.reflect.DelegatingMethodAccessorImpl.invoke(DelegatingMethodAccessorImpl.java:43)
<br>&nbsp;&nbsp;&nbsp;&nbsp;	at java.base/java.lang.reflect.Method.invoke(Method.java:564)
<br>&nbsp;&nbsp;&nbsp;&nbsp;	at io.cucumber.java.Invoker.doInvoke(Invoker.java:66)
<br>&nbsp;&nbsp;&nbsp;&nbsp;	at io.cucumber.java.Invoker.invoke(Invoker.java:24)
<br>&nbsp;&nbsp;&nbsp;&nbsp;	at io.cucumber.java.AbstractGlueDefinition.invokeMethod(AbstractGlueDefinition.java:47)
<br>&nbsp;&nbsp;&nbsp;&nbsp;	at io.cucumber.java.JavaStepDefinition.execute(JavaStepDefinition.java:29)
<br>&nbsp;&nbsp;&nbsp;&nbsp;	at io.cucumber.core.runner.CoreStepDefinition.execute(CoreStepDefinition.java:66)
<br>&nbsp;&nbsp;&nbsp;&nbsp;	at io.cucumber.core.runner.PickleStepDefinitionMatch.runStep(PickleStepDefinitionMatch.java:63)
<br>&nbsp;&nbsp;&nbsp;&nbsp;	at io.cucumber.core.runner.ExecutionMode$1.execute(ExecutionMode.java:10)
<br>&nbsp;&nbsp;&nbsp;&nbsp;	at io.cucumber.core.runner.TestStep.executeStep(TestStep.java:92)
<br>&nbsp;&nbsp;&nbsp;&nbsp;	at io.cucumber.core.runner.TestStep.run(TestStep.java:64)
<br>&nbsp;&nbsp;&nbsp;&nbsp;	at io.cucumber.core.runner.PickleStepTestStep.run(PickleStepTestStep.java:51)
<br>&nbsp;&nbsp;&nbsp;&nbsp;	at io.cucumber.core.runner.TestCase.run(TestCase.java:104)
<br>&nbsp;&nbsp;&nbsp;&nbsp;	at io.cucumber.core.runner.Runner.runPickle(Runner.java:73)
<br>&nbsp;&nbsp;&nbsp;&nbsp;	at io.cucumber.junit.PickleRunners$NoStepDescriptions.run(PickleRunners.java:151)
<br>&nbsp;&nbsp;&nbsp;&nbsp;	at io.cucumber.junit.FeatureRunner.runChild(FeatureRunner.java:135)
<br>&nbsp;&nbsp;&nbsp;&nbsp;	at io.cucumber.junit.FeatureRunner.runChild(FeatureRunner.java:27)
<br>&nbsp;&nbsp;&nbsp;&nbsp;	at org.junit.runners.ParentRunner$4.run(ParentRunner.java:331)
<br>&nbsp;&nbsp;&nbsp;&nbsp;	at org.junit.runners.ParentRunner$1.schedule(ParentRunner.java:79)
<br>&nbsp;&nbsp;&nbsp;&nbsp;	at org.junit.runners.ParentRunner.runChildren(ParentRunner.java:329)
<br>&nbsp;&nbsp;&nbsp;&nbsp;	at org.junit.runners.ParentRunner.access$100(ParentRunner.java:66)
<br>&nbsp;&nbsp;&nbsp;&nbsp;	at org.junit.runners.ParentRunner$2.evaluate(ParentRunner.java:293)
<br>&nbsp;&nbsp;&nbsp;&nbsp;	at org.junit.runners.ParentRunner$3.evaluate(ParentRunner.java:306)
<br>&nbsp;&nbsp;&nbsp;&nbsp;	at org.junit.runners.ParentRunner.run(ParentRunner.java:413)
<br>&nbsp;&nbsp;&nbsp;&nbsp;	at io.cucumber.junit.Cucumber.runChild(Cucumber.java:200)
<br>&nbsp;&nbsp;&nbsp;&nbsp;	at io.cucumber.junit.Cucumber.runChild(Cucumber.java:90)
<br>&nbsp;&nbsp;&nbsp;&nbsp;	at org.junit.runners.ParentRunner$4.run(ParentRunner.java:331)
<br>&nbsp;&nbsp;&nbsp;&nbsp;	at org.junit.runners.ParentRunner$1.schedule(ParentRunner.java:79)
<br>&nbsp;&nbsp;&nbsp;&nbsp;	at org.junit.runners.ParentRunner.runChildren(ParentRunner.java:329)
<br>&nbsp;&nbsp;&nbsp;&nbsp;	at org.junit.runners.ParentRunner.access$100(ParentRunner.java:66)
<br>&nbsp;&nbsp;&nbsp;&nbsp;	at org.junit.runners.ParentRunner$2.evaluate(ParentRunner.java:293)
<br>&nbsp;&nbsp;&nbsp;&nbsp;	at io.cucumber.junit.Cucumber$RunCucumber.evaluate(Cucumber.java:235)
<br>&nbsp;&nbsp;&nbsp;&nbsp;	at org.junit.runners.ParentRunner$3.evaluate(ParentRunner.java:306)
<br>&nbsp;&nbsp;&nbsp;&nbsp;	at org.junit.runners.ParentRunner.run(ParentRunner.java:413)
<br>&nbsp;&nbsp;&nbsp;&nbsp;	at org.apache.maven.surefire.junit4.JUnit4Provider.execute(JUnit4Provider.java:364)
<br>&nbsp;&nbsp;&nbsp;&nbsp;	at org.apache.maven.surefire.junit4.JUnit4Provider.executeWithRerun(JUnit4Provider.java:272)
<br>&nbsp;&nbsp;&nbsp;&nbsp;	at org.apache.maven.surefire.junit4.JUnit4Provider.executeTestSet(JUnit4Provider.java:237)
<br>&nbsp;&nbsp;&nbsp;&nbsp;	at org.apache.maven.surefire.junit4.JUnit4Provider.invoke(JUnit4Provider.java:158)
<br>&nbsp;&nbsp;&nbsp;&nbsp;	at org.apache.maven.surefire.booter.ForkedBooter.runSuitesInProcess(ForkedBooter.java:428)
<br>&nbsp;&nbsp;&nbsp;&nbsp;	at org.apache.maven.surefire.booter.ForkedBooter.execute(ForkedBooter.java:162)
<br>&nbsp;&nbsp;&nbsp;&nbsp;	at org.apache.maven.surefire.booter.ForkedBooter.run(ForkedBooter.java:562)
<br>&nbsp;&nbsp;&nbsp;&nbsp;	at org.apache.maven.surefire.booter.ForkedBooter.main(ForkedBooter.java:548)
</td></tr>

<tr>
<td>81997</td>
<td title="main thread">main</td>
<td title="Level">INFO</td>
<td title="library.SeleniumLibrary category">library.SeleniumLibrary</td>
<td>SeleniumLibrary.java:185</td>
<td title="Message">getCurrentTime() ---&gt; 20210323231752537</td>
</tr>

<tr>
<td>82617</td>
<td title="main thread">main</td>
<td title="Level">INFO</td>
<td title="library.SeleniumLibrary category">library.SeleniumLibrary</td>
<td>SeleniumLibrary.java:174</td>
<td title="Message">Screenshot location: /Users/siripornsingkhamsirikul/IdeaProjects/AutomationPracticeCucumber/target/screenshots/User purchase item_20210323231752537.png</td>
</tr>
<!DOCTYPE HTML PUBLIC "-//W3C//DTD HTML 4.01 Transitional//EN" "http://www.w3.org/TR/html4/loose.dtd">
<html>
<head>
<title>Selenium Logs</title>
<style type="text/css">
<!--
body, table {font-family: arial,sans-serif; font-size: x-small;}
th {background: #336699; color: #FFFFFF; text-align: left;}
-->
</style>
</head>
<body bgcolor="#FFFFFF" topmargin="6" leftmargin="6">
<hr size="1" noshade>
Log session start time Tue Mar 23 23:22:08 EDT 2021<br>
<br>
<table cellspacing="0" cellpadding="4" border="1" bordercolor="#224466" width="100%">
<tr>
<th>Time</th>
<th>Thread</th>
<th>Level</th>
<th>Category</th>
<th>File:Line</th>
<th>Message</th>
</tr>

<tr>
<td>0</td>
<td title="main thread">main</td>
<td title="Level"><font color="#993300"><strong>ERROR</strong></font></td>
<td title="library.SeleniumLibrary category">library.SeleniumLibrary</td>
<td>SeleniumLibrary.java:30</td>
<td title="Message">Error: </td>
</tr>
<tr><td bgcolor="#993300" style="color:White; font-size : xx-small;" colspan="6">java.lang.IllegalArgumentException: Argument is of an illegal type: org.openqa.selenium.By$ById
<br>&nbsp;&nbsp;&nbsp;&nbsp;	at org.openqa.selenium.remote.internal.WebElementToJsonConverter.apply(WebElementToJsonConverter.java:85)
<br>&nbsp;&nbsp;&nbsp;&nbsp;	at java.base/java.util.stream.ReferencePipeline$3$1.accept(ReferencePipeline.java:195)
<br>&nbsp;&nbsp;&nbsp;&nbsp;	at java.base/java.util.Spliterators$ArraySpliterator.forEachRemaining(Spliterators.java:948)
<br>&nbsp;&nbsp;&nbsp;&nbsp;	at java.base/java.util.stream.AbstractPipeline.copyInto(AbstractPipeline.java:484)
<br>&nbsp;&nbsp;&nbsp;&nbsp;	at java.base/java.util.stream.AbstractPipeline.wrapAndCopyInto(AbstractPipeline.java:474)
<br>&nbsp;&nbsp;&nbsp;&nbsp;	at java.base/java.util.stream.ReduceOps$ReduceOp.evaluateSequential(ReduceOps.java:913)
<br>&nbsp;&nbsp;&nbsp;&nbsp;	at java.base/java.util.stream.AbstractPipeline.evaluate(AbstractPipeline.java:234)
<br>&nbsp;&nbsp;&nbsp;&nbsp;	at java.base/java.util.stream.ReferencePipeline.collect(ReferencePipeline.java:578)
<br>&nbsp;&nbsp;&nbsp;&nbsp;	at org.openqa.selenium.remote.RemoteWebDriver.executeScript(RemoteWebDriver.java:552)
<br>&nbsp;&nbsp;&nbsp;&nbsp;	at library.SeleniumLibrary.scrollToElement(SeleniumLibrary.java:28)
<br>&nbsp;&nbsp;&nbsp;&nbsp;	at pages.AddToCartPage.scrollToAddToCart(AddToCartPage.java:22)
<br>&nbsp;&nbsp;&nbsp;&nbsp;	at stepDefinitions.AddToCartSteps.user_click_on_add_to_cart_button(AddToCartSteps.java:26)
<br>&nbsp;&nbsp;&nbsp;&nbsp;	at java.base/jdk.internal.reflect.NativeMethodAccessorImpl.invoke0(Native Method)
<br>&nbsp;&nbsp;&nbsp;&nbsp;	at java.base/jdk.internal.reflect.NativeMethodAccessorImpl.invoke(NativeMethodAccessorImpl.java:64)
<br>&nbsp;&nbsp;&nbsp;&nbsp;	at java.base/jdk.internal.reflect.DelegatingMethodAccessorImpl.invoke(DelegatingMethodAccessorImpl.java:43)
<br>&nbsp;&nbsp;&nbsp;&nbsp;	at java.base/java.lang.reflect.Method.invoke(Method.java:564)
<br>&nbsp;&nbsp;&nbsp;&nbsp;	at io.cucumber.java.Invoker.doInvoke(Invoker.java:66)
<br>&nbsp;&nbsp;&nbsp;&nbsp;	at io.cucumber.java.Invoker.invoke(Invoker.java:24)
<br>&nbsp;&nbsp;&nbsp;&nbsp;	at io.cucumber.java.AbstractGlueDefinition.invokeMethod(AbstractGlueDefinition.java:47)
<br>&nbsp;&nbsp;&nbsp;&nbsp;	at io.cucumber.java.JavaStepDefinition.execute(JavaStepDefinition.java:29)
<br>&nbsp;&nbsp;&nbsp;&nbsp;	at io.cucumber.core.runner.CoreStepDefinition.execute(CoreStepDefinition.java:66)
<br>&nbsp;&nbsp;&nbsp;&nbsp;	at io.cucumber.core.runner.PickleStepDefinitionMatch.runStep(PickleStepDefinitionMatch.java:63)
<br>&nbsp;&nbsp;&nbsp;&nbsp;	at io.cucumber.core.runner.ExecutionMode$1.execute(ExecutionMode.java:10)
<br>&nbsp;&nbsp;&nbsp;&nbsp;	at io.cucumber.core.runner.TestStep.executeStep(TestStep.java:92)
<br>&nbsp;&nbsp;&nbsp;&nbsp;	at io.cucumber.core.runner.TestStep.run(TestStep.java:64)
<br>&nbsp;&nbsp;&nbsp;&nbsp;	at io.cucumber.core.runner.PickleStepTestStep.run(PickleStepTestStep.java:51)
<br>&nbsp;&nbsp;&nbsp;&nbsp;	at io.cucumber.core.runner.TestCase.run(TestCase.java:104)
<br>&nbsp;&nbsp;&nbsp;&nbsp;	at io.cucumber.core.runner.Runner.runPickle(Runner.java:73)
<br>&nbsp;&nbsp;&nbsp;&nbsp;	at io.cucumber.junit.PickleRunners$NoStepDescriptions.run(PickleRunners.java:151)
<br>&nbsp;&nbsp;&nbsp;&nbsp;	at io.cucumber.junit.FeatureRunner.runChild(FeatureRunner.java:135)
<br>&nbsp;&nbsp;&nbsp;&nbsp;	at io.cucumber.junit.FeatureRunner.runChild(FeatureRunner.java:27)
<br>&nbsp;&nbsp;&nbsp;&nbsp;	at org.junit.runners.ParentRunner$4.run(ParentRunner.java:331)
<br>&nbsp;&nbsp;&nbsp;&nbsp;	at org.junit.runners.ParentRunner$1.schedule(ParentRunner.java:79)
<br>&nbsp;&nbsp;&nbsp;&nbsp;	at org.junit.runners.ParentRunner.runChildren(ParentRunner.java:329)
<br>&nbsp;&nbsp;&nbsp;&nbsp;	at org.junit.runners.ParentRunner.access$100(ParentRunner.java:66)
<br>&nbsp;&nbsp;&nbsp;&nbsp;	at org.junit.runners.ParentRunner$2.evaluate(ParentRunner.java:293)
<br>&nbsp;&nbsp;&nbsp;&nbsp;	at org.junit.runners.ParentRunner$3.evaluate(ParentRunner.java:306)
<br>&nbsp;&nbsp;&nbsp;&nbsp;	at org.junit.runners.ParentRunner.run(ParentRunner.java:413)
<br>&nbsp;&nbsp;&nbsp;&nbsp;	at io.cucumber.junit.Cucumber.runChild(Cucumber.java:200)
<br>&nbsp;&nbsp;&nbsp;&nbsp;	at io.cucumber.junit.Cucumber.runChild(Cucumber.java:90)
<br>&nbsp;&nbsp;&nbsp;&nbsp;	at org.junit.runners.ParentRunner$4.run(ParentRunner.java:331)
<br>&nbsp;&nbsp;&nbsp;&nbsp;	at org.junit.runners.ParentRunner$1.schedule(ParentRunner.java:79)
<br>&nbsp;&nbsp;&nbsp;&nbsp;	at org.junit.runners.ParentRunner.runChildren(ParentRunner.java:329)
<br>&nbsp;&nbsp;&nbsp;&nbsp;	at org.junit.runners.ParentRunner.access$100(ParentRunner.java:66)
<br>&nbsp;&nbsp;&nbsp;&nbsp;	at org.junit.runners.ParentRunner$2.evaluate(ParentRunner.java:293)
<br>&nbsp;&nbsp;&nbsp;&nbsp;	at io.cucumber.junit.Cucumber$RunCucumber.evaluate(Cucumber.java:235)
<br>&nbsp;&nbsp;&nbsp;&nbsp;	at org.junit.runners.ParentRunner$3.evaluate(ParentRunner.java:306)
<br>&nbsp;&nbsp;&nbsp;&nbsp;	at org.junit.runners.ParentRunner.run(ParentRunner.java:413)
<br>&nbsp;&nbsp;&nbsp;&nbsp;	at org.junit.runner.JUnitCore.run(JUnitCore.java:137)
<br>&nbsp;&nbsp;&nbsp;&nbsp;	at com.intellij.junit4.JUnit4IdeaTestRunner.startRunnerWithArgs(JUnit4IdeaTestRunner.java:69)
<br>&nbsp;&nbsp;&nbsp;&nbsp;	at com.intellij.rt.junit.IdeaTestRunner$Repeater.startRunnerWithArgs(IdeaTestRunner.java:33)
<br>&nbsp;&nbsp;&nbsp;&nbsp;	at com.intellij.rt.junit.JUnitStarter.prepareStreamsAndStart(JUnitStarter.java:220)
<br>&nbsp;&nbsp;&nbsp;&nbsp;	at com.intellij.rt.junit.JUnitStarter.main(JUnitStarter.java:53)
</td></tr>

<tr>
<td>9</td>
<td title="main thread">main</td>
<td title="Level">INFO</td>
<td title="library.SeleniumLibrary category">library.SeleniumLibrary</td>
<td>SeleniumLibrary.java:185</td>
<td title="Message">getCurrentTime() ---&gt; 20210323232218343</td>
</tr>

<tr>
<td>666</td>
<td title="main thread">main</td>
<td title="Level">INFO</td>
<td title="library.SeleniumLibrary category">library.SeleniumLibrary</td>
<td>SeleniumLibrary.java:174</td>
<td title="Message">Screenshot location: /Users/siripornsingkhamsirikul/IdeaProjects/AutomationPracticeCucumber/target/screenshots/User purchase item_20210323232218343.png</td>
</tr>
<!DOCTYPE HTML PUBLIC "-//W3C//DTD HTML 4.01 Transitional//EN" "http://www.w3.org/TR/html4/loose.dtd">
<html>
<head>
<title>Selenium Logs</title>
<style type="text/css">
<!--
body, table {font-family: arial,sans-serif; font-size: x-small;}
th {background: #336699; color: #FFFFFF; text-align: left;}
-->
</style>
</head>
<body bgcolor="#FFFFFF" topmargin="6" leftmargin="6">
<hr size="1" noshade>
Log session start time Tue Mar 23 23:28:09 EDT 2021<br>
<br>
<table cellspacing="0" cellpadding="4" border="1" bordercolor="#224466" width="100%">
<tr>
<th>Time</th>
<th>Thread</th>
<th>Level</th>
<th>Category</th>
<th>File:Line</th>
<th>Message</th>
</tr>

<tr>
<td>1</td>
<td title="main thread">main</td>
<td title="Level"><font color="#993300"><strong>ERROR</strong></font></td>
<td title="library.SeleniumLibrary category">library.SeleniumLibrary</td>
<td>SeleniumLibrary.java:30</td>
<td title="Message">Error: </td>
</tr>
<tr><td bgcolor="#993300" style="color:White; font-size : xx-small;" colspan="6">java.lang.IllegalArgumentException: Argument is of an illegal type: org.openqa.selenium.By$ById
<br>&nbsp;&nbsp;&nbsp;&nbsp;	at org.openqa.selenium.remote.internal.WebElementToJsonConverter.apply(WebElementToJsonConverter.java:85)
<br>&nbsp;&nbsp;&nbsp;&nbsp;	at java.base/java.util.stream.ReferencePipeline$3$1.accept(ReferencePipeline.java:195)
<br>&nbsp;&nbsp;&nbsp;&nbsp;	at java.base/java.util.Spliterators$ArraySpliterator.forEachRemaining(Spliterators.java:948)
<br>&nbsp;&nbsp;&nbsp;&nbsp;	at java.base/java.util.stream.AbstractPipeline.copyInto(AbstractPipeline.java:484)
<br>&nbsp;&nbsp;&nbsp;&nbsp;	at java.base/java.util.stream.AbstractPipeline.wrapAndCopyInto(AbstractPipeline.java:474)
<br>&nbsp;&nbsp;&nbsp;&nbsp;	at java.base/java.util.stream.ReduceOps$ReduceOp.evaluateSequential(ReduceOps.java:913)
<br>&nbsp;&nbsp;&nbsp;&nbsp;	at java.base/java.util.stream.AbstractPipeline.evaluate(AbstractPipeline.java:234)
<br>&nbsp;&nbsp;&nbsp;&nbsp;	at java.base/java.util.stream.ReferencePipeline.collect(ReferencePipeline.java:578)
<br>&nbsp;&nbsp;&nbsp;&nbsp;	at org.openqa.selenium.remote.RemoteWebDriver.executeScript(RemoteWebDriver.java:552)
<br>&nbsp;&nbsp;&nbsp;&nbsp;	at library.SeleniumLibrary.scrollToElement(SeleniumLibrary.java:28)
<br>&nbsp;&nbsp;&nbsp;&nbsp;	at pages.AddToCartPage.scrollToAddToCart(AddToCartPage.java:23)
<br>&nbsp;&nbsp;&nbsp;&nbsp;	at stepDefinitions.AddToCartSteps.user_click_on_add_to_cart_button(AddToCartSteps.java:26)
<br>&nbsp;&nbsp;&nbsp;&nbsp;	at java.base/jdk.internal.reflect.NativeMethodAccessorImpl.invoke0(Native Method)
<br>&nbsp;&nbsp;&nbsp;&nbsp;	at java.base/jdk.internal.reflect.NativeMethodAccessorImpl.invoke(NativeMethodAccessorImpl.java:64)
<br>&nbsp;&nbsp;&nbsp;&nbsp;	at java.base/jdk.internal.reflect.DelegatingMethodAccessorImpl.invoke(DelegatingMethodAccessorImpl.java:43)
<br>&nbsp;&nbsp;&nbsp;&nbsp;	at java.base/java.lang.reflect.Method.invoke(Method.java:564)
<br>&nbsp;&nbsp;&nbsp;&nbsp;	at io.cucumber.java.Invoker.doInvoke(Invoker.java:66)
<br>&nbsp;&nbsp;&nbsp;&nbsp;	at io.cucumber.java.Invoker.invoke(Invoker.java:24)
<br>&nbsp;&nbsp;&nbsp;&nbsp;	at io.cucumber.java.AbstractGlueDefinition.invokeMethod(AbstractGlueDefinition.java:47)
<br>&nbsp;&nbsp;&nbsp;&nbsp;	at io.cucumber.java.JavaStepDefinition.execute(JavaStepDefinition.java:29)
<br>&nbsp;&nbsp;&nbsp;&nbsp;	at io.cucumber.core.runner.CoreStepDefinition.execute(CoreStepDefinition.java:66)
<br>&nbsp;&nbsp;&nbsp;&nbsp;	at io.cucumber.core.runner.PickleStepDefinitionMatch.runStep(PickleStepDefinitionMatch.java:63)
<br>&nbsp;&nbsp;&nbsp;&nbsp;	at io.cucumber.core.runner.ExecutionMode$1.execute(ExecutionMode.java:10)
<br>&nbsp;&nbsp;&nbsp;&nbsp;	at io.cucumber.core.runner.TestStep.executeStep(TestStep.java:92)
<br>&nbsp;&nbsp;&nbsp;&nbsp;	at io.cucumber.core.runner.TestStep.run(TestStep.java:64)
<br>&nbsp;&nbsp;&nbsp;&nbsp;	at io.cucumber.core.runner.PickleStepTestStep.run(PickleStepTestStep.java:51)
<br>&nbsp;&nbsp;&nbsp;&nbsp;	at io.cucumber.core.runner.TestCase.run(TestCase.java:104)
<br>&nbsp;&nbsp;&nbsp;&nbsp;	at io.cucumber.core.runner.Runner.runPickle(Runner.java:73)
<br>&nbsp;&nbsp;&nbsp;&nbsp;	at io.cucumber.junit.PickleRunners$NoStepDescriptions.run(PickleRunners.java:151)
<br>&nbsp;&nbsp;&nbsp;&nbsp;	at io.cucumber.junit.FeatureRunner.runChild(FeatureRunner.java:135)
<br>&nbsp;&nbsp;&nbsp;&nbsp;	at io.cucumber.junit.FeatureRunner.runChild(FeatureRunner.java:27)
<br>&nbsp;&nbsp;&nbsp;&nbsp;	at org.junit.runners.ParentRunner$4.run(ParentRunner.java:331)
<br>&nbsp;&nbsp;&nbsp;&nbsp;	at org.junit.runners.ParentRunner$1.schedule(ParentRunner.java:79)
<br>&nbsp;&nbsp;&nbsp;&nbsp;	at org.junit.runners.ParentRunner.runChildren(ParentRunner.java:329)
<br>&nbsp;&nbsp;&nbsp;&nbsp;	at org.junit.runners.ParentRunner.access$100(ParentRunner.java:66)
<br>&nbsp;&nbsp;&nbsp;&nbsp;	at org.junit.runners.ParentRunner$2.evaluate(ParentRunner.java:293)
<br>&nbsp;&nbsp;&nbsp;&nbsp;	at org.junit.runners.ParentRunner$3.evaluate(ParentRunner.java:306)
<br>&nbsp;&nbsp;&nbsp;&nbsp;	at org.junit.runners.ParentRunner.run(ParentRunner.java:413)
<br>&nbsp;&nbsp;&nbsp;&nbsp;	at io.cucumber.junit.Cucumber.runChild(Cucumber.java:200)
<br>&nbsp;&nbsp;&nbsp;&nbsp;	at io.cucumber.junit.Cucumber.runChild(Cucumber.java:90)
<br>&nbsp;&nbsp;&nbsp;&nbsp;	at org.junit.runners.ParentRunner$4.run(ParentRunner.java:331)
<br>&nbsp;&nbsp;&nbsp;&nbsp;	at org.junit.runners.ParentRunner$1.schedule(ParentRunner.java:79)
<br>&nbsp;&nbsp;&nbsp;&nbsp;	at org.junit.runners.ParentRunner.runChildren(ParentRunner.java:329)
<br>&nbsp;&nbsp;&nbsp;&nbsp;	at org.junit.runners.ParentRunner.access$100(ParentRunner.java:66)
<br>&nbsp;&nbsp;&nbsp;&nbsp;	at org.junit.runners.ParentRunner$2.evaluate(ParentRunner.java:293)
<br>&nbsp;&nbsp;&nbsp;&nbsp;	at io.cucumber.junit.Cucumber$RunCucumber.evaluate(Cucumber.java:235)
<br>&nbsp;&nbsp;&nbsp;&nbsp;	at org.junit.runners.ParentRunner$3.evaluate(ParentRunner.java:306)
<br>&nbsp;&nbsp;&nbsp;&nbsp;	at org.junit.runners.ParentRunner.run(ParentRunner.java:413)
<br>&nbsp;&nbsp;&nbsp;&nbsp;	at org.junit.runner.JUnitCore.run(JUnitCore.java:137)
<br>&nbsp;&nbsp;&nbsp;&nbsp;	at com.intellij.junit4.JUnit4IdeaTestRunner.startRunnerWithArgs(JUnit4IdeaTestRunner.java:69)
<br>&nbsp;&nbsp;&nbsp;&nbsp;	at com.intellij.rt.junit.IdeaTestRunner$Repeater.startRunnerWithArgs(IdeaTestRunner.java:33)
<br>&nbsp;&nbsp;&nbsp;&nbsp;	at com.intellij.rt.junit.JUnitStarter.prepareStreamsAndStart(JUnitStarter.java:220)
<br>&nbsp;&nbsp;&nbsp;&nbsp;	at com.intellij.rt.junit.JUnitStarter.main(JUnitStarter.java:53)
</td></tr>

<tr>
<td>10</td>
<td title="main thread">main</td>
<td title="Level">INFO</td>
<td title="library.SeleniumLibrary category">library.SeleniumLibrary</td>
<td>SeleniumLibrary.java:197</td>
<td title="Message">getCurrentTime() ---&gt; 2021032323281834</td>
</tr>

<tr>
<td>672</td>
<td title="main thread">main</td>
<td title="Level">INFO</td>
<td title="library.SeleniumLibrary category">library.SeleniumLibrary</td>
<td>SeleniumLibrary.java:186</td>
<td title="Message">Screenshot location: /Users/siripornsingkhamsirikul/IdeaProjects/AutomationPracticeCucumber/target/screenshots/User purchase item_2021032323281834.png</td>
</tr>
<!DOCTYPE HTML PUBLIC "-//W3C//DTD HTML 4.01 Transitional//EN" "http://www.w3.org/TR/html4/loose.dtd">
<html>
<head>
<title>Selenium Logs</title>
<style type="text/css">
<!--
body, table {font-family: arial,sans-serif; font-size: x-small;}
th {background: #336699; color: #FFFFFF; text-align: left;}
-->
</style>
</head>
<body bgcolor="#FFFFFF" topmargin="6" leftmargin="6">
<hr size="1" noshade>
Log session start time Tue Mar 23 23:29:15 EDT 2021<br>
<br>
<table cellspacing="0" cellpadding="4" border="1" bordercolor="#224466" width="100%">
<tr>
<th>Time</th>
<th>Thread</th>
<th>Level</th>
<th>Category</th>
<th>File:Line</th>
<th>Message</th>
</tr>

<tr>
<td>0</td>
<td title="main thread">main</td>
<td title="Level"><font color="#993300"><strong>ERROR</strong></font></td>
<td title="library.SeleniumLibrary category">library.SeleniumLibrary</td>
<td>SeleniumLibrary.java:30</td>
<td title="Message">Error: </td>
</tr>
<tr><td bgcolor="#993300" style="color:White; font-size : xx-small;" colspan="6">java.lang.IllegalArgumentException: Argument is of an illegal type: org.openqa.selenium.By$ById
<br>&nbsp;&nbsp;&nbsp;&nbsp;	at org.openqa.selenium.remote.internal.WebElementToJsonConverter.apply(WebElementToJsonConverter.java:85)
<br>&nbsp;&nbsp;&nbsp;&nbsp;	at java.base/java.util.stream.ReferencePipeline$3$1.accept(ReferencePipeline.java:195)
<br>&nbsp;&nbsp;&nbsp;&nbsp;	at java.base/java.util.Spliterators$ArraySpliterator.forEachRemaining(Spliterators.java:948)
<br>&nbsp;&nbsp;&nbsp;&nbsp;	at java.base/java.util.stream.AbstractPipeline.copyInto(AbstractPipeline.java:484)
<br>&nbsp;&nbsp;&nbsp;&nbsp;	at java.base/java.util.stream.AbstractPipeline.wrapAndCopyInto(AbstractPipeline.java:474)
<br>&nbsp;&nbsp;&nbsp;&nbsp;	at java.base/java.util.stream.ReduceOps$ReduceOp.evaluateSequential(ReduceOps.java:913)
<br>&nbsp;&nbsp;&nbsp;&nbsp;	at java.base/java.util.stream.AbstractPipeline.evaluate(AbstractPipeline.java:234)
<br>&nbsp;&nbsp;&nbsp;&nbsp;	at java.base/java.util.stream.ReferencePipeline.collect(ReferencePipeline.java:578)
<br>&nbsp;&nbsp;&nbsp;&nbsp;	at org.openqa.selenium.remote.RemoteWebDriver.executeScript(RemoteWebDriver.java:552)
<br>&nbsp;&nbsp;&nbsp;&nbsp;	at library.SeleniumLibrary.scrollToElement(SeleniumLibrary.java:28)
<br>&nbsp;&nbsp;&nbsp;&nbsp;	at pages.AddToCartPage.scrollToAddToCart(AddToCartPage.java:23)
<br>&nbsp;&nbsp;&nbsp;&nbsp;	at stepDefinitions.AddToCartSteps.user_click_on_add_to_cart_button(AddToCartSteps.java:26)
<br>&nbsp;&nbsp;&nbsp;&nbsp;	at java.base/jdk.internal.reflect.NativeMethodAccessorImpl.invoke0(Native Method)
<br>&nbsp;&nbsp;&nbsp;&nbsp;	at java.base/jdk.internal.reflect.NativeMethodAccessorImpl.invoke(NativeMethodAccessorImpl.java:64)
<br>&nbsp;&nbsp;&nbsp;&nbsp;	at java.base/jdk.internal.reflect.DelegatingMethodAccessorImpl.invoke(DelegatingMethodAccessorImpl.java:43)
<br>&nbsp;&nbsp;&nbsp;&nbsp;	at java.base/java.lang.reflect.Method.invoke(Method.java:564)
<br>&nbsp;&nbsp;&nbsp;&nbsp;	at io.cucumber.java.Invoker.doInvoke(Invoker.java:66)
<br>&nbsp;&nbsp;&nbsp;&nbsp;	at io.cucumber.java.Invoker.invoke(Invoker.java:24)
<br>&nbsp;&nbsp;&nbsp;&nbsp;	at io.cucumber.java.AbstractGlueDefinition.invokeMethod(AbstractGlueDefinition.java:47)
<br>&nbsp;&nbsp;&nbsp;&nbsp;	at io.cucumber.java.JavaStepDefinition.execute(JavaStepDefinition.java:29)
<br>&nbsp;&nbsp;&nbsp;&nbsp;	at io.cucumber.core.runner.CoreStepDefinition.execute(CoreStepDefinition.java:66)
<br>&nbsp;&nbsp;&nbsp;&nbsp;	at io.cucumber.core.runner.PickleStepDefinitionMatch.runStep(PickleStepDefinitionMatch.java:63)
<br>&nbsp;&nbsp;&nbsp;&nbsp;	at io.cucumber.core.runner.ExecutionMode$1.execute(ExecutionMode.java:10)
<br>&nbsp;&nbsp;&nbsp;&nbsp;	at io.cucumber.core.runner.TestStep.executeStep(TestStep.java:92)
<br>&nbsp;&nbsp;&nbsp;&nbsp;	at io.cucumber.core.runner.TestStep.run(TestStep.java:64)
<br>&nbsp;&nbsp;&nbsp;&nbsp;	at io.cucumber.core.runner.PickleStepTestStep.run(PickleStepTestStep.java:51)
<br>&nbsp;&nbsp;&nbsp;&nbsp;	at io.cucumber.core.runner.TestCase.run(TestCase.java:104)
<br>&nbsp;&nbsp;&nbsp;&nbsp;	at io.cucumber.core.runner.Runner.runPickle(Runner.java:73)
<br>&nbsp;&nbsp;&nbsp;&nbsp;	at io.cucumber.junit.PickleRunners$NoStepDescriptions.run(PickleRunners.java:151)
<br>&nbsp;&nbsp;&nbsp;&nbsp;	at io.cucumber.junit.FeatureRunner.runChild(FeatureRunner.java:135)
<br>&nbsp;&nbsp;&nbsp;&nbsp;	at io.cucumber.junit.FeatureRunner.runChild(FeatureRunner.java:27)
<br>&nbsp;&nbsp;&nbsp;&nbsp;	at org.junit.runners.ParentRunner$4.run(ParentRunner.java:331)
<br>&nbsp;&nbsp;&nbsp;&nbsp;	at org.junit.runners.ParentRunner$1.schedule(ParentRunner.java:79)
<br>&nbsp;&nbsp;&nbsp;&nbsp;	at org.junit.runners.ParentRunner.runChildren(ParentRunner.java:329)
<br>&nbsp;&nbsp;&nbsp;&nbsp;	at org.junit.runners.ParentRunner.access$100(ParentRunner.java:66)
<br>&nbsp;&nbsp;&nbsp;&nbsp;	at org.junit.runners.ParentRunner$2.evaluate(ParentRunner.java:293)
<br>&nbsp;&nbsp;&nbsp;&nbsp;	at org.junit.runners.ParentRunner$3.evaluate(ParentRunner.java:306)
<br>&nbsp;&nbsp;&nbsp;&nbsp;	at org.junit.runners.ParentRunner.run(ParentRunner.java:413)
<br>&nbsp;&nbsp;&nbsp;&nbsp;	at io.cucumber.junit.Cucumber.runChild(Cucumber.java:200)
<br>&nbsp;&nbsp;&nbsp;&nbsp;	at io.cucumber.junit.Cucumber.runChild(Cucumber.java:90)
<br>&nbsp;&nbsp;&nbsp;&nbsp;	at org.junit.runners.ParentRunner$4.run(ParentRunner.java:331)
<br>&nbsp;&nbsp;&nbsp;&nbsp;	at org.junit.runners.ParentRunner$1.schedule(ParentRunner.java:79)
<br>&nbsp;&nbsp;&nbsp;&nbsp;	at org.junit.runners.ParentRunner.runChildren(ParentRunner.java:329)
<br>&nbsp;&nbsp;&nbsp;&nbsp;	at org.junit.runners.ParentRunner.access$100(ParentRunner.java:66)
<br>&nbsp;&nbsp;&nbsp;&nbsp;	at org.junit.runners.ParentRunner$2.evaluate(ParentRunner.java:293)
<br>&nbsp;&nbsp;&nbsp;&nbsp;	at io.cucumber.junit.Cucumber$RunCucumber.evaluate(Cucumber.java:235)
<br>&nbsp;&nbsp;&nbsp;&nbsp;	at org.junit.runners.ParentRunner$3.evaluate(ParentRunner.java:306)
<br>&nbsp;&nbsp;&nbsp;&nbsp;	at org.junit.runners.ParentRunner.run(ParentRunner.java:413)
<br>&nbsp;&nbsp;&nbsp;&nbsp;	at org.junit.runner.JUnitCore.run(JUnitCore.java:137)
<br>&nbsp;&nbsp;&nbsp;&nbsp;	at com.intellij.junit4.JUnit4IdeaTestRunner.startRunnerWithArgs(JUnit4IdeaTestRunner.java:69)
<br>&nbsp;&nbsp;&nbsp;&nbsp;	at com.intellij.rt.junit.IdeaTestRunner$Repeater.startRunnerWithArgs(IdeaTestRunner.java:33)
<br>&nbsp;&nbsp;&nbsp;&nbsp;	at com.intellij.rt.junit.JUnitStarter.prepareStreamsAndStart(JUnitStarter.java:220)
<br>&nbsp;&nbsp;&nbsp;&nbsp;	at com.intellij.rt.junit.JUnitStarter.main(JUnitStarter.java:53)
</td></tr>

<tr>
<td>8</td>
<td title="main thread">main</td>
<td title="Level">INFO</td>
<td title="library.SeleniumLibrary category">library.SeleniumLibrary</td>
<td>SeleniumLibrary.java:197</td>
<td title="Message">getCurrentTime() ---&gt; 2021032323292647</td>
</tr>

<tr>
<td>494</td>
<td title="main thread">main</td>
<td title="Level">INFO</td>
<td title="library.SeleniumLibrary category">library.SeleniumLibrary</td>
<td>SeleniumLibrary.java:186</td>
<td title="Message">Screenshot location: /Users/siripornsingkhamsirikul/IdeaProjects/AutomationPracticeCucumber/target/screenshots/User purchase item_2021032323292647.png</td>
</tr>
<!DOCTYPE HTML PUBLIC "-//W3C//DTD HTML 4.01 Transitional//EN" "http://www.w3.org/TR/html4/loose.dtd">
<html>
<head>
<title>Selenium Logs</title>
<style type="text/css">
<!--
body, table {font-family: arial,sans-serif; font-size: x-small;}
th {background: #336699; color: #FFFFFF; text-align: left;}
-->
</style>
</head>
<body bgcolor="#FFFFFF" topmargin="6" leftmargin="6">
<hr size="1" noshade>
Log session start time Tue Mar 23 23:30:45 EDT 2021<br>
<br>
<table cellspacing="0" cellpadding="4" border="1" bordercolor="#224466" width="100%">
<tr>
<th>Time</th>
<th>Thread</th>
<th>Level</th>
<th>Category</th>
<th>File:Line</th>
<th>Message</th>
</tr>

<tr>
<td>0</td>
<td title="main thread">main</td>
<td title="Level">INFO</td>
<td title="library.SeleniumLibrary category">library.SeleniumLibrary</td>
<td>SeleniumLibrary.java:83</td>
<td title="Message">Your order on My Store is complete.</td>
</tr>
<!DOCTYPE HTML PUBLIC "-//W3C//DTD HTML 4.01 Transitional//EN" "http://www.w3.org/TR/html4/loose.dtd">
<html>
<head>
<title>Selenium Logs</title>
<style type="text/css">
<!--
body, table {font-family: arial,sans-serif; font-size: x-small;}
th {background: #336699; color: #FFFFFF; text-align: left;}
-->
</style>
</head>
<body bgcolor="#FFFFFF" topmargin="6" leftmargin="6">
<hr size="1" noshade>
Log session start time Tue Mar 23 23:31:41 EDT 2021<br>
<br>
<table cellspacing="0" cellpadding="4" border="1" bordercolor="#224466" width="100%">
<tr>
<th>Time</th>
<th>Thread</th>
<th>Level</th>
<th>Category</th>
<th>File:Line</th>
<th>Message</th>
</tr>

<tr>
<td>0</td>
<td title="main thread">main</td>
<td title="Level"><font color="#993300"><strong>ERROR</strong></font></td>
<td title="library.SeleniumLibrary category">library.SeleniumLibrary</td>
<td>SeleniumLibrary.java:30</td>
<td title="Message">Error: </td>
</tr>
<tr><td bgcolor="#993300" style="color:White; font-size : xx-small;" colspan="6">java.lang.IllegalArgumentException: Argument is of an illegal type: org.openqa.selenium.By$ById
<br>&nbsp;&nbsp;&nbsp;&nbsp;	at org.openqa.selenium.remote.internal.WebElementToJsonConverter.apply(WebElementToJsonConverter.java:85)
<br>&nbsp;&nbsp;&nbsp;&nbsp;	at java.base/java.util.stream.ReferencePipeline$3$1.accept(ReferencePipeline.java:195)
<br>&nbsp;&nbsp;&nbsp;&nbsp;	at java.base/java.util.Spliterators$ArraySpliterator.forEachRemaining(Spliterators.java:948)
<br>&nbsp;&nbsp;&nbsp;&nbsp;	at java.base/java.util.stream.AbstractPipeline.copyInto(AbstractPipeline.java:484)
<br>&nbsp;&nbsp;&nbsp;&nbsp;	at java.base/java.util.stream.AbstractPipeline.wrapAndCopyInto(AbstractPipeline.java:474)
<br>&nbsp;&nbsp;&nbsp;&nbsp;	at java.base/java.util.stream.ReduceOps$ReduceOp.evaluateSequential(ReduceOps.java:913)
<br>&nbsp;&nbsp;&nbsp;&nbsp;	at java.base/java.util.stream.AbstractPipeline.evaluate(AbstractPipeline.java:234)
<br>&nbsp;&nbsp;&nbsp;&nbsp;	at java.base/java.util.stream.ReferencePipeline.collect(ReferencePipeline.java:578)
<br>&nbsp;&nbsp;&nbsp;&nbsp;	at org.openqa.selenium.remote.RemoteWebDriver.executeScript(RemoteWebDriver.java:552)
<br>&nbsp;&nbsp;&nbsp;&nbsp;	at library.SeleniumLibrary.scrollToElement(SeleniumLibrary.java:28)
<br>&nbsp;&nbsp;&nbsp;&nbsp;	at pages.AddToCartPage.scrollToAddToCart(AddToCartPage.java:22)
<br>&nbsp;&nbsp;&nbsp;&nbsp;	at stepDefinitions.AddToCartSteps.user_click_on_add_to_cart_button(AddToCartSteps.java:26)
<br>&nbsp;&nbsp;&nbsp;&nbsp;	at java.base/jdk.internal.reflect.NativeMethodAccessorImpl.invoke0(Native Method)
<br>&nbsp;&nbsp;&nbsp;&nbsp;	at java.base/jdk.internal.reflect.NativeMethodAccessorImpl.invoke(NativeMethodAccessorImpl.java:64)
<br>&nbsp;&nbsp;&nbsp;&nbsp;	at java.base/jdk.internal.reflect.DelegatingMethodAccessorImpl.invoke(DelegatingMethodAccessorImpl.java:43)
<br>&nbsp;&nbsp;&nbsp;&nbsp;	at java.base/java.lang.reflect.Method.invoke(Method.java:564)
<br>&nbsp;&nbsp;&nbsp;&nbsp;	at io.cucumber.java.Invoker.doInvoke(Invoker.java:66)
<br>&nbsp;&nbsp;&nbsp;&nbsp;	at io.cucumber.java.Invoker.invoke(Invoker.java:24)
<br>&nbsp;&nbsp;&nbsp;&nbsp;	at io.cucumber.java.AbstractGlueDefinition.invokeMethod(AbstractGlueDefinition.java:47)
<br>&nbsp;&nbsp;&nbsp;&nbsp;	at io.cucumber.java.JavaStepDefinition.execute(JavaStepDefinition.java:29)
<br>&nbsp;&nbsp;&nbsp;&nbsp;	at io.cucumber.core.runner.CoreStepDefinition.execute(CoreStepDefinition.java:66)
<br>&nbsp;&nbsp;&nbsp;&nbsp;	at io.cucumber.core.runner.PickleStepDefinitionMatch.runStep(PickleStepDefinitionMatch.java:63)
<br>&nbsp;&nbsp;&nbsp;&nbsp;	at io.cucumber.core.runner.ExecutionMode$1.execute(ExecutionMode.java:10)
<br>&nbsp;&nbsp;&nbsp;&nbsp;	at io.cucumber.core.runner.TestStep.executeStep(TestStep.java:92)
<br>&nbsp;&nbsp;&nbsp;&nbsp;	at io.cucumber.core.runner.TestStep.run(TestStep.java:64)
<br>&nbsp;&nbsp;&nbsp;&nbsp;	at io.cucumber.core.runner.PickleStepTestStep.run(PickleStepTestStep.java:51)
<br>&nbsp;&nbsp;&nbsp;&nbsp;	at io.cucumber.core.runner.TestCase.run(TestCase.java:104)
<br>&nbsp;&nbsp;&nbsp;&nbsp;	at io.cucumber.core.runner.Runner.runPickle(Runner.java:73)
<br>&nbsp;&nbsp;&nbsp;&nbsp;	at io.cucumber.junit.PickleRunners$NoStepDescriptions.run(PickleRunners.java:151)
<br>&nbsp;&nbsp;&nbsp;&nbsp;	at io.cucumber.junit.FeatureRunner.runChild(FeatureRunner.java:135)
<br>&nbsp;&nbsp;&nbsp;&nbsp;	at io.cucumber.junit.FeatureRunner.runChild(FeatureRunner.java:27)
<br>&nbsp;&nbsp;&nbsp;&nbsp;	at org.junit.runners.ParentRunner$4.run(ParentRunner.java:331)
<br>&nbsp;&nbsp;&nbsp;&nbsp;	at org.junit.runners.ParentRunner$1.schedule(ParentRunner.java:79)
<br>&nbsp;&nbsp;&nbsp;&nbsp;	at org.junit.runners.ParentRunner.runChildren(ParentRunner.java:329)
<br>&nbsp;&nbsp;&nbsp;&nbsp;	at org.junit.runners.ParentRunner.access$100(ParentRunner.java:66)
<br>&nbsp;&nbsp;&nbsp;&nbsp;	at org.junit.runners.ParentRunner$2.evaluate(ParentRunner.java:293)
<br>&nbsp;&nbsp;&nbsp;&nbsp;	at org.junit.runners.ParentRunner$3.evaluate(ParentRunner.java:306)
<br>&nbsp;&nbsp;&nbsp;&nbsp;	at org.junit.runners.ParentRunner.run(ParentRunner.java:413)
<br>&nbsp;&nbsp;&nbsp;&nbsp;	at io.cucumber.junit.Cucumber.runChild(Cucumber.java:200)
<br>&nbsp;&nbsp;&nbsp;&nbsp;	at io.cucumber.junit.Cucumber.runChild(Cucumber.java:90)
<br>&nbsp;&nbsp;&nbsp;&nbsp;	at org.junit.runners.ParentRunner$4.run(ParentRunner.java:331)
<br>&nbsp;&nbsp;&nbsp;&nbsp;	at org.junit.runners.ParentRunner$1.schedule(ParentRunner.java:79)
<br>&nbsp;&nbsp;&nbsp;&nbsp;	at org.junit.runners.ParentRunner.runChildren(ParentRunner.java:329)
<br>&nbsp;&nbsp;&nbsp;&nbsp;	at org.junit.runners.ParentRunner.access$100(ParentRunner.java:66)
<br>&nbsp;&nbsp;&nbsp;&nbsp;	at org.junit.runners.ParentRunner$2.evaluate(ParentRunner.java:293)
<br>&nbsp;&nbsp;&nbsp;&nbsp;	at io.cucumber.junit.Cucumber$RunCucumber.evaluate(Cucumber.java:235)
<br>&nbsp;&nbsp;&nbsp;&nbsp;	at org.junit.runners.ParentRunner$3.evaluate(ParentRunner.java:306)
<br>&nbsp;&nbsp;&nbsp;&nbsp;	at org.junit.runners.ParentRunner.run(ParentRunner.java:413)
<br>&nbsp;&nbsp;&nbsp;&nbsp;	at org.junit.runner.JUnitCore.run(JUnitCore.java:137)
<br>&nbsp;&nbsp;&nbsp;&nbsp;	at com.intellij.junit4.JUnit4IdeaTestRunner.startRunnerWithArgs(JUnit4IdeaTestRunner.java:69)
<br>&nbsp;&nbsp;&nbsp;&nbsp;	at com.intellij.rt.junit.IdeaTestRunner$Repeater.startRunnerWithArgs(IdeaTestRunner.java:33)
<br>&nbsp;&nbsp;&nbsp;&nbsp;	at com.intellij.rt.junit.JUnitStarter.prepareStreamsAndStart(JUnitStarter.java:220)
<br>&nbsp;&nbsp;&nbsp;&nbsp;	at com.intellij.rt.junit.JUnitStarter.main(JUnitStarter.java:53)
</td></tr>

<tr>
<td>7</td>
<td title="main thread">main</td>
<td title="Level">INFO</td>
<td title="library.SeleniumLibrary category">library.SeleniumLibrary</td>
<td>SeleniumLibrary.java:197</td>
<td title="Message">getCurrentTime() ---&gt; 20210323233157501</td>
</tr>

<tr>
<td>538</td>
<td title="main thread">main</td>
<td title="Level">INFO</td>
<td title="library.SeleniumLibrary category">library.SeleniumLibrary</td>
<td>SeleniumLibrary.java:186</td>
<td title="Message">Screenshot location: /Users/siripornsingkhamsirikul/IdeaProjects/AutomationPracticeCucumber/target/screenshots/User purchase item_20210323233157501.png</td>
</tr>
<!DOCTYPE HTML PUBLIC "-//W3C//DTD HTML 4.01 Transitional//EN" "http://www.w3.org/TR/html4/loose.dtd">
<html>
<head>
<title>Selenium Logs</title>
<style type="text/css">
<!--
body, table {font-family: arial,sans-serif; font-size: x-small;}
th {background: #336699; color: #FFFFFF; text-align: left;}
-->
</style>
</head>
<body bgcolor="#FFFFFF" topmargin="6" leftmargin="6">
<hr size="1" noshade>
Log session start time Tue Mar 23 23:34:36 EDT 2021<br>
<br>
<table cellspacing="0" cellpadding="4" border="1" bordercolor="#224466" width="100%">
<tr>
<th>Time</th>
<th>Thread</th>
<th>Level</th>
<th>Category</th>
<th>File:Line</th>
<th>Message</th>
</tr>

<tr>
<td>1</td>
<td title="main thread">main</td>
<td title="Level">INFO</td>
<td title="library.SeleniumLibrary category">library.SeleniumLibrary</td>
<td>SeleniumLibrary.java:71</td>
<td title="Message">Your order on My Store is complete.</td>
</tr>
<!DOCTYPE HTML PUBLIC "-//W3C//DTD HTML 4.01 Transitional//EN" "http://www.w3.org/TR/html4/loose.dtd">
<html>
<head>
<title>Selenium Logs</title>
<style type="text/css">
<!--
body, table {font-family: arial,sans-serif; font-size: x-small;}
th {background: #336699; color: #FFFFFF; text-align: left;}
-->
</style>
</head>
<body bgcolor="#FFFFFF" topmargin="6" leftmargin="6">
<hr size="1" noshade>
Log session start time Tue Mar 23 23:37:32 EDT 2021<br>
<br>
<table cellspacing="0" cellpadding="4" border="1" bordercolor="#224466" width="100%">
<tr>
<th>Time</th>
<th>Thread</th>
<th>Level</th>
<th>Category</th>
<th>File:Line</th>
<th>Message</th>
</tr>

<tr>
<td>0</td>
<td title="main thread">main</td>
<td title="Level">INFO</td>
<td title="library.SeleniumLibrary category">library.SeleniumLibrary</td>
<td>SeleniumLibrary.java:149</td>
<td title="Message">file uploaded: /Users/siripornsingkhamsirikul/IdeaProjects/AutomationPracticeCucumber/src/test/resources/data/TestFile.docx</td>
</tr>

<tr>
<td>872</td>
<td title="main thread">main</td>
<td title="Level">INFO</td>
<td title="library.SeleniumLibrary category">library.SeleniumLibrary</td>
<td>SeleniumLibrary.java:71</td>
<td title="Message">Your message has been successfully sent to our team.</td>
</tr>

<tr>
<td>7153</td>
<td title="main thread">main</td>
<td title="Level">INFO</td>
<td title="library.SeleniumLibrary category">library.SeleniumLibrary</td>
<td>SeleniumLibrary.java:149</td>
<td title="Message">file uploaded: /Users/siripornsingkhamsirikul/IdeaProjects/AutomationPracticeCucumber/src/test/resources/data/TestFile.docx</td>
</tr>

<tr>
<td>7939</td>
<td title="main thread">main</td>
<td title="Level">INFO</td>
<td title="library.SeleniumLibrary category">library.SeleniumLibrary</td>
<td>SeleniumLibrary.java:71</td>
<td title="Message">Your message has been successfully sent to our team.</td>
</tr>

<tr>
<td>107699</td>
<td title="main thread">main</td>
<td title="Level">INFO</td>
<td title="library.SeleniumLibrary category">library.SeleniumLibrary</td>
<td>SeleniumLibrary.java:71</td>
<td title="Message">Your order on My Store is complete.</td>
</tr>

<tr>
<td>115051</td>
<td title="main thread">main</td>
<td title="Level"><font color="#993300"><strong>ERROR</strong></font></td>
<td title="library.SeleniumLibrary category">library.SeleniumLibrary</td>
<td>SeleniumLibrary.java:85</td>
<td title="Message">Error: </td>
</tr>
<tr><td bgcolor="#993300" style="color:White; font-size : xx-small;" colspan="6">org.openqa.selenium.ElementNotInteractableException: element not interactable: element has zero size
<br>&nbsp;&nbsp;&nbsp;&nbsp;  (Session info: headless chrome=89.0.4389.90)
<br>&nbsp;&nbsp;&nbsp;&nbsp;Build info: version: '4.0.0-beta-2', revision: '4ec0cfc112'
<br>&nbsp;&nbsp;&nbsp;&nbsp;System info: host: 'Siriporns-MacBook-Pro.local', ip: '2600:8806:6101:a200:0:0:0:45e5%en0', os.name: 'Mac OS X', os.arch: 'aarch64', os.version: '11.2.3', java.version: '15.0.2'
<br>&nbsp;&nbsp;&nbsp;&nbsp;Driver info: org.openqa.selenium.chrome.ChromeDriver
<br>&nbsp;&nbsp;&nbsp;&nbsp;Command: [b302f94f67bac90c3a23da35861d4701, clickElement {id=dab030c4-1af8-41f7-a729-8a6adbf41eb5}]
<br>&nbsp;&nbsp;&nbsp;&nbsp;Capabilities {acceptInsecureCerts: false, browserName: chrome, browserVersion: 89.0.4389.90, chrome: {chromedriverVersion: 89.0.4389.23 (61b08ee2c5002..., userDataDir: /var/folders/bt/5mrdvm916c9...}, goog:chromeOptions: {debuggerAddress: localhost:57021}, javascriptEnabled: true, networkConnectionEnabled: false, pageLoadStrategy: normal, platform: MAC, platformName: MAC, proxy: Proxy(), setWindowRect: true, strictFileInteractability: false, timeouts: {implicit: 0, pageLoad: 300000, script: 30000}, unhandledPromptBehavior: dismiss and notify, webauthn:extension:largeBlob: true, webauthn:virtualAuthenticators: true}
<br>&nbsp;&nbsp;&nbsp;&nbsp;Element: [[ChromeDriver: chrome on MAC (b302f94f67bac90c3a23da35861d4701)] -&gt; css selector: a[name='White']]
<br>&nbsp;&nbsp;&nbsp;&nbsp;Session ID: b302f94f67bac90c3a23da35861d4701
<br>&nbsp;&nbsp;&nbsp;&nbsp;	at java.base/jdk.internal.reflect.NativeConstructorAccessorImpl.newInstance0(Native Method)
<br>&nbsp;&nbsp;&nbsp;&nbsp;	at java.base/jdk.internal.reflect.NativeConstructorAccessorImpl.newInstance(NativeConstructorAccessorImpl.java:64)
<br>&nbsp;&nbsp;&nbsp;&nbsp;	at java.base/jdk.internal.reflect.DelegatingConstructorAccessorImpl.newInstance(DelegatingConstructorAccessorImpl.java:45)
<br>&nbsp;&nbsp;&nbsp;&nbsp;	at java.base/java.lang.reflect.Constructor.newInstanceWithCaller(Constructor.java:500)
<br>&nbsp;&nbsp;&nbsp;&nbsp;	at java.base/java.lang.reflect.Constructor.newInstance(Constructor.java:481)
<br>&nbsp;&nbsp;&nbsp;&nbsp;	at org.openqa.selenium.remote.codec.w3c.W3CHttpResponseCodec.createException(W3CHttpResponseCodec.java:195)
<br>&nbsp;&nbsp;&nbsp;&nbsp;	at org.openqa.selenium.remote.codec.w3c.W3CHttpResponseCodec.decode(W3CHttpResponseCodec.java:128)
<br>&nbsp;&nbsp;&nbsp;&nbsp;	at org.openqa.selenium.remote.codec.w3c.W3CHttpResponseCodec.decode(W3CHttpResponseCodec.java:52)
<br>&nbsp;&nbsp;&nbsp;&nbsp;	at org.openqa.selenium.remote.HttpCommandExecutor.execute(HttpCommandExecutor.java:187)
<br>&nbsp;&nbsp;&nbsp;&nbsp;	at org.openqa.selenium.remote.service.DriverCommandExecutor.invokeExecute(DriverCommandExecutor.java:153)
<br>&nbsp;&nbsp;&nbsp;&nbsp;	at org.openqa.selenium.remote.service.DriverCommandExecutor.execute(DriverCommandExecutor.java:128)
<br>&nbsp;&nbsp;&nbsp;&nbsp;	at org.openqa.selenium.remote.RemoteWebDriver.execute(RemoteWebDriver.java:620)
<br>&nbsp;&nbsp;&nbsp;&nbsp;	at org.openqa.selenium.remote.RemoteWebElement.execute(RemoteWebElement.java:239)
<br>&nbsp;&nbsp;&nbsp;&nbsp;	at org.openqa.selenium.remote.RemoteWebElement.click(RemoteWebElement.java:77)
<br>&nbsp;&nbsp;&nbsp;&nbsp;	at library.SeleniumLibrary.selectAndVerifyElementSelected(SeleniumLibrary.java:82)
<br>&nbsp;&nbsp;&nbsp;&nbsp;	at pages.AddToCartPage.userChooseQuantityAndSizeAndColor(AddToCartPage.java:18)
<br>&nbsp;&nbsp;&nbsp;&nbsp;	at stepDefinitions.AddToCartSteps.user_choose_and_and(AddToCartSteps.java:20)
<br>&nbsp;&nbsp;&nbsp;&nbsp;	at java.base/jdk.internal.reflect.NativeMethodAccessorImpl.invoke0(Native Method)
<br>&nbsp;&nbsp;&nbsp;&nbsp;	at java.base/jdk.internal.reflect.NativeMethodAccessorImpl.invoke(NativeMethodAccessorImpl.java:64)
<br>&nbsp;&nbsp;&nbsp;&nbsp;	at java.base/jdk.internal.reflect.DelegatingMethodAccessorImpl.invoke(DelegatingMethodAccessorImpl.java:43)
<br>&nbsp;&nbsp;&nbsp;&nbsp;	at java.base/java.lang.reflect.Method.invoke(Method.java:564)
<br>&nbsp;&nbsp;&nbsp;&nbsp;	at io.cucumber.java.Invoker.doInvoke(Invoker.java:66)
<br>&nbsp;&nbsp;&nbsp;&nbsp;	at io.cucumber.java.Invoker.invoke(Invoker.java:24)
<br>&nbsp;&nbsp;&nbsp;&nbsp;	at io.cucumber.java.AbstractGlueDefinition.invokeMethod(AbstractGlueDefinition.java:47)
<br>&nbsp;&nbsp;&nbsp;&nbsp;	at io.cucumber.java.JavaStepDefinition.execute(JavaStepDefinition.java:29)
<br>&nbsp;&nbsp;&nbsp;&nbsp;	at io.cucumber.core.runner.CoreStepDefinition.execute(CoreStepDefinition.java:66)
<br>&nbsp;&nbsp;&nbsp;&nbsp;	at io.cucumber.core.runner.PickleStepDefinitionMatch.runStep(PickleStepDefinitionMatch.java:63)
<br>&nbsp;&nbsp;&nbsp;&nbsp;	at io.cucumber.core.runner.ExecutionMode$1.execute(ExecutionMode.java:10)
<br>&nbsp;&nbsp;&nbsp;&nbsp;	at io.cucumber.core.runner.TestStep.executeStep(TestStep.java:92)
<br>&nbsp;&nbsp;&nbsp;&nbsp;	at io.cucumber.core.runner.TestStep.run(TestStep.java:64)
<br>&nbsp;&nbsp;&nbsp;&nbsp;	at io.cucumber.core.runner.PickleStepTestStep.run(PickleStepTestStep.java:51)
<br>&nbsp;&nbsp;&nbsp;&nbsp;	at io.cucumber.core.runner.TestCase.run(TestCase.java:104)
<br>&nbsp;&nbsp;&nbsp;&nbsp;	at io.cucumber.core.runner.Runner.runPickle(Runner.java:73)
<br>&nbsp;&nbsp;&nbsp;&nbsp;	at io.cucumber.junit.PickleRunners$NoStepDescriptions.run(PickleRunners.java:151)
<br>&nbsp;&nbsp;&nbsp;&nbsp;	at io.cucumber.junit.FeatureRunner.runChild(FeatureRunner.java:135)
<br>&nbsp;&nbsp;&nbsp;&nbsp;	at io.cucumber.junit.FeatureRunner.runChild(FeatureRunner.java:27)
<br>&nbsp;&nbsp;&nbsp;&nbsp;	at org.junit.runners.ParentRunner$4.run(ParentRunner.java:331)
<br>&nbsp;&nbsp;&nbsp;&nbsp;	at org.junit.runners.ParentRunner$1.schedule(ParentRunner.java:79)
<br>&nbsp;&nbsp;&nbsp;&nbsp;	at org.junit.runners.ParentRunner.runChildren(ParentRunner.java:329)
<br>&nbsp;&nbsp;&nbsp;&nbsp;	at org.junit.runners.ParentRunner.access$100(ParentRunner.java:66)
<br>&nbsp;&nbsp;&nbsp;&nbsp;	at org.junit.runners.ParentRunner$2.evaluate(ParentRunner.java:293)
<br>&nbsp;&nbsp;&nbsp;&nbsp;	at org.junit.runners.ParentRunner$3.evaluate(ParentRunner.java:306)
<br>&nbsp;&nbsp;&nbsp;&nbsp;	at org.junit.runners.ParentRunner.run(ParentRunner.java:413)
<br>&nbsp;&nbsp;&nbsp;&nbsp;	at io.cucumber.junit.Cucumber.runChild(Cucumber.java:200)
<br>&nbsp;&nbsp;&nbsp;&nbsp;	at io.cucumber.junit.Cucumber.runChild(Cucumber.java:90)
<br>&nbsp;&nbsp;&nbsp;&nbsp;	at org.junit.runners.ParentRunner$4.run(ParentRunner.java:331)
<br>&nbsp;&nbsp;&nbsp;&nbsp;	at org.junit.runners.ParentRunner$1.schedule(ParentRunner.java:79)
<br>&nbsp;&nbsp;&nbsp;&nbsp;	at org.junit.runners.ParentRunner.runChildren(ParentRunner.java:329)
<br>&nbsp;&nbsp;&nbsp;&nbsp;	at org.junit.runners.ParentRunner.access$100(ParentRunner.java:66)
<br>&nbsp;&nbsp;&nbsp;&nbsp;	at org.junit.runners.ParentRunner$2.evaluate(ParentRunner.java:293)
<br>&nbsp;&nbsp;&nbsp;&nbsp;	at io.cucumber.junit.Cucumber$RunCucumber.evaluate(Cucumber.java:235)
<br>&nbsp;&nbsp;&nbsp;&nbsp;	at org.junit.runners.ParentRunner$3.evaluate(ParentRunner.java:306)
<br>&nbsp;&nbsp;&nbsp;&nbsp;	at org.junit.runners.ParentRunner.run(ParentRunner.java:413)
<br>&nbsp;&nbsp;&nbsp;&nbsp;	at org.junit.runner.JUnitCore.run(JUnitCore.java:137)
<br>&nbsp;&nbsp;&nbsp;&nbsp;	at com.intellij.junit4.JUnit4IdeaTestRunner.startRunnerWithArgs(JUnit4IdeaTestRunner.java:69)
<br>&nbsp;&nbsp;&nbsp;&nbsp;	at com.intellij.rt.junit.IdeaTestRunner$Repeater.startRunnerWithArgs(IdeaTestRunner.java:33)
<br>&nbsp;&nbsp;&nbsp;&nbsp;	at com.intellij.rt.junit.JUnitStarter.prepareStreamsAndStart(JUnitStarter.java:220)
<br>&nbsp;&nbsp;&nbsp;&nbsp;	at com.intellij.rt.junit.JUnitStarter.main(JUnitStarter.java:53)
</td></tr>

<tr>
<td>115056</td>
<td title="main thread">main</td>
<td title="Level">INFO</td>
<td title="library.SeleniumLibrary category">library.SeleniumLibrary</td>
<td>SeleniumLibrary.java:185</td>
<td title="Message">getCurrentTime() ---&gt; 20210323233933959</td>
</tr>

<tr>
<td>115430</td>
<td title="main thread">main</td>
<td title="Level">INFO</td>
<td title="library.SeleniumLibrary category">library.SeleniumLibrary</td>
<td>SeleniumLibrary.java:174</td>
<td title="Message">Screenshot location: /Users/siripornsingkhamsirikul/IdeaProjects/AutomationPracticeCucumber/target/screenshots/User purchase item_20210323233933959.png</td>
</tr>

<tr>
<td>133067</td>
<td title="main thread">main</td>
<td title="Level">INFO</td>
<td title="library.SeleniumLibrary category">library.SeleniumLibrary</td>
<td>SeleniumLibrary.java:71</td>
<td title="Message">Your order on My Store is complete.</td>
</tr>

<tr>
<td>140375</td>
<td title="main thread">main</td>
<td title="Level"><font color="#993300"><strong>ERROR</strong></font></td>
<td title="library.SeleniumLibrary category">library.SeleniumLibrary</td>
<td>SeleniumLibrary.java:85</td>
<td title="Message">Error: </td>
</tr>
<tr><td bgcolor="#993300" style="color:White; font-size : xx-small;" colspan="6">org.openqa.selenium.ElementNotInteractableException: element not interactable: element has zero size
<br>&nbsp;&nbsp;&nbsp;&nbsp;  (Session info: headless chrome=89.0.4389.90)
<br>&nbsp;&nbsp;&nbsp;&nbsp;Build info: version: '4.0.0-beta-2', revision: '4ec0cfc112'
<br>&nbsp;&nbsp;&nbsp;&nbsp;System info: host: 'Siriporns-MacBook-Pro.local', ip: '2600:8806:6101:a200:0:0:0:45e5%en0', os.name: 'Mac OS X', os.arch: 'aarch64', os.version: '11.2.3', java.version: '15.0.2'
<br>&nbsp;&nbsp;&nbsp;&nbsp;Driver info: org.openqa.selenium.chrome.ChromeDriver
<br>&nbsp;&nbsp;&nbsp;&nbsp;Command: [2fad53f0b620f670ce638f9241ad4369, clickElement {id=2291977a-bdaa-41b5-837b-3191af0383fd}]
<br>&nbsp;&nbsp;&nbsp;&nbsp;Capabilities {acceptInsecureCerts: false, browserName: chrome, browserVersion: 89.0.4389.90, chrome: {chromedriverVersion: 89.0.4389.23 (61b08ee2c5002..., userDataDir: /var/folders/bt/5mrdvm916c9...}, goog:chromeOptions: {debuggerAddress: localhost:57191}, javascriptEnabled: true, networkConnectionEnabled: false, pageLoadStrategy: normal, platform: MAC, platformName: MAC, proxy: Proxy(), setWindowRect: true, strictFileInteractability: false, timeouts: {implicit: 0, pageLoad: 300000, script: 30000}, unhandledPromptBehavior: dismiss and notify, webauthn:extension:largeBlob: true, webauthn:virtualAuthenticators: true}
<br>&nbsp;&nbsp;&nbsp;&nbsp;Element: [[ChromeDriver: chrome on MAC (2fad53f0b620f670ce638f9241ad4369)] -&gt; css selector: a[name='Blue']]
<br>&nbsp;&nbsp;&nbsp;&nbsp;Session ID: 2fad53f0b620f670ce638f9241ad4369
<br>&nbsp;&nbsp;&nbsp;&nbsp;	at java.base/jdk.internal.reflect.NativeConstructorAccessorImpl.newInstance0(Native Method)
<br>&nbsp;&nbsp;&nbsp;&nbsp;	at java.base/jdk.internal.reflect.NativeConstructorAccessorImpl.newInstance(NativeConstructorAccessorImpl.java:64)
<br>&nbsp;&nbsp;&nbsp;&nbsp;	at java.base/jdk.internal.reflect.DelegatingConstructorAccessorImpl.newInstance(DelegatingConstructorAccessorImpl.java:45)
<br>&nbsp;&nbsp;&nbsp;&nbsp;	at java.base/java.lang.reflect.Constructor.newInstanceWithCaller(Constructor.java:500)
<br>&nbsp;&nbsp;&nbsp;&nbsp;	at java.base/java.lang.reflect.Constructor.newInstance(Constructor.java:481)
<br>&nbsp;&nbsp;&nbsp;&nbsp;	at org.openqa.selenium.remote.codec.w3c.W3CHttpResponseCodec.createException(W3CHttpResponseCodec.java:195)
<br>&nbsp;&nbsp;&nbsp;&nbsp;	at org.openqa.selenium.remote.codec.w3c.W3CHttpResponseCodec.decode(W3CHttpResponseCodec.java:128)
<br>&nbsp;&nbsp;&nbsp;&nbsp;	at org.openqa.selenium.remote.codec.w3c.W3CHttpResponseCodec.decode(W3CHttpResponseCodec.java:52)
<br>&nbsp;&nbsp;&nbsp;&nbsp;	at org.openqa.selenium.remote.HttpCommandExecutor.execute(HttpCommandExecutor.java:187)
<br>&nbsp;&nbsp;&nbsp;&nbsp;	at org.openqa.selenium.remote.service.DriverCommandExecutor.invokeExecute(DriverCommandExecutor.java:153)
<br>&nbsp;&nbsp;&nbsp;&nbsp;	at org.openqa.selenium.remote.service.DriverCommandExecutor.execute(DriverCommandExecutor.java:128)
<br>&nbsp;&nbsp;&nbsp;&nbsp;	at org.openqa.selenium.remote.RemoteWebDriver.execute(RemoteWebDriver.java:620)
<br>&nbsp;&nbsp;&nbsp;&nbsp;	at org.openqa.selenium.remote.RemoteWebElement.execute(RemoteWebElement.java:239)
<br>&nbsp;&nbsp;&nbsp;&nbsp;	at org.openqa.selenium.remote.RemoteWebElement.click(RemoteWebElement.java:77)
<br>&nbsp;&nbsp;&nbsp;&nbsp;	at library.SeleniumLibrary.selectAndVerifyElementSelected(SeleniumLibrary.java:82)
<br>&nbsp;&nbsp;&nbsp;&nbsp;	at pages.AddToCartPage.userChooseQuantityAndSizeAndColor(AddToCartPage.java:18)
<br>&nbsp;&nbsp;&nbsp;&nbsp;	at stepDefinitions.AddToCartSteps.user_choose_and_and(AddToCartSteps.java:20)
<br>&nbsp;&nbsp;&nbsp;&nbsp;	at java.base/jdk.internal.reflect.NativeMethodAccessorImpl.invoke0(Native Method)
<br>&nbsp;&nbsp;&nbsp;&nbsp;	at java.base/jdk.internal.reflect.NativeMethodAccessorImpl.invoke(NativeMethodAccessorImpl.java:64)
<br>&nbsp;&nbsp;&nbsp;&nbsp;	at java.base/jdk.internal.reflect.DelegatingMethodAccessorImpl.invoke(DelegatingMethodAccessorImpl.java:43)
<br>&nbsp;&nbsp;&nbsp;&nbsp;	at java.base/java.lang.reflect.Method.invoke(Method.java:564)
<br>&nbsp;&nbsp;&nbsp;&nbsp;	at io.cucumber.java.Invoker.doInvoke(Invoker.java:66)
<br>&nbsp;&nbsp;&nbsp;&nbsp;	at io.cucumber.java.Invoker.invoke(Invoker.java:24)
<br>&nbsp;&nbsp;&nbsp;&nbsp;	at io.cucumber.java.AbstractGlueDefinition.invokeMethod(AbstractGlueDefinition.java:47)
<br>&nbsp;&nbsp;&nbsp;&nbsp;	at io.cucumber.java.JavaStepDefinition.execute(JavaStepDefinition.java:29)
<br>&nbsp;&nbsp;&nbsp;&nbsp;	at io.cucumber.core.runner.CoreStepDefinition.execute(CoreStepDefinition.java:66)
<br>&nbsp;&nbsp;&nbsp;&nbsp;	at io.cucumber.core.runner.PickleStepDefinitionMatch.runStep(PickleStepDefinitionMatch.java:63)
<br>&nbsp;&nbsp;&nbsp;&nbsp;	at io.cucumber.core.runner.ExecutionMode$1.execute(ExecutionMode.java:10)
<br>&nbsp;&nbsp;&nbsp;&nbsp;	at io.cucumber.core.runner.TestStep.executeStep(TestStep.java:92)
<br>&nbsp;&nbsp;&nbsp;&nbsp;	at io.cucumber.core.runner.TestStep.run(TestStep.java:64)
<br>&nbsp;&nbsp;&nbsp;&nbsp;	at io.cucumber.core.runner.PickleStepTestStep.run(PickleStepTestStep.java:51)
<br>&nbsp;&nbsp;&nbsp;&nbsp;	at io.cucumber.core.runner.TestCase.run(TestCase.java:104)
<br>&nbsp;&nbsp;&nbsp;&nbsp;	at io.cucumber.core.runner.Runner.runPickle(Runner.java:73)
<br>&nbsp;&nbsp;&nbsp;&nbsp;	at io.cucumber.junit.PickleRunners$NoStepDescriptions.run(PickleRunners.java:151)
<br>&nbsp;&nbsp;&nbsp;&nbsp;	at io.cucumber.junit.FeatureRunner.runChild(FeatureRunner.java:135)
<br>&nbsp;&nbsp;&nbsp;&nbsp;	at io.cucumber.junit.FeatureRunner.runChild(FeatureRunner.java:27)
<br>&nbsp;&nbsp;&nbsp;&nbsp;	at org.junit.runners.ParentRunner$4.run(ParentRunner.java:331)
<br>&nbsp;&nbsp;&nbsp;&nbsp;	at org.junit.runners.ParentRunner$1.schedule(ParentRunner.java:79)
<br>&nbsp;&nbsp;&nbsp;&nbsp;	at org.junit.runners.ParentRunner.runChildren(ParentRunner.java:329)
<br>&nbsp;&nbsp;&nbsp;&nbsp;	at org.junit.runners.ParentRunner.access$100(ParentRunner.java:66)
<br>&nbsp;&nbsp;&nbsp;&nbsp;	at org.junit.runners.ParentRunner$2.evaluate(ParentRunner.java:293)
<br>&nbsp;&nbsp;&nbsp;&nbsp;	at org.junit.runners.ParentRunner$3.evaluate(ParentRunner.java:306)
<br>&nbsp;&nbsp;&nbsp;&nbsp;	at org.junit.runners.ParentRunner.run(ParentRunner.java:413)
<br>&nbsp;&nbsp;&nbsp;&nbsp;	at io.cucumber.junit.Cucumber.runChild(Cucumber.java:200)
<br>&nbsp;&nbsp;&nbsp;&nbsp;	at io.cucumber.junit.Cucumber.runChild(Cucumber.java:90)
<br>&nbsp;&nbsp;&nbsp;&nbsp;	at org.junit.runners.ParentRunner$4.run(ParentRunner.java:331)
<br>&nbsp;&nbsp;&nbsp;&nbsp;	at org.junit.runners.ParentRunner$1.schedule(ParentRunner.java:79)
<br>&nbsp;&nbsp;&nbsp;&nbsp;	at org.junit.runners.ParentRunner.runChildren(ParentRunner.java:329)
<br>&nbsp;&nbsp;&nbsp;&nbsp;	at org.junit.runners.ParentRunner.access$100(ParentRunner.java:66)
<br>&nbsp;&nbsp;&nbsp;&nbsp;	at org.junit.runners.ParentRunner$2.evaluate(ParentRunner.java:293)
<br>&nbsp;&nbsp;&nbsp;&nbsp;	at io.cucumber.junit.Cucumber$RunCucumber.evaluate(Cucumber.java:235)
<br>&nbsp;&nbsp;&nbsp;&nbsp;	at org.junit.runners.ParentRunner$3.evaluate(ParentRunner.java:306)
<br>&nbsp;&nbsp;&nbsp;&nbsp;	at org.junit.runners.ParentRunner.run(ParentRunner.java:413)
<br>&nbsp;&nbsp;&nbsp;&nbsp;	at org.junit.runner.JUnitCore.run(JUnitCore.java:137)
<br>&nbsp;&nbsp;&nbsp;&nbsp;	at com.intellij.junit4.JUnit4IdeaTestRunner.startRunnerWithArgs(JUnit4IdeaTestRunner.java:69)
<br>&nbsp;&nbsp;&nbsp;&nbsp;	at com.intellij.rt.junit.IdeaTestRunner$Repeater.startRunnerWithArgs(IdeaTestRunner.java:33)
<br>&nbsp;&nbsp;&nbsp;&nbsp;	at com.intellij.rt.junit.JUnitStarter.prepareStreamsAndStart(JUnitStarter.java:220)
<br>&nbsp;&nbsp;&nbsp;&nbsp;	at com.intellij.rt.junit.JUnitStarter.main(JUnitStarter.java:53)
</td></tr>

<tr>
<td>140376</td>
<td title="main thread">main</td>
<td title="Level">INFO</td>
<td title="library.SeleniumLibrary category">library.SeleniumLibrary</td>
<td>SeleniumLibrary.java:185</td>
<td title="Message">getCurrentTime() ---&gt; 2021032323395928</td>
</tr>

<tr>
<td>140744</td>
<td title="main thread">main</td>
<td title="Level">INFO</td>
<td title="library.SeleniumLibrary category">library.SeleniumLibrary</td>
<td>SeleniumLibrary.java:174</td>
<td title="Message">Screenshot location: /Users/siripornsingkhamsirikul/IdeaProjects/AutomationPracticeCucumber/target/screenshots/User purchase item_2021032323395928.png</td>
</tr>

<tr>
<td>155606</td>
<td title="main thread">main</td>
<td title="Level">INFO</td>
<td title="library.SeleniumLibrary category">library.SeleniumLibrary</td>
<td>SeleniumLibrary.java:71</td>
<td title="Message">Your order on My Store is complete.</td>
</tr>

<tr>
<td>174501</td>
<td title="main thread">main</td>
<td title="Level">INFO</td>
<td title="library.SeleniumLibrary category">library.SeleniumLibrary</td>
<td>SeleniumLibrary.java:71</td>
<td title="Message">Your order on My Store is complete.</td>
</tr>

<tr>
<td>194177</td>
<td title="main thread">main</td>
<td title="Level">INFO</td>
<td title="library.SeleniumLibrary category">library.SeleniumLibrary</td>
<td>SeleniumLibrary.java:71</td>
<td title="Message">Your order on My Store is complete.</td>
</tr>

<tr>
<td>212260</td>
<td title="main thread">main</td>
<td title="Level">INFO</td>
<td title="library.SeleniumLibrary category">library.SeleniumLibrary</td>
<td>SeleniumLibrary.java:71</td>
<td title="Message">Your order on My Store is complete.</td>
</tr>
<!DOCTYPE HTML PUBLIC "-//W3C//DTD HTML 4.01 Transitional//EN" "http://www.w3.org/TR/html4/loose.dtd">
<html>
<head>
<title>Selenium Logs</title>
<style type="text/css">
<!--
body, table {font-family: arial,sans-serif; font-size: x-small;}
th {background: #336699; color: #FFFFFF; text-align: left;}
-->
</style>
</head>
<body bgcolor="#FFFFFF" topmargin="6" leftmargin="6">
<hr size="1" noshade>
Log session start time Tue Mar 23 23:46:02 EDT 2021<br>
<br>
<table cellspacing="0" cellpadding="4" border="1" bordercolor="#224466" width="100%">
<tr>
<th>Time</th>
<th>Thread</th>
<th>Level</th>
<th>Category</th>
<th>File:Line</th>
<th>Message</th>
</tr>

<tr>
<td>0</td>
<td title="main thread">main</td>
<td title="Level">INFO</td>
<td title="library.SeleniumLibrary category">library.SeleniumLibrary</td>
<td>SeleniumLibrary.java:71</td>
<td title="Message">Your order on My Store is complete.</td>
</tr>

<tr>
<td>7286</td>
<td title="main thread">main</td>
<td title="Level"><font color="#993300"><strong>ERROR</strong></font></td>
<td title="library.SeleniumLibrary category">library.SeleniumLibrary</td>
<td>SeleniumLibrary.java:85</td>
<td title="Message">Error: </td>
</tr>
<tr><td bgcolor="#993300" style="color:White; font-size : xx-small;" colspan="6">org.openqa.selenium.ElementNotInteractableException: element not interactable: element has zero size
<br>&nbsp;&nbsp;&nbsp;&nbsp;  (Session info: headless chrome=89.0.4389.90)
<br>&nbsp;&nbsp;&nbsp;&nbsp;Build info: version: '4.0.0-beta-2', revision: '4ec0cfc112'
<br>&nbsp;&nbsp;&nbsp;&nbsp;System info: host: 'Siriporns-MacBook-Pro.local', ip: '2600:8806:6101:a200:0:0:0:45e5%en0', os.name: 'Mac OS X', os.arch: 'aarch64', os.version: '11.2.3', java.version: '15.0.2'
<br>&nbsp;&nbsp;&nbsp;&nbsp;Driver info: org.openqa.selenium.chrome.ChromeDriver
<br>&nbsp;&nbsp;&nbsp;&nbsp;Command: [c2dcfd6927723a226b461e0efa11e007, clickElement {id=078ae2e3-309b-4367-a3a6-daf351f443e8}]
<br>&nbsp;&nbsp;&nbsp;&nbsp;Capabilities {acceptInsecureCerts: false, browserName: chrome, browserVersion: 89.0.4389.90, chrome: {chromedriverVersion: 89.0.4389.23 (61b08ee2c5002..., userDataDir: /var/folders/bt/5mrdvm916c9...}, goog:chromeOptions: {debuggerAddress: localhost:59463}, javascriptEnabled: true, networkConnectionEnabled: false, pageLoadStrategy: normal, platform: MAC, platformName: MAC, proxy: Proxy(), setWindowRect: true, strictFileInteractability: false, timeouts: {implicit: 0, pageLoad: 300000, script: 30000}, unhandledPromptBehavior: dismiss and notify, webauthn:extension:largeBlob: true, webauthn:virtualAuthenticators: true}
<br>&nbsp;&nbsp;&nbsp;&nbsp;Element: [[ChromeDriver: chrome on MAC (c2dcfd6927723a226b461e0efa11e007)] -&gt; css selector: a[name='White']]
<br>&nbsp;&nbsp;&nbsp;&nbsp;Session ID: c2dcfd6927723a226b461e0efa11e007
<br>&nbsp;&nbsp;&nbsp;&nbsp;	at java.base/jdk.internal.reflect.NativeConstructorAccessorImpl.newInstance0(Native Method)
<br>&nbsp;&nbsp;&nbsp;&nbsp;	at java.base/jdk.internal.reflect.NativeConstructorAccessorImpl.newInstance(NativeConstructorAccessorImpl.java:64)
<br>&nbsp;&nbsp;&nbsp;&nbsp;	at java.base/jdk.internal.reflect.DelegatingConstructorAccessorImpl.newInstance(DelegatingConstructorAccessorImpl.java:45)
<br>&nbsp;&nbsp;&nbsp;&nbsp;	at java.base/java.lang.reflect.Constructor.newInstanceWithCaller(Constructor.java:500)
<br>&nbsp;&nbsp;&nbsp;&nbsp;	at java.base/java.lang.reflect.Constructor.newInstance(Constructor.java:481)
<br>&nbsp;&nbsp;&nbsp;&nbsp;	at org.openqa.selenium.remote.codec.w3c.W3CHttpResponseCodec.createException(W3CHttpResponseCodec.java:195)
<br>&nbsp;&nbsp;&nbsp;&nbsp;	at org.openqa.selenium.remote.codec.w3c.W3CHttpResponseCodec.decode(W3CHttpResponseCodec.java:128)
<br>&nbsp;&nbsp;&nbsp;&nbsp;	at org.openqa.selenium.remote.codec.w3c.W3CHttpResponseCodec.decode(W3CHttpResponseCodec.java:52)
<br>&nbsp;&nbsp;&nbsp;&nbsp;	at org.openqa.selenium.remote.HttpCommandExecutor.execute(HttpCommandExecutor.java:187)
<br>&nbsp;&nbsp;&nbsp;&nbsp;	at org.openqa.selenium.remote.service.DriverCommandExecutor.invokeExecute(DriverCommandExecutor.java:153)
<br>&nbsp;&nbsp;&nbsp;&nbsp;	at org.openqa.selenium.remote.service.DriverCommandExecutor.execute(DriverCommandExecutor.java:128)
<br>&nbsp;&nbsp;&nbsp;&nbsp;	at org.openqa.selenium.remote.RemoteWebDriver.execute(RemoteWebDriver.java:620)
<br>&nbsp;&nbsp;&nbsp;&nbsp;	at org.openqa.selenium.remote.RemoteWebElement.execute(RemoteWebElement.java:239)
<br>&nbsp;&nbsp;&nbsp;&nbsp;	at org.openqa.selenium.remote.RemoteWebElement.click(RemoteWebElement.java:77)
<br>&nbsp;&nbsp;&nbsp;&nbsp;	at library.SeleniumLibrary.selectAndVerifyElementSelected(SeleniumLibrary.java:82)
<br>&nbsp;&nbsp;&nbsp;&nbsp;	at pages.AddToCartPage.userChooseQuantityAndSizeAndColor(AddToCartPage.java:18)
<br>&nbsp;&nbsp;&nbsp;&nbsp;	at stepDefinitions.AddToCartSteps.user_choose_and_and(AddToCartSteps.java:20)
<br>&nbsp;&nbsp;&nbsp;&nbsp;	at java.base/jdk.internal.reflect.NativeMethodAccessorImpl.invoke0(Native Method)
<br>&nbsp;&nbsp;&nbsp;&nbsp;	at java.base/jdk.internal.reflect.NativeMethodAccessorImpl.invoke(NativeMethodAccessorImpl.java:64)
<br>&nbsp;&nbsp;&nbsp;&nbsp;	at java.base/jdk.internal.reflect.DelegatingMethodAccessorImpl.invoke(DelegatingMethodAccessorImpl.java:43)
<br>&nbsp;&nbsp;&nbsp;&nbsp;	at java.base/java.lang.reflect.Method.invoke(Method.java:564)
<br>&nbsp;&nbsp;&nbsp;&nbsp;	at io.cucumber.java.Invoker.doInvoke(Invoker.java:66)
<br>&nbsp;&nbsp;&nbsp;&nbsp;	at io.cucumber.java.Invoker.invoke(Invoker.java:24)
<br>&nbsp;&nbsp;&nbsp;&nbsp;	at io.cucumber.java.AbstractGlueDefinition.invokeMethod(AbstractGlueDefinition.java:47)
<br>&nbsp;&nbsp;&nbsp;&nbsp;	at io.cucumber.java.JavaStepDefinition.execute(JavaStepDefinition.java:29)
<br>&nbsp;&nbsp;&nbsp;&nbsp;	at io.cucumber.core.runner.CoreStepDefinition.execute(CoreStepDefinition.java:66)
<br>&nbsp;&nbsp;&nbsp;&nbsp;	at io.cucumber.core.runner.PickleStepDefinitionMatch.runStep(PickleStepDefinitionMatch.java:63)
<br>&nbsp;&nbsp;&nbsp;&nbsp;	at io.cucumber.core.runner.ExecutionMode$1.execute(ExecutionMode.java:10)
<br>&nbsp;&nbsp;&nbsp;&nbsp;	at io.cucumber.core.runner.TestStep.executeStep(TestStep.java:92)
<br>&nbsp;&nbsp;&nbsp;&nbsp;	at io.cucumber.core.runner.TestStep.run(TestStep.java:64)
<br>&nbsp;&nbsp;&nbsp;&nbsp;	at io.cucumber.core.runner.PickleStepTestStep.run(PickleStepTestStep.java:51)
<br>&nbsp;&nbsp;&nbsp;&nbsp;	at io.cucumber.core.runner.TestCase.run(TestCase.java:104)
<br>&nbsp;&nbsp;&nbsp;&nbsp;	at io.cucumber.core.runner.Runner.runPickle(Runner.java:73)
<br>&nbsp;&nbsp;&nbsp;&nbsp;	at io.cucumber.junit.PickleRunners$NoStepDescriptions.run(PickleRunners.java:151)
<br>&nbsp;&nbsp;&nbsp;&nbsp;	at io.cucumber.junit.FeatureRunner.runChild(FeatureRunner.java:135)
<br>&nbsp;&nbsp;&nbsp;&nbsp;	at io.cucumber.junit.FeatureRunner.runChild(FeatureRunner.java:27)
<br>&nbsp;&nbsp;&nbsp;&nbsp;	at org.junit.runners.ParentRunner$4.run(ParentRunner.java:331)
<br>&nbsp;&nbsp;&nbsp;&nbsp;	at org.junit.runners.ParentRunner$1.schedule(ParentRunner.java:79)
<br>&nbsp;&nbsp;&nbsp;&nbsp;	at org.junit.runners.ParentRunner.runChildren(ParentRunner.java:329)
<br>&nbsp;&nbsp;&nbsp;&nbsp;	at org.junit.runners.ParentRunner.access$100(ParentRunner.java:66)
<br>&nbsp;&nbsp;&nbsp;&nbsp;	at org.junit.runners.ParentRunner$2.evaluate(ParentRunner.java:293)
<br>&nbsp;&nbsp;&nbsp;&nbsp;	at org.junit.runners.ParentRunner$3.evaluate(ParentRunner.java:306)
<br>&nbsp;&nbsp;&nbsp;&nbsp;	at org.junit.runners.ParentRunner.run(ParentRunner.java:413)
<br>&nbsp;&nbsp;&nbsp;&nbsp;	at io.cucumber.junit.Cucumber.runChild(Cucumber.java:200)
<br>&nbsp;&nbsp;&nbsp;&nbsp;	at io.cucumber.junit.Cucumber.runChild(Cucumber.java:90)
<br>&nbsp;&nbsp;&nbsp;&nbsp;	at org.junit.runners.ParentRunner$4.run(ParentRunner.java:331)
<br>&nbsp;&nbsp;&nbsp;&nbsp;	at org.junit.runners.ParentRunner$1.schedule(ParentRunner.java:79)
<br>&nbsp;&nbsp;&nbsp;&nbsp;	at org.junit.runners.ParentRunner.runChildren(ParentRunner.java:329)
<br>&nbsp;&nbsp;&nbsp;&nbsp;	at org.junit.runners.ParentRunner.access$100(ParentRunner.java:66)
<br>&nbsp;&nbsp;&nbsp;&nbsp;	at org.junit.runners.ParentRunner$2.evaluate(ParentRunner.java:293)
<br>&nbsp;&nbsp;&nbsp;&nbsp;	at io.cucumber.junit.Cucumber$RunCucumber.evaluate(Cucumber.java:235)
<br>&nbsp;&nbsp;&nbsp;&nbsp;	at org.junit.runners.ParentRunner$3.evaluate(ParentRunner.java:306)
<br>&nbsp;&nbsp;&nbsp;&nbsp;	at org.junit.runners.ParentRunner.run(ParentRunner.java:413)
<br>&nbsp;&nbsp;&nbsp;&nbsp;	at org.junit.runner.JUnitCore.run(JUnitCore.java:137)
<br>&nbsp;&nbsp;&nbsp;&nbsp;	at com.intellij.junit4.JUnit4IdeaTestRunner.startRunnerWithArgs(JUnit4IdeaTestRunner.java:69)
<br>&nbsp;&nbsp;&nbsp;&nbsp;	at com.intellij.rt.junit.IdeaTestRunner$Repeater.startRunnerWithArgs(IdeaTestRunner.java:33)
<br>&nbsp;&nbsp;&nbsp;&nbsp;	at com.intellij.rt.junit.JUnitStarter.prepareStreamsAndStart(JUnitStarter.java:220)
<br>&nbsp;&nbsp;&nbsp;&nbsp;	at com.intellij.rt.junit.JUnitStarter.main(JUnitStarter.java:53)
</td></tr>

<tr>
<td>7291</td>
<td title="main thread">main</td>
<td title="Level">INFO</td>
<td title="library.SeleniumLibrary category">library.SeleniumLibrary</td>
<td>SeleniumLibrary.java:185</td>
<td title="Message">getCurrentTime() ---&gt; 20210323234625644</td>
</tr>

<tr>
<td>7549</td>
<td title="main thread">main</td>
<td title="Level">INFO</td>
<td title="library.SeleniumLibrary category">library.SeleniumLibrary</td>
<td>SeleniumLibrary.java:174</td>
<td title="Message">Screenshot location: /Users/siripornsingkhamsirikul/IdeaProjects/AutomationPracticeCucumber/target/screenshots/User purchase item_20210323234625644.png</td>
</tr>

<tr>
<td>23456</td>
<td title="main thread">main</td>
<td title="Level">INFO</td>
<td title="library.SeleniumLibrary category">library.SeleniumLibrary</td>
<td>SeleniumLibrary.java:71</td>
<td title="Message">Your order on My Store is complete.</td>
</tr>

<tr>
<td>30861</td>
<td title="main thread">main</td>
<td title="Level"><font color="#993300"><strong>ERROR</strong></font></td>
<td title="library.SeleniumLibrary category">library.SeleniumLibrary</td>
<td>SeleniumLibrary.java:85</td>
<td title="Message">Error: </td>
</tr>
<tr><td bgcolor="#993300" style="color:White; font-size : xx-small;" colspan="6">org.openqa.selenium.ElementNotInteractableException: element not interactable: element has zero size
<br>&nbsp;&nbsp;&nbsp;&nbsp;  (Session info: headless chrome=89.0.4389.90)
<br>&nbsp;&nbsp;&nbsp;&nbsp;Build info: version: '4.0.0-beta-2', revision: '4ec0cfc112'
<br>&nbsp;&nbsp;&nbsp;&nbsp;System info: host: 'Siriporns-MacBook-Pro.local', ip: '2600:8806:6101:a200:0:0:0:45e5%en0', os.name: 'Mac OS X', os.arch: 'aarch64', os.version: '11.2.3', java.version: '15.0.2'
<br>&nbsp;&nbsp;&nbsp;&nbsp;Driver info: org.openqa.selenium.chrome.ChromeDriver
<br>&nbsp;&nbsp;&nbsp;&nbsp;Command: [80ee88a11ffe3f5017295673ceaf8157, clickElement {id=3f6824ff-3f01-4e01-984f-bcba2dc138a3}]
<br>&nbsp;&nbsp;&nbsp;&nbsp;Capabilities {acceptInsecureCerts: false, browserName: chrome, browserVersion: 89.0.4389.90, chrome: {chromedriverVersion: 89.0.4389.23 (61b08ee2c5002..., userDataDir: /var/folders/bt/5mrdvm916c9...}, goog:chromeOptions: {debuggerAddress: localhost:59629}, javascriptEnabled: true, networkConnectionEnabled: false, pageLoadStrategy: normal, platform: MAC, platformName: MAC, proxy: Proxy(), setWindowRect: true, strictFileInteractability: false, timeouts: {implicit: 0, pageLoad: 300000, script: 30000}, unhandledPromptBehavior: dismiss and notify, webauthn:extension:largeBlob: true, webauthn:virtualAuthenticators: true}
<br>&nbsp;&nbsp;&nbsp;&nbsp;Element: [[ChromeDriver: chrome on MAC (80ee88a11ffe3f5017295673ceaf8157)] -&gt; css selector: a[name='Blue']]
<br>&nbsp;&nbsp;&nbsp;&nbsp;Session ID: 80ee88a11ffe3f5017295673ceaf8157
<br>&nbsp;&nbsp;&nbsp;&nbsp;	at java.base/jdk.internal.reflect.NativeConstructorAccessorImpl.newInstance0(Native Method)
<br>&nbsp;&nbsp;&nbsp;&nbsp;	at java.base/jdk.internal.reflect.NativeConstructorAccessorImpl.newInstance(NativeConstructorAccessorImpl.java:64)
<br>&nbsp;&nbsp;&nbsp;&nbsp;	at java.base/jdk.internal.reflect.DelegatingConstructorAccessorImpl.newInstance(DelegatingConstructorAccessorImpl.java:45)
<br>&nbsp;&nbsp;&nbsp;&nbsp;	at java.base/java.lang.reflect.Constructor.newInstanceWithCaller(Constructor.java:500)
<br>&nbsp;&nbsp;&nbsp;&nbsp;	at java.base/java.lang.reflect.Constructor.newInstance(Constructor.java:481)
<br>&nbsp;&nbsp;&nbsp;&nbsp;	at org.openqa.selenium.remote.codec.w3c.W3CHttpResponseCodec.createException(W3CHttpResponseCodec.java:195)
<br>&nbsp;&nbsp;&nbsp;&nbsp;	at org.openqa.selenium.remote.codec.w3c.W3CHttpResponseCodec.decode(W3CHttpResponseCodec.java:128)
<br>&nbsp;&nbsp;&nbsp;&nbsp;	at org.openqa.selenium.remote.codec.w3c.W3CHttpResponseCodec.decode(W3CHttpResponseCodec.java:52)
<br>&nbsp;&nbsp;&nbsp;&nbsp;	at org.openqa.selenium.remote.HttpCommandExecutor.execute(HttpCommandExecutor.java:187)
<br>&nbsp;&nbsp;&nbsp;&nbsp;	at org.openqa.selenium.remote.service.DriverCommandExecutor.invokeExecute(DriverCommandExecutor.java:153)
<br>&nbsp;&nbsp;&nbsp;&nbsp;	at org.openqa.selenium.remote.service.DriverCommandExecutor.execute(DriverCommandExecutor.java:128)
<br>&nbsp;&nbsp;&nbsp;&nbsp;	at org.openqa.selenium.remote.RemoteWebDriver.execute(RemoteWebDriver.java:620)
<br>&nbsp;&nbsp;&nbsp;&nbsp;	at org.openqa.selenium.remote.RemoteWebElement.execute(RemoteWebElement.java:239)
<br>&nbsp;&nbsp;&nbsp;&nbsp;	at org.openqa.selenium.remote.RemoteWebElement.click(RemoteWebElement.java:77)
<br>&nbsp;&nbsp;&nbsp;&nbsp;	at library.SeleniumLibrary.selectAndVerifyElementSelected(SeleniumLibrary.java:82)
<br>&nbsp;&nbsp;&nbsp;&nbsp;	at pages.AddToCartPage.userChooseQuantityAndSizeAndColor(AddToCartPage.java:18)
<br>&nbsp;&nbsp;&nbsp;&nbsp;	at stepDefinitions.AddToCartSteps.user_choose_and_and(AddToCartSteps.java:20)
<br>&nbsp;&nbsp;&nbsp;&nbsp;	at java.base/jdk.internal.reflect.NativeMethodAccessorImpl.invoke0(Native Method)
<br>&nbsp;&nbsp;&nbsp;&nbsp;	at java.base/jdk.internal.reflect.NativeMethodAccessorImpl.invoke(NativeMethodAccessorImpl.java:64)
<br>&nbsp;&nbsp;&nbsp;&nbsp;	at java.base/jdk.internal.reflect.DelegatingMethodAccessorImpl.invoke(DelegatingMethodAccessorImpl.java:43)
<br>&nbsp;&nbsp;&nbsp;&nbsp;	at java.base/java.lang.reflect.Method.invoke(Method.java:564)
<br>&nbsp;&nbsp;&nbsp;&nbsp;	at io.cucumber.java.Invoker.doInvoke(Invoker.java:66)
<br>&nbsp;&nbsp;&nbsp;&nbsp;	at io.cucumber.java.Invoker.invoke(Invoker.java:24)
<br>&nbsp;&nbsp;&nbsp;&nbsp;	at io.cucumber.java.AbstractGlueDefinition.invokeMethod(AbstractGlueDefinition.java:47)
<br>&nbsp;&nbsp;&nbsp;&nbsp;	at io.cucumber.java.JavaStepDefinition.execute(JavaStepDefinition.java:29)
<br>&nbsp;&nbsp;&nbsp;&nbsp;	at io.cucumber.core.runner.CoreStepDefinition.execute(CoreStepDefinition.java:66)
<br>&nbsp;&nbsp;&nbsp;&nbsp;	at io.cucumber.core.runner.PickleStepDefinitionMatch.runStep(PickleStepDefinitionMatch.java:63)
<br>&nbsp;&nbsp;&nbsp;&nbsp;	at io.cucumber.core.runner.ExecutionMode$1.execute(ExecutionMode.java:10)
<br>&nbsp;&nbsp;&nbsp;&nbsp;	at io.cucumber.core.runner.TestStep.executeStep(TestStep.java:92)
<br>&nbsp;&nbsp;&nbsp;&nbsp;	at io.cucumber.core.runner.TestStep.run(TestStep.java:64)
<br>&nbsp;&nbsp;&nbsp;&nbsp;	at io.cucumber.core.runner.PickleStepTestStep.run(PickleStepTestStep.java:51)
<br>&nbsp;&nbsp;&nbsp;&nbsp;	at io.cucumber.core.runner.TestCase.run(TestCase.java:104)
<br>&nbsp;&nbsp;&nbsp;&nbsp;	at io.cucumber.core.runner.Runner.runPickle(Runner.java:73)
<br>&nbsp;&nbsp;&nbsp;&nbsp;	at io.cucumber.junit.PickleRunners$NoStepDescriptions.run(PickleRunners.java:151)
<br>&nbsp;&nbsp;&nbsp;&nbsp;	at io.cucumber.junit.FeatureRunner.runChild(FeatureRunner.java:135)
<br>&nbsp;&nbsp;&nbsp;&nbsp;	at io.cucumber.junit.FeatureRunner.runChild(FeatureRunner.java:27)
<br>&nbsp;&nbsp;&nbsp;&nbsp;	at org.junit.runners.ParentRunner$4.run(ParentRunner.java:331)
<br>&nbsp;&nbsp;&nbsp;&nbsp;	at org.junit.runners.ParentRunner$1.schedule(ParentRunner.java:79)
<br>&nbsp;&nbsp;&nbsp;&nbsp;	at org.junit.runners.ParentRunner.runChildren(ParentRunner.java:329)
<br>&nbsp;&nbsp;&nbsp;&nbsp;	at org.junit.runners.ParentRunner.access$100(ParentRunner.java:66)
<br>&nbsp;&nbsp;&nbsp;&nbsp;	at org.junit.runners.ParentRunner$2.evaluate(ParentRunner.java:293)
<br>&nbsp;&nbsp;&nbsp;&nbsp;	at org.junit.runners.ParentRunner$3.evaluate(ParentRunner.java:306)
<br>&nbsp;&nbsp;&nbsp;&nbsp;	at org.junit.runners.ParentRunner.run(ParentRunner.java:413)
<br>&nbsp;&nbsp;&nbsp;&nbsp;	at io.cucumber.junit.Cucumber.runChild(Cucumber.java:200)
<br>&nbsp;&nbsp;&nbsp;&nbsp;	at io.cucumber.junit.Cucumber.runChild(Cucumber.java:90)
<br>&nbsp;&nbsp;&nbsp;&nbsp;	at org.junit.runners.ParentRunner$4.run(ParentRunner.java:331)
<br>&nbsp;&nbsp;&nbsp;&nbsp;	at org.junit.runners.ParentRunner$1.schedule(ParentRunner.java:79)
<br>&nbsp;&nbsp;&nbsp;&nbsp;	at org.junit.runners.ParentRunner.runChildren(ParentRunner.java:329)
<br>&nbsp;&nbsp;&nbsp;&nbsp;	at org.junit.runners.ParentRunner.access$100(ParentRunner.java:66)
<br>&nbsp;&nbsp;&nbsp;&nbsp;	at org.junit.runners.ParentRunner$2.evaluate(ParentRunner.java:293)
<br>&nbsp;&nbsp;&nbsp;&nbsp;	at io.cucumber.junit.Cucumber$RunCucumber.evaluate(Cucumber.java:235)
<br>&nbsp;&nbsp;&nbsp;&nbsp;	at org.junit.runners.ParentRunner$3.evaluate(ParentRunner.java:306)
<br>&nbsp;&nbsp;&nbsp;&nbsp;	at org.junit.runners.ParentRunner.run(ParentRunner.java:413)
<br>&nbsp;&nbsp;&nbsp;&nbsp;	at org.junit.runner.JUnitCore.run(JUnitCore.java:137)
<br>&nbsp;&nbsp;&nbsp;&nbsp;	at com.intellij.junit4.JUnit4IdeaTestRunner.startRunnerWithArgs(JUnit4IdeaTestRunner.java:69)
<br>&nbsp;&nbsp;&nbsp;&nbsp;	at com.intellij.rt.junit.IdeaTestRunner$Repeater.startRunnerWithArgs(IdeaTestRunner.java:33)
<br>&nbsp;&nbsp;&nbsp;&nbsp;	at com.intellij.rt.junit.JUnitStarter.prepareStreamsAndStart(JUnitStarter.java:220)
<br>&nbsp;&nbsp;&nbsp;&nbsp;	at com.intellij.rt.junit.JUnitStarter.main(JUnitStarter.java:53)
</td></tr>

<tr>
<td>30862</td>
<td title="main thread">main</td>
<td title="Level">INFO</td>
<td title="library.SeleniumLibrary category">library.SeleniumLibrary</td>
<td>SeleniumLibrary.java:185</td>
<td title="Message">getCurrentTime() ---&gt; 20210323234649216</td>
</tr>

<tr>
<td>31109</td>
<td title="main thread">main</td>
<td title="Level">INFO</td>
<td title="library.SeleniumLibrary category">library.SeleniumLibrary</td>
<td>SeleniumLibrary.java:174</td>
<td title="Message">Screenshot location: /Users/siripornsingkhamsirikul/IdeaProjects/AutomationPracticeCucumber/target/screenshots/User purchase item_20210323234649216.png</td>
</tr>

<tr>
<td>52338</td>
<td title="main thread">main</td>
<td title="Level">INFO</td>
<td title="library.SeleniumLibrary category">library.SeleniumLibrary</td>
<td>SeleniumLibrary.java:71</td>
<td title="Message">Your order on My Store is complete.</td>
</tr>

<tr>
<td>70646</td>
<td title="main thread">main</td>
<td title="Level">INFO</td>
<td title="library.SeleniumLibrary category">library.SeleniumLibrary</td>
<td>SeleniumLibrary.java:71</td>
<td title="Message">Your order on My Store is complete.</td>
</tr>

<tr>
<td>88290</td>
<td title="main thread">main</td>
<td title="Level">INFO</td>
<td title="library.SeleniumLibrary category">library.SeleniumLibrary</td>
<td>SeleniumLibrary.java:71</td>
<td title="Message">Your order on My Store is complete.</td>
</tr>

<tr>
<td>104331</td>
<td title="main thread">main</td>
<td title="Level">INFO</td>
<td title="library.SeleniumLibrary category">library.SeleniumLibrary</td>
<td>SeleniumLibrary.java:71</td>
<td title="Message">Your order on My Store is complete.</td>
</tr>
<!DOCTYPE HTML PUBLIC "-//W3C//DTD HTML 4.01 Transitional//EN" "http://www.w3.org/TR/html4/loose.dtd">
<html>
<head>
<title>Selenium Logs</title>
<style type="text/css">
<!--
body, table {font-family: arial,sans-serif; font-size: x-small;}
th {background: #336699; color: #FFFFFF; text-align: left;}
-->
</style>
</head>
<body bgcolor="#FFFFFF" topmargin="6" leftmargin="6">
<hr size="1" noshade>
Log session start time Tue Mar 23 23:55:38 EDT 2021<br>
<br>
<table cellspacing="0" cellpadding="4" border="1" bordercolor="#224466" width="100%">
<tr>
<th>Time</th>
<th>Thread</th>
<th>Level</th>
<th>Category</th>
<th>File:Line</th>
<th>Message</th>
</tr>

<tr>
<td>0</td>
<td title="main thread">main</td>
<td title="Level">INFO</td>
<td title="library.SeleniumLibrary category">library.SeleniumLibrary</td>
<td>SeleniumLibrary.java:71</td>
<td title="Message">Your order on My Store is complete.</td>
</tr>

<tr>
<td>8664</td>
<td title="main thread">main</td>
<td title="Level"><font color="#993300"><strong>ERROR</strong></font></td>
<td title="library.SeleniumLibrary category">library.SeleniumLibrary</td>
<td>SeleniumLibrary.java:85</td>
<td title="Message">Error: </td>
</tr>
<tr><td bgcolor="#993300" style="color:White; font-size : xx-small;" colspan="6">org.openqa.selenium.ElementNotInteractableException: element not interactable: element has zero size
<br>&nbsp;&nbsp;&nbsp;&nbsp;  (Session info: headless chrome=89.0.4389.90)
<br>&nbsp;&nbsp;&nbsp;&nbsp;Build info: version: '4.0.0-beta-2', revision: '4ec0cfc112'
<br>&nbsp;&nbsp;&nbsp;&nbsp;System info: host: 'Siriporns-MacBook-Pro.local', ip: '2600:8806:6101:a200:0:0:0:45e5%en0', os.name: 'Mac OS X', os.arch: 'aarch64', os.version: '11.2.3', java.version: '15.0.2'
<br>&nbsp;&nbsp;&nbsp;&nbsp;Driver info: org.openqa.selenium.chrome.ChromeDriver
<br>&nbsp;&nbsp;&nbsp;&nbsp;Command: [d0b6143348ea5ec93c615370d00801fd, clickElement {id=086dacec-64e1-4e4b-a411-d1218d8b3358}]
<br>&nbsp;&nbsp;&nbsp;&nbsp;Capabilities {acceptInsecureCerts: false, browserName: chrome, browserVersion: 89.0.4389.90, chrome: {chromedriverVersion: 89.0.4389.23 (61b08ee2c5002..., userDataDir: /var/folders/bt/5mrdvm916c9...}, goog:chromeOptions: {debuggerAddress: localhost:62410}, javascriptEnabled: true, networkConnectionEnabled: false, pageLoadStrategy: normal, platform: MAC, platformName: MAC, proxy: Proxy(), setWindowRect: true, strictFileInteractability: false, timeouts: {implicit: 0, pageLoad: 300000, script: 30000}, unhandledPromptBehavior: dismiss and notify, webauthn:extension:largeBlob: true, webauthn:virtualAuthenticators: true}
<br>&nbsp;&nbsp;&nbsp;&nbsp;Element: [[ChromeDriver: chrome on MAC (d0b6143348ea5ec93c615370d00801fd)] -&gt; css selector: a[name='White']]
<br>&nbsp;&nbsp;&nbsp;&nbsp;Session ID: d0b6143348ea5ec93c615370d00801fd
<br>&nbsp;&nbsp;&nbsp;&nbsp;	at java.base/jdk.internal.reflect.NativeConstructorAccessorImpl.newInstance0(Native Method)
<br>&nbsp;&nbsp;&nbsp;&nbsp;	at java.base/jdk.internal.reflect.NativeConstructorAccessorImpl.newInstance(NativeConstructorAccessorImpl.java:64)
<br>&nbsp;&nbsp;&nbsp;&nbsp;	at java.base/jdk.internal.reflect.DelegatingConstructorAccessorImpl.newInstance(DelegatingConstructorAccessorImpl.java:45)
<br>&nbsp;&nbsp;&nbsp;&nbsp;	at java.base/java.lang.reflect.Constructor.newInstanceWithCaller(Constructor.java:500)
<br>&nbsp;&nbsp;&nbsp;&nbsp;	at java.base/java.lang.reflect.Constructor.newInstance(Constructor.java:481)
<br>&nbsp;&nbsp;&nbsp;&nbsp;	at org.openqa.selenium.remote.codec.w3c.W3CHttpResponseCodec.createException(W3CHttpResponseCodec.java:195)
<br>&nbsp;&nbsp;&nbsp;&nbsp;	at org.openqa.selenium.remote.codec.w3c.W3CHttpResponseCodec.decode(W3CHttpResponseCodec.java:128)
<br>&nbsp;&nbsp;&nbsp;&nbsp;	at org.openqa.selenium.remote.codec.w3c.W3CHttpResponseCodec.decode(W3CHttpResponseCodec.java:52)
<br>&nbsp;&nbsp;&nbsp;&nbsp;	at org.openqa.selenium.remote.HttpCommandExecutor.execute(HttpCommandExecutor.java:187)
<br>&nbsp;&nbsp;&nbsp;&nbsp;	at org.openqa.selenium.remote.service.DriverCommandExecutor.invokeExecute(DriverCommandExecutor.java:153)
<br>&nbsp;&nbsp;&nbsp;&nbsp;	at org.openqa.selenium.remote.service.DriverCommandExecutor.execute(DriverCommandExecutor.java:128)
<br>&nbsp;&nbsp;&nbsp;&nbsp;	at org.openqa.selenium.remote.RemoteWebDriver.execute(RemoteWebDriver.java:620)
<br>&nbsp;&nbsp;&nbsp;&nbsp;	at org.openqa.selenium.remote.RemoteWebElement.execute(RemoteWebElement.java:239)
<br>&nbsp;&nbsp;&nbsp;&nbsp;	at org.openqa.selenium.remote.RemoteWebElement.click(RemoteWebElement.java:77)
<br>&nbsp;&nbsp;&nbsp;&nbsp;	at library.SeleniumLibrary.selectAndVerifyElementSelected(SeleniumLibrary.java:82)
<br>&nbsp;&nbsp;&nbsp;&nbsp;	at pages.AddToCartPage.userChooseQuantityAndSizeAndColor(AddToCartPage.java:18)
<br>&nbsp;&nbsp;&nbsp;&nbsp;	at stepDefinitions.AddToCartSteps.user_choose_and_and(AddToCartSteps.java:20)
<br>&nbsp;&nbsp;&nbsp;&nbsp;	at java.base/jdk.internal.reflect.NativeMethodAccessorImpl.invoke0(Native Method)
<br>&nbsp;&nbsp;&nbsp;&nbsp;	at java.base/jdk.internal.reflect.NativeMethodAccessorImpl.invoke(NativeMethodAccessorImpl.java:64)
<br>&nbsp;&nbsp;&nbsp;&nbsp;	at java.base/jdk.internal.reflect.DelegatingMethodAccessorImpl.invoke(DelegatingMethodAccessorImpl.java:43)
<br>&nbsp;&nbsp;&nbsp;&nbsp;	at java.base/java.lang.reflect.Method.invoke(Method.java:564)
<br>&nbsp;&nbsp;&nbsp;&nbsp;	at io.cucumber.java.Invoker.doInvoke(Invoker.java:66)
<br>&nbsp;&nbsp;&nbsp;&nbsp;	at io.cucumber.java.Invoker.invoke(Invoker.java:24)
<br>&nbsp;&nbsp;&nbsp;&nbsp;	at io.cucumber.java.AbstractGlueDefinition.invokeMethod(AbstractGlueDefinition.java:47)
<br>&nbsp;&nbsp;&nbsp;&nbsp;	at io.cucumber.java.JavaStepDefinition.execute(JavaStepDefinition.java:29)
<br>&nbsp;&nbsp;&nbsp;&nbsp;	at io.cucumber.core.runner.CoreStepDefinition.execute(CoreStepDefinition.java:66)
<br>&nbsp;&nbsp;&nbsp;&nbsp;	at io.cucumber.core.runner.PickleStepDefinitionMatch.runStep(PickleStepDefinitionMatch.java:63)
<br>&nbsp;&nbsp;&nbsp;&nbsp;	at io.cucumber.core.runner.ExecutionMode$1.execute(ExecutionMode.java:10)
<br>&nbsp;&nbsp;&nbsp;&nbsp;	at io.cucumber.core.runner.TestStep.executeStep(TestStep.java:92)
<br>&nbsp;&nbsp;&nbsp;&nbsp;	at io.cucumber.core.runner.TestStep.run(TestStep.java:64)
<br>&nbsp;&nbsp;&nbsp;&nbsp;	at io.cucumber.core.runner.PickleStepTestStep.run(PickleStepTestStep.java:51)
<br>&nbsp;&nbsp;&nbsp;&nbsp;	at io.cucumber.core.runner.TestCase.run(TestCase.java:104)
<br>&nbsp;&nbsp;&nbsp;&nbsp;	at io.cucumber.core.runner.Runner.runPickle(Runner.java:73)
<br>&nbsp;&nbsp;&nbsp;&nbsp;	at io.cucumber.junit.PickleRunners$NoStepDescriptions.run(PickleRunners.java:151)
<br>&nbsp;&nbsp;&nbsp;&nbsp;	at io.cucumber.junit.FeatureRunner.runChild(FeatureRunner.java:135)
<br>&nbsp;&nbsp;&nbsp;&nbsp;	at io.cucumber.junit.FeatureRunner.runChild(FeatureRunner.java:27)
<br>&nbsp;&nbsp;&nbsp;&nbsp;	at org.junit.runners.ParentRunner$4.run(ParentRunner.java:331)
<br>&nbsp;&nbsp;&nbsp;&nbsp;	at org.junit.runners.ParentRunner$1.schedule(ParentRunner.java:79)
<br>&nbsp;&nbsp;&nbsp;&nbsp;	at org.junit.runners.ParentRunner.runChildren(ParentRunner.java:329)
<br>&nbsp;&nbsp;&nbsp;&nbsp;	at org.junit.runners.ParentRunner.access$100(ParentRunner.java:66)
<br>&nbsp;&nbsp;&nbsp;&nbsp;	at org.junit.runners.ParentRunner$2.evaluate(ParentRunner.java:293)
<br>&nbsp;&nbsp;&nbsp;&nbsp;	at org.junit.runners.ParentRunner$3.evaluate(ParentRunner.java:306)
<br>&nbsp;&nbsp;&nbsp;&nbsp;	at org.junit.runners.ParentRunner.run(ParentRunner.java:413)
<br>&nbsp;&nbsp;&nbsp;&nbsp;	at io.cucumber.junit.Cucumber.runChild(Cucumber.java:200)
<br>&nbsp;&nbsp;&nbsp;&nbsp;	at io.cucumber.junit.Cucumber.runChild(Cucumber.java:90)
<br>&nbsp;&nbsp;&nbsp;&nbsp;	at org.junit.runners.ParentRunner$4.run(ParentRunner.java:331)
<br>&nbsp;&nbsp;&nbsp;&nbsp;	at org.junit.runners.ParentRunner$1.schedule(ParentRunner.java:79)
<br>&nbsp;&nbsp;&nbsp;&nbsp;	at org.junit.runners.ParentRunner.runChildren(ParentRunner.java:329)
<br>&nbsp;&nbsp;&nbsp;&nbsp;	at org.junit.runners.ParentRunner.access$100(ParentRunner.java:66)
<br>&nbsp;&nbsp;&nbsp;&nbsp;	at org.junit.runners.ParentRunner$2.evaluate(ParentRunner.java:293)
<br>&nbsp;&nbsp;&nbsp;&nbsp;	at io.cucumber.junit.Cucumber$RunCucumber.evaluate(Cucumber.java:235)
<br>&nbsp;&nbsp;&nbsp;&nbsp;	at org.junit.runners.ParentRunner$3.evaluate(ParentRunner.java:306)
<br>&nbsp;&nbsp;&nbsp;&nbsp;	at org.junit.runners.ParentRunner.run(ParentRunner.java:413)
<br>&nbsp;&nbsp;&nbsp;&nbsp;	at org.junit.runner.JUnitCore.run(JUnitCore.java:137)
<br>&nbsp;&nbsp;&nbsp;&nbsp;	at com.intellij.junit4.JUnit4IdeaTestRunner.startRunnerWithArgs(JUnit4IdeaTestRunner.java:69)
<br>&nbsp;&nbsp;&nbsp;&nbsp;	at com.intellij.rt.junit.IdeaTestRunner$Repeater.startRunnerWithArgs(IdeaTestRunner.java:33)
<br>&nbsp;&nbsp;&nbsp;&nbsp;	at com.intellij.rt.junit.JUnitStarter.prepareStreamsAndStart(JUnitStarter.java:220)
<br>&nbsp;&nbsp;&nbsp;&nbsp;	at com.intellij.rt.junit.JUnitStarter.main(JUnitStarter.java:53)
</td></tr>

<tr>
<td>8669</td>
<td title="main thread">main</td>
<td title="Level">INFO</td>
<td title="library.SeleniumLibrary category">library.SeleniumLibrary</td>
<td>SeleniumLibrary.java:185</td>
<td title="Message">getCurrentTime() ---&gt; 20210323235609409</td>
</tr>

<tr>
<td>8919</td>
<td title="main thread">main</td>
<td title="Level">INFO</td>
<td title="library.SeleniumLibrary category">library.SeleniumLibrary</td>
<td>SeleniumLibrary.java:174</td>
<td title="Message">Screenshot location: /Users/siripornsingkhamsirikul/IdeaProjects/AutomationPracticeCucumber/target/screenshots/User purchase item_20210323235609409.png</td>
</tr>

<tr>
<td>19943</td>
<td title="main thread">main</td>
<td title="Level"><font color="#993300"><strong>ERROR</strong></font></td>
<td title="library.SeleniumLibrary category">library.SeleniumLibrary</td>
<td>SeleniumLibrary.java:108</td>
<td title="Message">Error: </td>
</tr>
<tr><td bgcolor="#993300" style="color:White; font-size : xx-small;" colspan="6">org.openqa.selenium.remote.UnreachableBrowserException: Error communicating with the remote browser. It may have died.
<br>&nbsp;&nbsp;&nbsp;&nbsp;Build info: version: '4.0.0-beta-2', revision: '4ec0cfc112'
<br>&nbsp;&nbsp;&nbsp;&nbsp;System info: host: 'Siriporns-MacBook-Pro.local', ip: '2600:8806:6101:a200:0:0:0:45e5%en0', os.name: 'Mac OS X', os.arch: 'aarch64', os.version: '11.2.3', java.version: '15.0.2'
<br>&nbsp;&nbsp;&nbsp;&nbsp;Driver info: org.openqa.selenium.chrome.ChromeDriver
<br>&nbsp;&nbsp;&nbsp;&nbsp;Command: [51c06fb17651bc325010fc00a2e48823, clickElement {id=34944944-b143-4e5b-af69-e191a3765d82}]
<br>&nbsp;&nbsp;&nbsp;&nbsp;Capabilities {acceptInsecureCerts: false, browserName: chrome, browserVersion: 89.0.4389.90, chrome: {chromedriverVersion: 89.0.4389.23 (61b08ee2c5002..., userDataDir: /var/folders/bt/5mrdvm916c9...}, goog:chromeOptions: {debuggerAddress: localhost:62480}, javascriptEnabled: true, networkConnectionEnabled: false, pageLoadStrategy: normal, platform: MAC, platformName: MAC, proxy: Proxy(), setWindowRect: true, strictFileInteractability: false, timeouts: {implicit: 0, pageLoad: 300000, script: 30000}, unhandledPromptBehavior: dismiss and notify, webauthn:extension:largeBlob: true, webauthn:virtualAuthenticators: true}
<br>&nbsp;&nbsp;&nbsp;&nbsp;Element: [[ChromeDriver: chrome on MAC (51c06fb17651bc325010fc00a2e48823)] -&gt; xpath: //*[@id=&quot;center_column&quot;]/p[2]/a[1]]
<br>&nbsp;&nbsp;&nbsp;&nbsp;Session ID: 51c06fb17651bc325010fc00a2e48823
<br>&nbsp;&nbsp;&nbsp;&nbsp;	at org.openqa.selenium.remote.RemoteWebDriver.execute(RemoteWebDriver.java:644)
<br>&nbsp;&nbsp;&nbsp;&nbsp;	at org.openqa.selenium.remote.RemoteWebElement.execute(RemoteWebElement.java:239)
<br>&nbsp;&nbsp;&nbsp;&nbsp;	at org.openqa.selenium.remote.RemoteWebElement.click(RemoteWebElement.java:77)
<br>&nbsp;&nbsp;&nbsp;&nbsp;	at library.SeleniumLibrary.clickElement(SeleniumLibrary.java:106)
<br>&nbsp;&nbsp;&nbsp;&nbsp;	at pages.SummaryPage.clickOnProceedToCheckout(SummaryPage.java:15)
<br>&nbsp;&nbsp;&nbsp;&nbsp;	at stepDefinitions.SummarySteps.user_land_on_summary_page_and_click_proceed_to_checkout(SummarySteps.java:14)
<br>&nbsp;&nbsp;&nbsp;&nbsp;	at java.base/jdk.internal.reflect.NativeMethodAccessorImpl.invoke0(Native Method)
<br>&nbsp;&nbsp;&nbsp;&nbsp;	at java.base/jdk.internal.reflect.NativeMethodAccessorImpl.invoke(NativeMethodAccessorImpl.java:64)
<br>&nbsp;&nbsp;&nbsp;&nbsp;	at java.base/jdk.internal.reflect.DelegatingMethodAccessorImpl.invoke(DelegatingMethodAccessorImpl.java:43)
<br>&nbsp;&nbsp;&nbsp;&nbsp;	at java.base/java.lang.reflect.Method.invoke(Method.java:564)
<br>&nbsp;&nbsp;&nbsp;&nbsp;	at io.cucumber.java.Invoker.doInvoke(Invoker.java:66)
<br>&nbsp;&nbsp;&nbsp;&nbsp;	at io.cucumber.java.Invoker.invoke(Invoker.java:24)
<br>&nbsp;&nbsp;&nbsp;&nbsp;	at io.cucumber.java.AbstractGlueDefinition.invokeMethod(AbstractGlueDefinition.java:47)
<br>&nbsp;&nbsp;&nbsp;&nbsp;	at io.cucumber.java.JavaStepDefinition.execute(JavaStepDefinition.java:29)
<br>&nbsp;&nbsp;&nbsp;&nbsp;	at io.cucumber.core.runner.CoreStepDefinition.execute(CoreStepDefinition.java:66)
<br>&nbsp;&nbsp;&nbsp;&nbsp;	at io.cucumber.core.runner.PickleStepDefinitionMatch.runStep(PickleStepDefinitionMatch.java:63)
<br>&nbsp;&nbsp;&nbsp;&nbsp;	at io.cucumber.core.runner.ExecutionMode$1.execute(ExecutionMode.java:10)
<br>&nbsp;&nbsp;&nbsp;&nbsp;	at io.cucumber.core.runner.TestStep.executeStep(TestStep.java:92)
<br>&nbsp;&nbsp;&nbsp;&nbsp;	at io.cucumber.core.runner.TestStep.run(TestStep.java:64)
<br>&nbsp;&nbsp;&nbsp;&nbsp;	at io.cucumber.core.runner.PickleStepTestStep.run(PickleStepTestStep.java:51)
<br>&nbsp;&nbsp;&nbsp;&nbsp;	at io.cucumber.core.runner.TestCase.run(TestCase.java:104)
<br>&nbsp;&nbsp;&nbsp;&nbsp;	at io.cucumber.core.runner.Runner.runPickle(Runner.java:73)
<br>&nbsp;&nbsp;&nbsp;&nbsp;	at io.cucumber.junit.PickleRunners$NoStepDescriptions.run(PickleRunners.java:151)
<br>&nbsp;&nbsp;&nbsp;&nbsp;	at io.cucumber.junit.FeatureRunner.runChild(FeatureRunner.java:135)
<br>&nbsp;&nbsp;&nbsp;&nbsp;	at io.cucumber.junit.FeatureRunner.runChild(FeatureRunner.java:27)
<br>&nbsp;&nbsp;&nbsp;&nbsp;	at org.junit.runners.ParentRunner$4.run(ParentRunner.java:331)
<br>&nbsp;&nbsp;&nbsp;&nbsp;	at org.junit.runners.ParentRunner$1.schedule(ParentRunner.java:79)
<br>&nbsp;&nbsp;&nbsp;&nbsp;	at org.junit.runners.ParentRunner.runChildren(ParentRunner.java:329)
<br>&nbsp;&nbsp;&nbsp;&nbsp;	at org.junit.runners.ParentRunner.access$100(ParentRunner.java:66)
<br>&nbsp;&nbsp;&nbsp;&nbsp;	at org.junit.runners.ParentRunner$2.evaluate(ParentRunner.java:293)
<br>&nbsp;&nbsp;&nbsp;&nbsp;	at org.junit.runners.ParentRunner$3.evaluate(ParentRunner.java:306)
<br>&nbsp;&nbsp;&nbsp;&nbsp;	at org.junit.runners.ParentRunner.run(ParentRunner.java:413)
<br>&nbsp;&nbsp;&nbsp;&nbsp;	at io.cucumber.junit.Cucumber.runChild(Cucumber.java:200)
<br>&nbsp;&nbsp;&nbsp;&nbsp;	at io.cucumber.junit.Cucumber.runChild(Cucumber.java:90)
<br>&nbsp;&nbsp;&nbsp;&nbsp;	at org.junit.runners.ParentRunner$4.run(ParentRunner.java:331)
<br>&nbsp;&nbsp;&nbsp;&nbsp;	at org.junit.runners.ParentRunner$1.schedule(ParentRunner.java:79)
<br>&nbsp;&nbsp;&nbsp;&nbsp;	at org.junit.runners.ParentRunner.runChildren(ParentRunner.java:329)
<br>&nbsp;&nbsp;&nbsp;&nbsp;	at org.junit.runners.ParentRunner.access$100(ParentRunner.java:66)
<br>&nbsp;&nbsp;&nbsp;&nbsp;	at org.junit.runners.ParentRunner$2.evaluate(ParentRunner.java:293)
<br>&nbsp;&nbsp;&nbsp;&nbsp;	at io.cucumber.junit.Cucumber$RunCucumber.evaluate(Cucumber.java:235)
<br>&nbsp;&nbsp;&nbsp;&nbsp;	at org.junit.runners.ParentRunner$3.evaluate(ParentRunner.java:306)
<br>&nbsp;&nbsp;&nbsp;&nbsp;	at org.junit.runners.ParentRunner.run(ParentRunner.java:413)
<br>&nbsp;&nbsp;&nbsp;&nbsp;	at org.junit.runner.JUnitCore.run(JUnitCore.java:137)
<br>&nbsp;&nbsp;&nbsp;&nbsp;	at com.intellij.junit4.JUnit4IdeaTestRunner.startRunnerWithArgs(JUnit4IdeaTestRunner.java:69)
<br>&nbsp;&nbsp;&nbsp;&nbsp;	at com.intellij.rt.junit.IdeaTestRunner$Repeater.startRunnerWithArgs(IdeaTestRunner.java:33)
<br>&nbsp;&nbsp;&nbsp;&nbsp;	at com.intellij.rt.junit.JUnitStarter.prepareStreamsAndStart(JUnitStarter.java:220)
<br>&nbsp;&nbsp;&nbsp;&nbsp;	at com.intellij.rt.junit.JUnitStarter.main(JUnitStarter.java:53)
<br>&nbsp;&nbsp;&nbsp;&nbsp;Caused by: java.io.UncheckedIOException: java.net.ConnectException: executor not accepting a task
<br>&nbsp;&nbsp;&nbsp;&nbsp;	at org.openqa.selenium.remote.http.netty.NettyHttpHandler.makeCall(NettyHttpHandler.java:79)
<br>&nbsp;&nbsp;&nbsp;&nbsp;	at org.openqa.selenium.remote.http.AddSeleniumUserAgent.lambda$apply$0(AddSeleniumUserAgent.java:42)
<br>&nbsp;&nbsp;&nbsp;&nbsp;	at org.openqa.selenium.remote.http.Filter.lambda$andFinally$1(Filter.java:56)
<br>&nbsp;&nbsp;&nbsp;&nbsp;	at org.openqa.selenium.remote.http.netty.NettyHttpHandler.execute(NettyHttpHandler.java:51)
<br>&nbsp;&nbsp;&nbsp;&nbsp;	at org.openqa.selenium.remote.http.AddSeleniumUserAgent.lambda$apply$0(AddSeleniumUserAgent.java:42)
<br>&nbsp;&nbsp;&nbsp;&nbsp;	at org.openqa.selenium.remote.http.Filter.lambda$andFinally$1(Filter.java:56)
<br>&nbsp;&nbsp;&nbsp;&nbsp;	at org.openqa.selenium.remote.http.netty.NettyClient.execute(NettyClient.java:103)
<br>&nbsp;&nbsp;&nbsp;&nbsp;	at org.openqa.selenium.remote.HttpCommandExecutor.execute(HttpCommandExecutor.java:184)
<br>&nbsp;&nbsp;&nbsp;&nbsp;	at org.openqa.selenium.remote.service.DriverCommandExecutor.invokeExecute(DriverCommandExecutor.java:153)
<br>&nbsp;&nbsp;&nbsp;&nbsp;	at org.openqa.selenium.remote.service.DriverCommandExecutor.execute(DriverCommandExecutor.java:128)
<br>&nbsp;&nbsp;&nbsp;&nbsp;	at org.openqa.selenium.remote.RemoteWebDriver.execute(RemoteWebDriver.java:620)
<br>&nbsp;&nbsp;&nbsp;&nbsp;	... 46 more
<br>&nbsp;&nbsp;&nbsp;&nbsp;Caused by: java.net.ConnectException: executor not accepting a task
<br>&nbsp;&nbsp;&nbsp;&nbsp;	at org.asynchttpclient.netty.channel.NettyConnectListener.onFailure(NettyConnectListener.java:179)
<br>&nbsp;&nbsp;&nbsp;&nbsp;	at org.asynchttpclient.netty.channel.NettyChannelConnector$1.onFailure(NettyChannelConnector.java:108)
<br>&nbsp;&nbsp;&nbsp;&nbsp;	at org.asynchttpclient.netty.SimpleChannelFutureListener.operationComplete(SimpleChannelFutureListener.java:28)
<br>&nbsp;&nbsp;&nbsp;&nbsp;	at org.asynchttpclient.netty.SimpleChannelFutureListener.operationComplete(SimpleChannelFutureListener.java:20)
<br>&nbsp;&nbsp;&nbsp;&nbsp;	at io.netty.util.concurrent.DefaultPromise.notifyListener0(DefaultPromise.java:578)
<br>&nbsp;&nbsp;&nbsp;&nbsp;	at io.netty.util.concurrent.DefaultPromise.notifyListenersNow(DefaultPromise.java:552)
<br>&nbsp;&nbsp;&nbsp;&nbsp;	at io.netty.util.concurrent.DefaultPromise.notifyListeners(DefaultPromise.java:491)
<br>&nbsp;&nbsp;&nbsp;&nbsp;	at io.netty.util.concurrent.DefaultPromise.setValue0(DefaultPromise.java:616)
<br>&nbsp;&nbsp;&nbsp;&nbsp;	at io.netty.util.concurrent.DefaultPromise.setFailure0(DefaultPromise.java:609)
<br>&nbsp;&nbsp;&nbsp;&nbsp;	at io.netty.util.concurrent.DefaultPromise.setFailure(DefaultPromise.java:109)
<br>&nbsp;&nbsp;&nbsp;&nbsp;	at io.netty.channel.DefaultChannelPromise.setFailure(DefaultChannelPromise.java:89)
<br>&nbsp;&nbsp;&nbsp;&nbsp;	at io.netty.bootstrap.Bootstrap.doResolveAndConnect0(Bootstrap.java:197)
<br>&nbsp;&nbsp;&nbsp;&nbsp;	at io.netty.bootstrap.Bootstrap.access$000(Bootstrap.java:46)
<br>&nbsp;&nbsp;&nbsp;&nbsp;	at io.netty.bootstrap.Bootstrap$1.operationComplete(Bootstrap.java:180)
<br>&nbsp;&nbsp;&nbsp;&nbsp;	at io.netty.bootstrap.Bootstrap$1.operationComplete(Bootstrap.java:166)
<br>&nbsp;&nbsp;&nbsp;&nbsp;	at io.netty.util.concurrent.DefaultPromise.notifyListener0(DefaultPromise.java:578)
<br>&nbsp;&nbsp;&nbsp;&nbsp;	at io.netty.util.concurrent.DefaultPromise.notifyListenersNow(DefaultPromise.java:552)
<br>&nbsp;&nbsp;&nbsp;&nbsp;	at io.netty.util.concurrent.DefaultPromise.notifyListeners(DefaultPromise.java:491)
<br>&nbsp;&nbsp;&nbsp;&nbsp;	at io.netty.util.concurrent.DefaultPromise.setValue0(DefaultPromise.java:616)
<br>&nbsp;&nbsp;&nbsp;&nbsp;	at io.netty.util.concurrent.DefaultPromise.setSuccess0(DefaultPromise.java:605)
<br>&nbsp;&nbsp;&nbsp;&nbsp;	at io.netty.util.concurrent.DefaultPromise.trySuccess(DefaultPromise.java:104)
<br>&nbsp;&nbsp;&nbsp;&nbsp;	at io.netty.channel.DefaultChannelPromise.trySuccess(DefaultChannelPromise.java:84)
<br>&nbsp;&nbsp;&nbsp;&nbsp;	at io.netty.channel.AbstractChannel$AbstractUnsafe.safeSetSuccess(AbstractChannel.java:1000)
<br>&nbsp;&nbsp;&nbsp;&nbsp;	at io.netty.channel.AbstractChannel$AbstractUnsafe.register0(AbstractChannel.java:504)
<br>&nbsp;&nbsp;&nbsp;&nbsp;	at io.netty.channel.AbstractChannel$AbstractUnsafe.access$200(AbstractChannel.java:417)
<br>&nbsp;&nbsp;&nbsp;&nbsp;	at io.netty.channel.AbstractChannel$AbstractUnsafe$1.run(AbstractChannel.java:474)
<br>&nbsp;&nbsp;&nbsp;&nbsp;	at io.netty.util.concurrent.AbstractEventExecutor.safeExecute(AbstractEventExecutor.java:164)
<br>&nbsp;&nbsp;&nbsp;&nbsp;	at io.netty.util.concurrent.SingleThreadEventExecutor.runAllTasks(SingleThreadEventExecutor.java:472)
<br>&nbsp;&nbsp;&nbsp;&nbsp;	at io.netty.channel.nio.NioEventLoop.run(NioEventLoop.java:500)
<br>&nbsp;&nbsp;&nbsp;&nbsp;	at io.netty.util.concurrent.SingleThreadEventExecutor$4.run(SingleThreadEventExecutor.java:989)
<br>&nbsp;&nbsp;&nbsp;&nbsp;	at io.netty.util.internal.ThreadExecutorMap$2.run(ThreadExecutorMap.java:74)
<br>&nbsp;&nbsp;&nbsp;&nbsp;	at io.netty.util.concurrent.FastThreadLocalRunnable.run(FastThreadLocalRunnable.java:30)
<br>&nbsp;&nbsp;&nbsp;&nbsp;	at java.base/java.lang.Thread.run(Thread.java:832)
<br>&nbsp;&nbsp;&nbsp;&nbsp;Caused by: java.lang.IllegalStateException: executor not accepting a task
<br>&nbsp;&nbsp;&nbsp;&nbsp;	at io.netty.resolver.AddressResolverGroup.getResolver(AddressResolverGroup.java:61)
<br>&nbsp;&nbsp;&nbsp;&nbsp;	at io.netty.bootstrap.Bootstrap.doResolveAndConnect0(Bootstrap.java:194)
<br>&nbsp;&nbsp;&nbsp;&nbsp;	... 21 more
</td></tr>

<tr>
<td>19945</td>
<td title="main thread">main</td>
<td title="Level">INFO</td>
<td title="library.SeleniumLibrary category">library.SeleniumLibrary</td>
<td>SeleniumLibrary.java:185</td>
<td title="Message">getCurrentTime() ---&gt; 20210323235620685</td>
</tr>

<tr>
<td>19946</td>
<td title="main thread">main</td>
<td title="Level"><font color="#993300"><strong>ERROR</strong></font></td>
<td title="library.SeleniumLibrary category">library.SeleniumLibrary</td>
<td>SeleniumLibrary.java:170</td>
<td title="Message">Error: </td>
</tr>
<tr><td bgcolor="#993300" style="color:White; font-size : xx-small;" colspan="6">org.openqa.selenium.remote.UnreachableBrowserException: Error communicating with the remote browser. It may have died.
<br>&nbsp;&nbsp;&nbsp;&nbsp;Build info: version: '4.0.0-beta-2', revision: '4ec0cfc112'
<br>&nbsp;&nbsp;&nbsp;&nbsp;System info: host: 'Siriporns-MacBook-Pro.local', ip: '2600:8806:6101:a200:0:0:0:45e5%en0', os.name: 'Mac OS X', os.arch: 'aarch64', os.version: '11.2.3', java.version: '15.0.2'
<br>&nbsp;&nbsp;&nbsp;&nbsp;Driver info: org.openqa.selenium.chrome.ChromeDriver
<br>&nbsp;&nbsp;&nbsp;&nbsp;Command: [51c06fb17651bc325010fc00a2e48823, screenshot {}]
<br>&nbsp;&nbsp;&nbsp;&nbsp;Capabilities {acceptInsecureCerts: false, browserName: chrome, browserVersion: 89.0.4389.90, chrome: {chromedriverVersion: 89.0.4389.23 (61b08ee2c5002..., userDataDir: /var/folders/bt/5mrdvm916c9...}, goog:chromeOptions: {debuggerAddress: localhost:62480}, javascriptEnabled: true, networkConnectionEnabled: false, pageLoadStrategy: normal, platform: MAC, platformName: MAC, proxy: Proxy(), setWindowRect: true, strictFileInteractability: false, timeouts: {implicit: 0, pageLoad: 300000, script: 30000}, unhandledPromptBehavior: dismiss and notify, webauthn:extension:largeBlob: true, webauthn:virtualAuthenticators: true}
<br>&nbsp;&nbsp;&nbsp;&nbsp;Session ID: 51c06fb17651bc325010fc00a2e48823
<br>&nbsp;&nbsp;&nbsp;&nbsp;	at org.openqa.selenium.remote.RemoteWebDriver.execute(RemoteWebDriver.java:644)
<br>&nbsp;&nbsp;&nbsp;&nbsp;	at org.openqa.selenium.remote.RemoteWebDriver.execute(RemoteWebDriver.java:675)
<br>&nbsp;&nbsp;&nbsp;&nbsp;	at org.openqa.selenium.remote.RemoteWebDriver.execute(RemoteWebDriver.java:679)
<br>&nbsp;&nbsp;&nbsp;&nbsp;	at org.openqa.selenium.remote.RemoteWebDriver.getScreenshotAs(RemoteWebDriver.java:355)
<br>&nbsp;&nbsp;&nbsp;&nbsp;	at library.SeleniumLibrary.captureScreenshot(SeleniumLibrary.java:167)
<br>&nbsp;&nbsp;&nbsp;&nbsp;	at stepDefinitions.Hooks.tearDown(Hooks.java:40)
<br>&nbsp;&nbsp;&nbsp;&nbsp;	at java.base/jdk.internal.reflect.NativeMethodAccessorImpl.invoke0(Native Method)
<br>&nbsp;&nbsp;&nbsp;&nbsp;	at java.base/jdk.internal.reflect.NativeMethodAccessorImpl.invoke(NativeMethodAccessorImpl.java:64)
<br>&nbsp;&nbsp;&nbsp;&nbsp;	at java.base/jdk.internal.reflect.DelegatingMethodAccessorImpl.invoke(DelegatingMethodAccessorImpl.java:43)
<br>&nbsp;&nbsp;&nbsp;&nbsp;	at java.base/java.lang.reflect.Method.invoke(Method.java:564)
<br>&nbsp;&nbsp;&nbsp;&nbsp;	at io.cucumber.java.Invoker.doInvoke(Invoker.java:66)
<br>&nbsp;&nbsp;&nbsp;&nbsp;	at io.cucumber.java.Invoker.invoke(Invoker.java:24)
<br>&nbsp;&nbsp;&nbsp;&nbsp;	at io.cucumber.java.AbstractGlueDefinition.invokeMethod(AbstractGlueDefinition.java:47)
<br>&nbsp;&nbsp;&nbsp;&nbsp;	at io.cucumber.java.JavaHookDefinition.execute(JavaHookDefinition.java:59)
<br>&nbsp;&nbsp;&nbsp;&nbsp;	at io.cucumber.core.runner.CoreHookDefinition.execute(CoreHookDefinition.java:46)
<br>&nbsp;&nbsp;&nbsp;&nbsp;	at io.cucumber.core.runner.HookDefinitionMatch.runStep(HookDefinitionMatch.java:21)
<br>&nbsp;&nbsp;&nbsp;&nbsp;	at io.cucumber.core.runner.ExecutionMode$1.execute(ExecutionMode.java:10)
<br>&nbsp;&nbsp;&nbsp;&nbsp;	at io.cucumber.core.runner.TestStep.executeStep(TestStep.java:92)
<br>&nbsp;&nbsp;&nbsp;&nbsp;	at io.cucumber.core.runner.TestStep.run(TestStep.java:64)
<br>&nbsp;&nbsp;&nbsp;&nbsp;	at io.cucumber.core.runner.TestCase.run(TestCase.java:110)
<br>&nbsp;&nbsp;&nbsp;&nbsp;	at io.cucumber.core.runner.Runner.runPickle(Runner.java:73)
<br>&nbsp;&nbsp;&nbsp;&nbsp;	at io.cucumber.junit.PickleRunners$NoStepDescriptions.run(PickleRunners.java:151)
<br>&nbsp;&nbsp;&nbsp;&nbsp;	at io.cucumber.junit.FeatureRunner.runChild(FeatureRunner.java:135)
<br>&nbsp;&nbsp;&nbsp;&nbsp;	at io.cucumber.junit.FeatureRunner.runChild(FeatureRunner.java:27)
<br>&nbsp;&nbsp;&nbsp;&nbsp;	at org.junit.runners.ParentRunner$4.run(ParentRunner.java:331)
<br>&nbsp;&nbsp;&nbsp;&nbsp;	at org.junit.runners.ParentRunner$1.schedule(ParentRunner.java:79)
<br>&nbsp;&nbsp;&nbsp;&nbsp;	at org.junit.runners.ParentRunner.runChildren(ParentRunner.java:329)
<br>&nbsp;&nbsp;&nbsp;&nbsp;	at org.junit.runners.ParentRunner.access$100(ParentRunner.java:66)
<br>&nbsp;&nbsp;&nbsp;&nbsp;	at org.junit.runners.ParentRunner$2.evaluate(ParentRunner.java:293)
<br>&nbsp;&nbsp;&nbsp;&nbsp;	at org.junit.runners.ParentRunner$3.evaluate(ParentRunner.java:306)
<br>&nbsp;&nbsp;&nbsp;&nbsp;	at org.junit.runners.ParentRunner.run(ParentRunner.java:413)
<br>&nbsp;&nbsp;&nbsp;&nbsp;	at io.cucumber.junit.Cucumber.runChild(Cucumber.java:200)
<br>&nbsp;&nbsp;&nbsp;&nbsp;	at io.cucumber.junit.Cucumber.runChild(Cucumber.java:90)
<br>&nbsp;&nbsp;&nbsp;&nbsp;	at org.junit.runners.ParentRunner$4.run(ParentRunner.java:331)
<br>&nbsp;&nbsp;&nbsp;&nbsp;	at org.junit.runners.ParentRunner$1.schedule(ParentRunner.java:79)
<br>&nbsp;&nbsp;&nbsp;&nbsp;	at org.junit.runners.ParentRunner.runChildren(ParentRunner.java:329)
<br>&nbsp;&nbsp;&nbsp;&nbsp;	at org.junit.runners.ParentRunner.access$100(ParentRunner.java:66)
<br>&nbsp;&nbsp;&nbsp;&nbsp;	at org.junit.runners.ParentRunner$2.evaluate(ParentRunner.java:293)
<br>&nbsp;&nbsp;&nbsp;&nbsp;	at io.cucumber.junit.Cucumber$RunCucumber.evaluate(Cucumber.java:235)
<br>&nbsp;&nbsp;&nbsp;&nbsp;	at org.junit.runners.ParentRunner$3.evaluate(ParentRunner.java:306)
<br>&nbsp;&nbsp;&nbsp;&nbsp;	at org.junit.runners.ParentRunner.run(ParentRunner.java:413)
<br>&nbsp;&nbsp;&nbsp;&nbsp;	at org.junit.runner.JUnitCore.run(JUnitCore.java:137)
<br>&nbsp;&nbsp;&nbsp;&nbsp;	at com.intellij.junit4.JUnit4IdeaTestRunner.startRunnerWithArgs(JUnit4IdeaTestRunner.java:69)
<br>&nbsp;&nbsp;&nbsp;&nbsp;	at com.intellij.rt.junit.IdeaTestRunner$Repeater.startRunnerWithArgs(IdeaTestRunner.java:33)
<br>&nbsp;&nbsp;&nbsp;&nbsp;	at com.intellij.rt.junit.JUnitStarter.prepareStreamsAndStart(JUnitStarter.java:220)
<br>&nbsp;&nbsp;&nbsp;&nbsp;	at com.intellij.rt.junit.JUnitStarter.main(JUnitStarter.java:53)
<br>&nbsp;&nbsp;&nbsp;&nbsp;Caused by: java.lang.RuntimeException: NettyHttpHandler request execution error
<br>&nbsp;&nbsp;&nbsp;&nbsp;	at org.openqa.selenium.remote.http.netty.NettyHttpHandler.makeCall(NettyHttpHandler.java:82)
<br>&nbsp;&nbsp;&nbsp;&nbsp;	at org.openqa.selenium.remote.http.AddSeleniumUserAgent.lambda$apply$0(AddSeleniumUserAgent.java:42)
<br>&nbsp;&nbsp;&nbsp;&nbsp;	at org.openqa.selenium.remote.http.Filter.lambda$andFinally$1(Filter.java:56)
<br>&nbsp;&nbsp;&nbsp;&nbsp;	at org.openqa.selenium.remote.http.netty.NettyHttpHandler.execute(NettyHttpHandler.java:51)
<br>&nbsp;&nbsp;&nbsp;&nbsp;	at org.openqa.selenium.remote.http.AddSeleniumUserAgent.lambda$apply$0(AddSeleniumUserAgent.java:42)
<br>&nbsp;&nbsp;&nbsp;&nbsp;	at org.openqa.selenium.remote.http.Filter.lambda$andFinally$1(Filter.java:56)
<br>&nbsp;&nbsp;&nbsp;&nbsp;	at org.openqa.selenium.remote.http.netty.NettyClient.execute(NettyClient.java:103)
<br>&nbsp;&nbsp;&nbsp;&nbsp;	at org.openqa.selenium.remote.HttpCommandExecutor.execute(HttpCommandExecutor.java:184)
<br>&nbsp;&nbsp;&nbsp;&nbsp;	at org.openqa.selenium.remote.service.DriverCommandExecutor.invokeExecute(DriverCommandExecutor.java:153)
<br>&nbsp;&nbsp;&nbsp;&nbsp;	at org.openqa.selenium.remote.service.DriverCommandExecutor.execute(DriverCommandExecutor.java:128)
<br>&nbsp;&nbsp;&nbsp;&nbsp;	at org.openqa.selenium.remote.RemoteWebDriver.execute(RemoteWebDriver.java:620)
<br>&nbsp;&nbsp;&nbsp;&nbsp;	... 45 more
<br>&nbsp;&nbsp;&nbsp;&nbsp;Caused by: java.util.concurrent.ExecutionException: java.lang.IllegalStateException: Closed
<br>&nbsp;&nbsp;&nbsp;&nbsp;	at org.asynchttpclient.ListenableFuture$CompletedFailure.&lt;init&gt;(ListenableFuture.java:86)
<br>&nbsp;&nbsp;&nbsp;&nbsp;	at org.asynchttpclient.DefaultAsyncHttpClient.execute(DefaultAsyncHttpClient.java:262)
<br>&nbsp;&nbsp;&nbsp;&nbsp;	at org.asynchttpclient.DefaultAsyncHttpClient.executeRequest(DefaultAsyncHttpClient.java:228)
<br>&nbsp;&nbsp;&nbsp;&nbsp;	at org.asynchttpclient.DefaultAsyncHttpClient.executeRequest(DefaultAsyncHttpClient.java:249)
<br>&nbsp;&nbsp;&nbsp;&nbsp;	at org.openqa.selenium.remote.http.netty.NettyHttpHandler.makeCall(NettyHttpHandler.java:57)
<br>&nbsp;&nbsp;&nbsp;&nbsp;	... 55 more
<br>&nbsp;&nbsp;&nbsp;&nbsp;Caused by: java.lang.IllegalStateException: Closed
<br>&nbsp;&nbsp;&nbsp;&nbsp;	at org.asynchttpclient.netty.request.NettyRequestSender.sendRequest(NettyRequestSender.java:92)
<br>&nbsp;&nbsp;&nbsp;&nbsp;	at org.asynchttpclient.DefaultAsyncHttpClient.execute(DefaultAsyncHttpClient.java:259)
<br>&nbsp;&nbsp;&nbsp;&nbsp;	... 58 more
</td></tr>
<!DOCTYPE HTML PUBLIC "-//W3C//DTD HTML 4.01 Transitional//EN" "http://www.w3.org/TR/html4/loose.dtd">
<html>
<head>
<title>Selenium Logs</title>
<style type="text/css">
<!--
body, table {font-family: arial,sans-serif; font-size: x-small;}
th {background: #336699; color: #FFFFFF; text-align: left;}
-->
</style>
</head>
<body bgcolor="#FFFFFF" topmargin="6" leftmargin="6">
<hr size="1" noshade>
Log session start time Tue Mar 23 23:59:59 EDT 2021<br>
<br>
<table cellspacing="0" cellpadding="4" border="1" bordercolor="#224466" width="100%">
<tr>
<th>Time</th>
<th>Thread</th>
<th>Level</th>
<th>Category</th>
<th>File:Line</th>
<th>Message</th>
</tr>

<tr>
<td>0</td>
<td title="main thread">main</td>
<td title="Level">INFO</td>
<td title="library.SeleniumLibrary category">library.SeleniumLibrary</td>
<td>SeleniumLibrary.java:71</td>
<td title="Message">Your order on My Store is complete.</td>
</tr>

<tr>
<td>23855</td>
<td title="main thread">main</td>
<td title="Level">INFO</td>
<td title="library.SeleniumLibrary category">library.SeleniumLibrary</td>
<td>SeleniumLibrary.java:71</td>
<td title="Message">Your order on My Store is complete.</td>
</tr>

<tr>
<td>47704</td>
<td title="main thread">main</td>
<td title="Level">INFO</td>
<td title="library.SeleniumLibrary category">library.SeleniumLibrary</td>
<td>SeleniumLibrary.java:71</td>
<td title="Message">Your order on My Store is complete.</td>
</tr>

<tr>
<td>92015</td>
<td title="main thread">main</td>
<td title="Level">INFO</td>
<td title="library.SeleniumLibrary category">library.SeleniumLibrary</td>
<td>SeleniumLibrary.java:71</td>
<td title="Message">Your order on My Store is complete.</td>
</tr>
<!DOCTYPE HTML PUBLIC "-//W3C//DTD HTML 4.01 Transitional//EN" "http://www.w3.org/TR/html4/loose.dtd">
<html>
<head>
<title>Selenium Logs</title>
<style type="text/css">
<!--
body, table {font-family: arial,sans-serif; font-size: x-small;}
th {background: #336699; color: #FFFFFF; text-align: left;}
-->
</style>
</head>
<body bgcolor="#FFFFFF" topmargin="6" leftmargin="6">
<hr size="1" noshade>
Log session start time Wed Mar 24 00:02:27 EDT 2021<br>
<br>
<table cellspacing="0" cellpadding="4" border="1" bordercolor="#224466" width="100%">
<tr>
<th>Time</th>
<th>Thread</th>
<th>Level</th>
<th>Category</th>
<th>File:Line</th>
<th>Message</th>
</tr>

<tr>
<td>0</td>
<td title="main thread">main</td>
<td title="Level">INFO</td>
<td title="library.SeleniumLibrary category">library.SeleniumLibrary</td>
<td>SeleniumLibrary.java:71</td>
<td title="Message">Your order on My Store is complete.</td>
</tr>

<tr>
<td>11773</td>
<td title="main thread">main</td>
<td title="Level"><font color="#993300"><strong>ERROR</strong></font></td>
<td title="library.SeleniumLibrary category">library.SeleniumLibrary</td>
<td>SeleniumLibrary.java:85</td>
<td title="Message">Error: </td>
</tr>
<tr><td bgcolor="#993300" style="color:White; font-size : xx-small;" colspan="6">org.openqa.selenium.ElementNotInteractableException: element not interactable: element has zero size
<br>&nbsp;&nbsp;&nbsp;&nbsp;  (Session info: headless chrome=89.0.4389.90)
<br>&nbsp;&nbsp;&nbsp;&nbsp;Build info: version: '4.0.0-beta-2', revision: '4ec0cfc112'
<br>&nbsp;&nbsp;&nbsp;&nbsp;System info: host: 'Siriporns-MacBook-Pro.local', ip: '2600:8806:6101:a200:0:0:0:45e5%en0', os.name: 'Mac OS X', os.arch: 'aarch64', os.version: '11.2.3', java.version: '15.0.2'
<br>&nbsp;&nbsp;&nbsp;&nbsp;Driver info: org.openqa.selenium.chrome.ChromeDriver
<br>&nbsp;&nbsp;&nbsp;&nbsp;Command: [90d6780d74f305254cebb1fc0058c190, clickElement {id=02e5a90a-fafe-44a9-a7f5-db340fcf5366}]
<br>&nbsp;&nbsp;&nbsp;&nbsp;Capabilities {acceptInsecureCerts: false, browserName: chrome, browserVersion: 89.0.4389.90, chrome: {chromedriverVersion: 89.0.4389.23 (61b08ee2c5002..., userDataDir: /var/folders/bt/5mrdvm916c9...}, goog:chromeOptions: {debuggerAddress: localhost:64711}, javascriptEnabled: true, networkConnectionEnabled: false, pageLoadStrategy: normal, platform: MAC, platformName: MAC, proxy: Proxy(), setWindowRect: true, strictFileInteractability: false, timeouts: {implicit: 0, pageLoad: 300000, script: 30000}, unhandledPromptBehavior: dismiss and notify, webauthn:extension:largeBlob: true, webauthn:virtualAuthenticators: true}
<br>&nbsp;&nbsp;&nbsp;&nbsp;Element: [[ChromeDriver: chrome on MAC (90d6780d74f305254cebb1fc0058c190)] -&gt; css selector: a[name='White']]
<br>&nbsp;&nbsp;&nbsp;&nbsp;Session ID: 90d6780d74f305254cebb1fc0058c190
<br>&nbsp;&nbsp;&nbsp;&nbsp;	at java.base/jdk.internal.reflect.NativeConstructorAccessorImpl.newInstance0(Native Method)
<br>&nbsp;&nbsp;&nbsp;&nbsp;	at java.base/jdk.internal.reflect.NativeConstructorAccessorImpl.newInstance(NativeConstructorAccessorImpl.java:64)
<br>&nbsp;&nbsp;&nbsp;&nbsp;	at java.base/jdk.internal.reflect.DelegatingConstructorAccessorImpl.newInstance(DelegatingConstructorAccessorImpl.java:45)
<br>&nbsp;&nbsp;&nbsp;&nbsp;	at java.base/java.lang.reflect.Constructor.newInstanceWithCaller(Constructor.java:500)
<br>&nbsp;&nbsp;&nbsp;&nbsp;	at java.base/java.lang.reflect.Constructor.newInstance(Constructor.java:481)
<br>&nbsp;&nbsp;&nbsp;&nbsp;	at org.openqa.selenium.remote.codec.w3c.W3CHttpResponseCodec.createException(W3CHttpResponseCodec.java:195)
<br>&nbsp;&nbsp;&nbsp;&nbsp;	at org.openqa.selenium.remote.codec.w3c.W3CHttpResponseCodec.decode(W3CHttpResponseCodec.java:128)
<br>&nbsp;&nbsp;&nbsp;&nbsp;	at org.openqa.selenium.remote.codec.w3c.W3CHttpResponseCodec.decode(W3CHttpResponseCodec.java:52)
<br>&nbsp;&nbsp;&nbsp;&nbsp;	at org.openqa.selenium.remote.HttpCommandExecutor.execute(HttpCommandExecutor.java:187)
<br>&nbsp;&nbsp;&nbsp;&nbsp;	at org.openqa.selenium.remote.service.DriverCommandExecutor.invokeExecute(DriverCommandExecutor.java:153)
<br>&nbsp;&nbsp;&nbsp;&nbsp;	at org.openqa.selenium.remote.service.DriverCommandExecutor.execute(DriverCommandExecutor.java:128)
<br>&nbsp;&nbsp;&nbsp;&nbsp;	at org.openqa.selenium.remote.RemoteWebDriver.execute(RemoteWebDriver.java:620)
<br>&nbsp;&nbsp;&nbsp;&nbsp;	at org.openqa.selenium.remote.RemoteWebElement.execute(RemoteWebElement.java:239)
<br>&nbsp;&nbsp;&nbsp;&nbsp;	at org.openqa.selenium.remote.RemoteWebElement.click(RemoteWebElement.java:77)
<br>&nbsp;&nbsp;&nbsp;&nbsp;	at library.SeleniumLibrary.selectAndVerifyElementSelected(SeleniumLibrary.java:82)
<br>&nbsp;&nbsp;&nbsp;&nbsp;	at pages.AddToCartPage.userChooseQuantityAndSizeAndColor(AddToCartPage.java:18)
<br>&nbsp;&nbsp;&nbsp;&nbsp;	at stepDefinitions.AddToCartSteps.user_choose_and_and(AddToCartSteps.java:20)
<br>&nbsp;&nbsp;&nbsp;&nbsp;	at java.base/jdk.internal.reflect.NativeMethodAccessorImpl.invoke0(Native Method)
<br>&nbsp;&nbsp;&nbsp;&nbsp;	at java.base/jdk.internal.reflect.NativeMethodAccessorImpl.invoke(NativeMethodAccessorImpl.java:64)
<br>&nbsp;&nbsp;&nbsp;&nbsp;	at java.base/jdk.internal.reflect.DelegatingMethodAccessorImpl.invoke(DelegatingMethodAccessorImpl.java:43)
<br>&nbsp;&nbsp;&nbsp;&nbsp;	at java.base/java.lang.reflect.Method.invoke(Method.java:564)
<br>&nbsp;&nbsp;&nbsp;&nbsp;	at io.cucumber.java.Invoker.doInvoke(Invoker.java:66)
<br>&nbsp;&nbsp;&nbsp;&nbsp;	at io.cucumber.java.Invoker.invoke(Invoker.java:24)
<br>&nbsp;&nbsp;&nbsp;&nbsp;	at io.cucumber.java.AbstractGlueDefinition.invokeMethod(AbstractGlueDefinition.java:47)
<br>&nbsp;&nbsp;&nbsp;&nbsp;	at io.cucumber.java.JavaStepDefinition.execute(JavaStepDefinition.java:29)
<br>&nbsp;&nbsp;&nbsp;&nbsp;	at io.cucumber.core.runner.CoreStepDefinition.execute(CoreStepDefinition.java:66)
<br>&nbsp;&nbsp;&nbsp;&nbsp;	at io.cucumber.core.runner.PickleStepDefinitionMatch.runStep(PickleStepDefinitionMatch.java:63)
<br>&nbsp;&nbsp;&nbsp;&nbsp;	at io.cucumber.core.runner.ExecutionMode$1.execute(ExecutionMode.java:10)
<br>&nbsp;&nbsp;&nbsp;&nbsp;	at io.cucumber.core.runner.TestStep.executeStep(TestStep.java:92)
<br>&nbsp;&nbsp;&nbsp;&nbsp;	at io.cucumber.core.runner.TestStep.run(TestStep.java:64)
<br>&nbsp;&nbsp;&nbsp;&nbsp;	at io.cucumber.core.runner.PickleStepTestStep.run(PickleStepTestStep.java:51)
<br>&nbsp;&nbsp;&nbsp;&nbsp;	at io.cucumber.core.runner.TestCase.run(TestCase.java:104)
<br>&nbsp;&nbsp;&nbsp;&nbsp;	at io.cucumber.core.runner.Runner.runPickle(Runner.java:73)
<br>&nbsp;&nbsp;&nbsp;&nbsp;	at io.cucumber.junit.PickleRunners$NoStepDescriptions.run(PickleRunners.java:151)
<br>&nbsp;&nbsp;&nbsp;&nbsp;	at io.cucumber.junit.FeatureRunner.runChild(FeatureRunner.java:135)
<br>&nbsp;&nbsp;&nbsp;&nbsp;	at io.cucumber.junit.FeatureRunner.runChild(FeatureRunner.java:27)
<br>&nbsp;&nbsp;&nbsp;&nbsp;	at org.junit.runners.ParentRunner$4.run(ParentRunner.java:331)
<br>&nbsp;&nbsp;&nbsp;&nbsp;	at org.junit.runners.ParentRunner$1.schedule(ParentRunner.java:79)
<br>&nbsp;&nbsp;&nbsp;&nbsp;	at org.junit.runners.ParentRunner.runChildren(ParentRunner.java:329)
<br>&nbsp;&nbsp;&nbsp;&nbsp;	at org.junit.runners.ParentRunner.access$100(ParentRunner.java:66)
<br>&nbsp;&nbsp;&nbsp;&nbsp;	at org.junit.runners.ParentRunner$2.evaluate(ParentRunner.java:293)
<br>&nbsp;&nbsp;&nbsp;&nbsp;	at org.junit.runners.ParentRunner$3.evaluate(ParentRunner.java:306)
<br>&nbsp;&nbsp;&nbsp;&nbsp;	at org.junit.runners.ParentRunner.run(ParentRunner.java:413)
<br>&nbsp;&nbsp;&nbsp;&nbsp;	at io.cucumber.junit.Cucumber.runChild(Cucumber.java:200)
<br>&nbsp;&nbsp;&nbsp;&nbsp;	at io.cucumber.junit.Cucumber.runChild(Cucumber.java:90)
<br>&nbsp;&nbsp;&nbsp;&nbsp;	at org.junit.runners.ParentRunner$4.run(ParentRunner.java:331)
<br>&nbsp;&nbsp;&nbsp;&nbsp;	at org.junit.runners.ParentRunner$1.schedule(ParentRunner.java:79)
<br>&nbsp;&nbsp;&nbsp;&nbsp;	at org.junit.runners.ParentRunner.runChildren(ParentRunner.java:329)
<br>&nbsp;&nbsp;&nbsp;&nbsp;	at org.junit.runners.ParentRunner.access$100(ParentRunner.java:66)
<br>&nbsp;&nbsp;&nbsp;&nbsp;	at org.junit.runners.ParentRunner$2.evaluate(ParentRunner.java:293)
<br>&nbsp;&nbsp;&nbsp;&nbsp;	at io.cucumber.junit.Cucumber$RunCucumber.evaluate(Cucumber.java:235)
<br>&nbsp;&nbsp;&nbsp;&nbsp;	at org.junit.runners.ParentRunner$3.evaluate(ParentRunner.java:306)
<br>&nbsp;&nbsp;&nbsp;&nbsp;	at org.junit.runners.ParentRunner.run(ParentRunner.java:413)
<br>&nbsp;&nbsp;&nbsp;&nbsp;	at org.junit.runner.JUnitCore.run(JUnitCore.java:137)
<br>&nbsp;&nbsp;&nbsp;&nbsp;	at com.intellij.junit4.JUnit4IdeaTestRunner.startRunnerWithArgs(JUnit4IdeaTestRunner.java:69)
<br>&nbsp;&nbsp;&nbsp;&nbsp;	at com.intellij.rt.junit.IdeaTestRunner$Repeater.startRunnerWithArgs(IdeaTestRunner.java:33)
<br>&nbsp;&nbsp;&nbsp;&nbsp;	at com.intellij.rt.junit.JUnitStarter.prepareStreamsAndStart(JUnitStarter.java:220)
<br>&nbsp;&nbsp;&nbsp;&nbsp;	at com.intellij.rt.junit.JUnitStarter.main(JUnitStarter.java:53)
</td></tr>

<tr>
<td>11778</td>
<td title="main thread">main</td>
<td title="Level">INFO</td>
<td title="library.SeleniumLibrary category">library.SeleniumLibrary</td>
<td>SeleniumLibrary.java:185</td>
<td title="Message">getCurrentTime() ---&gt; 20210324000320828</td>
</tr>

<tr>
<td>12037</td>
<td title="main thread">main</td>
<td title="Level">INFO</td>
<td title="library.SeleniumLibrary category">library.SeleniumLibrary</td>
<td>SeleniumLibrary.java:174</td>
<td title="Message">Screenshot location: /Users/siripornsingkhamsirikul/IdeaProjects/AutomationPracticeCucumber/target/screenshots/User purchase item_20210324000320828.png</td>
</tr>

<tr>
<td>67800</td>
<td title="main thread">main</td>
<td title="Level">INFO</td>
<td title="library.SeleniumLibrary category">library.SeleniumLibrary</td>
<td>SeleniumLibrary.java:71</td>
<td title="Message">Your order on My Store is complete.</td>
</tr>

<tr>
<td>79362</td>
<td title="main thread">main</td>
<td title="Level"><font color="#993300"><strong>ERROR</strong></font></td>
<td title="library.SeleniumLibrary category">library.SeleniumLibrary</td>
<td>SeleniumLibrary.java:85</td>
<td title="Message">Error: </td>
</tr>
<tr><td bgcolor="#993300" style="color:White; font-size : xx-small;" colspan="6">org.openqa.selenium.ElementNotInteractableException: element not interactable: element has zero size
<br>&nbsp;&nbsp;&nbsp;&nbsp;  (Session info: headless chrome=89.0.4389.90)
<br>&nbsp;&nbsp;&nbsp;&nbsp;Build info: version: '4.0.0-beta-2', revision: '4ec0cfc112'
<br>&nbsp;&nbsp;&nbsp;&nbsp;System info: host: 'Siriporns-MacBook-Pro.local', ip: '2600:8806:6101:a200:0:0:0:45e5%en0', os.name: 'Mac OS X', os.arch: 'aarch64', os.version: '11.2.3', java.version: '15.0.2'
<br>&nbsp;&nbsp;&nbsp;&nbsp;Driver info: org.openqa.selenium.chrome.ChromeDriver
<br>&nbsp;&nbsp;&nbsp;&nbsp;Command: [ab400880e29608c107454141a7684dd9, clickElement {id=61daf97a-6214-4ae0-be52-421842e3615d}]
<br>&nbsp;&nbsp;&nbsp;&nbsp;Capabilities {acceptInsecureCerts: false, browserName: chrome, browserVersion: 89.0.4389.90, chrome: {chromedriverVersion: 89.0.4389.23 (61b08ee2c5002..., userDataDir: /var/folders/bt/5mrdvm916c9...}, goog:chromeOptions: {debuggerAddress: localhost:65110}, javascriptEnabled: true, networkConnectionEnabled: false, pageLoadStrategy: normal, platform: MAC, platformName: MAC, proxy: Proxy(), setWindowRect: true, strictFileInteractability: false, timeouts: {implicit: 0, pageLoad: 300000, script: 30000}, unhandledPromptBehavior: dismiss and notify, webauthn:extension:largeBlob: true, webauthn:virtualAuthenticators: true}
<br>&nbsp;&nbsp;&nbsp;&nbsp;Element: [[ChromeDriver: chrome on MAC (ab400880e29608c107454141a7684dd9)] -&gt; css selector: a[name='Blue']]
<br>&nbsp;&nbsp;&nbsp;&nbsp;Session ID: ab400880e29608c107454141a7684dd9
<br>&nbsp;&nbsp;&nbsp;&nbsp;	at java.base/jdk.internal.reflect.NativeConstructorAccessorImpl.newInstance0(Native Method)
<br>&nbsp;&nbsp;&nbsp;&nbsp;	at java.base/jdk.internal.reflect.NativeConstructorAccessorImpl.newInstance(NativeConstructorAccessorImpl.java:64)
<br>&nbsp;&nbsp;&nbsp;&nbsp;	at java.base/jdk.internal.reflect.DelegatingConstructorAccessorImpl.newInstance(DelegatingConstructorAccessorImpl.java:45)
<br>&nbsp;&nbsp;&nbsp;&nbsp;	at java.base/java.lang.reflect.Constructor.newInstanceWithCaller(Constructor.java:500)
<br>&nbsp;&nbsp;&nbsp;&nbsp;	at java.base/java.lang.reflect.Constructor.newInstance(Constructor.java:481)
<br>&nbsp;&nbsp;&nbsp;&nbsp;	at org.openqa.selenium.remote.codec.w3c.W3CHttpResponseCodec.createException(W3CHttpResponseCodec.java:195)
<br>&nbsp;&nbsp;&nbsp;&nbsp;	at org.openqa.selenium.remote.codec.w3c.W3CHttpResponseCodec.decode(W3CHttpResponseCodec.java:128)
<br>&nbsp;&nbsp;&nbsp;&nbsp;	at org.openqa.selenium.remote.codec.w3c.W3CHttpResponseCodec.decode(W3CHttpResponseCodec.java:52)
<br>&nbsp;&nbsp;&nbsp;&nbsp;	at org.openqa.selenium.remote.HttpCommandExecutor.execute(HttpCommandExecutor.java:187)
<br>&nbsp;&nbsp;&nbsp;&nbsp;	at org.openqa.selenium.remote.service.DriverCommandExecutor.invokeExecute(DriverCommandExecutor.java:153)
<br>&nbsp;&nbsp;&nbsp;&nbsp;	at org.openqa.selenium.remote.service.DriverCommandExecutor.execute(DriverCommandExecutor.java:128)
<br>&nbsp;&nbsp;&nbsp;&nbsp;	at org.openqa.selenium.remote.RemoteWebDriver.execute(RemoteWebDriver.java:620)
<br>&nbsp;&nbsp;&nbsp;&nbsp;	at org.openqa.selenium.remote.RemoteWebElement.execute(RemoteWebElement.java:239)
<br>&nbsp;&nbsp;&nbsp;&nbsp;	at org.openqa.selenium.remote.RemoteWebElement.click(RemoteWebElement.java:77)
<br>&nbsp;&nbsp;&nbsp;&nbsp;	at library.SeleniumLibrary.selectAndVerifyElementSelected(SeleniumLibrary.java:82)
<br>&nbsp;&nbsp;&nbsp;&nbsp;	at pages.AddToCartPage.userChooseQuantityAndSizeAndColor(AddToCartPage.java:18)
<br>&nbsp;&nbsp;&nbsp;&nbsp;	at stepDefinitions.AddToCartSteps.user_choose_and_and(AddToCartSteps.java:20)
<br>&nbsp;&nbsp;&nbsp;&nbsp;	at java.base/jdk.internal.reflect.NativeMethodAccessorImpl.invoke0(Native Method)
<br>&nbsp;&nbsp;&nbsp;&nbsp;	at java.base/jdk.internal.reflect.NativeMethodAccessorImpl.invoke(NativeMethodAccessorImpl.java:64)
<br>&nbsp;&nbsp;&nbsp;&nbsp;	at java.base/jdk.internal.reflect.DelegatingMethodAccessorImpl.invoke(DelegatingMethodAccessorImpl.java:43)
<br>&nbsp;&nbsp;&nbsp;&nbsp;	at java.base/java.lang.reflect.Method.invoke(Method.java:564)
<br>&nbsp;&nbsp;&nbsp;&nbsp;	at io.cucumber.java.Invoker.doInvoke(Invoker.java:66)
<br>&nbsp;&nbsp;&nbsp;&nbsp;	at io.cucumber.java.Invoker.invoke(Invoker.java:24)
<br>&nbsp;&nbsp;&nbsp;&nbsp;	at io.cucumber.java.AbstractGlueDefinition.invokeMethod(AbstractGlueDefinition.java:47)
<br>&nbsp;&nbsp;&nbsp;&nbsp;	at io.cucumber.java.JavaStepDefinition.execute(JavaStepDefinition.java:29)
<br>&nbsp;&nbsp;&nbsp;&nbsp;	at io.cucumber.core.runner.CoreStepDefinition.execute(CoreStepDefinition.java:66)
<br>&nbsp;&nbsp;&nbsp;&nbsp;	at io.cucumber.core.runner.PickleStepDefinitionMatch.runStep(PickleStepDefinitionMatch.java:63)
<br>&nbsp;&nbsp;&nbsp;&nbsp;	at io.cucumber.core.runner.ExecutionMode$1.execute(ExecutionMode.java:10)
<br>&nbsp;&nbsp;&nbsp;&nbsp;	at io.cucumber.core.runner.TestStep.executeStep(TestStep.java:92)
<br>&nbsp;&nbsp;&nbsp;&nbsp;	at io.cucumber.core.runner.TestStep.run(TestStep.java:64)
<br>&nbsp;&nbsp;&nbsp;&nbsp;	at io.cucumber.core.runner.PickleStepTestStep.run(PickleStepTestStep.java:51)
<br>&nbsp;&nbsp;&nbsp;&nbsp;	at io.cucumber.core.runner.TestCase.run(TestCase.java:104)
<br>&nbsp;&nbsp;&nbsp;&nbsp;	at io.cucumber.core.runner.Runner.runPickle(Runner.java:73)
<br>&nbsp;&nbsp;&nbsp;&nbsp;	at io.cucumber.junit.PickleRunners$NoStepDescriptions.run(PickleRunners.java:151)
<br>&nbsp;&nbsp;&nbsp;&nbsp;	at io.cucumber.junit.FeatureRunner.runChild(FeatureRunner.java:135)
<br>&nbsp;&nbsp;&nbsp;&nbsp;	at io.cucumber.junit.FeatureRunner.runChild(FeatureRunner.java:27)
<br>&nbsp;&nbsp;&nbsp;&nbsp;	at org.junit.runners.ParentRunner$4.run(ParentRunner.java:331)
<br>&nbsp;&nbsp;&nbsp;&nbsp;	at org.junit.runners.ParentRunner$1.schedule(ParentRunner.java:79)
<br>&nbsp;&nbsp;&nbsp;&nbsp;	at org.junit.runners.ParentRunner.runChildren(ParentRunner.java:329)
<br>&nbsp;&nbsp;&nbsp;&nbsp;	at org.junit.runners.ParentRunner.access$100(ParentRunner.java:66)
<br>&nbsp;&nbsp;&nbsp;&nbsp;	at org.junit.runners.ParentRunner$2.evaluate(ParentRunner.java:293)
<br>&nbsp;&nbsp;&nbsp;&nbsp;	at org.junit.runners.ParentRunner$3.evaluate(ParentRunner.java:306)
<br>&nbsp;&nbsp;&nbsp;&nbsp;	at org.junit.runners.ParentRunner.run(ParentRunner.java:413)
<br>&nbsp;&nbsp;&nbsp;&nbsp;	at io.cucumber.junit.Cucumber.runChild(Cucumber.java:200)
<br>&nbsp;&nbsp;&nbsp;&nbsp;	at io.cucumber.junit.Cucumber.runChild(Cucumber.java:90)
<br>&nbsp;&nbsp;&nbsp;&nbsp;	at org.junit.runners.ParentRunner$4.run(ParentRunner.java:331)
<br>&nbsp;&nbsp;&nbsp;&nbsp;	at org.junit.runners.ParentRunner$1.schedule(ParentRunner.java:79)
<br>&nbsp;&nbsp;&nbsp;&nbsp;	at org.junit.runners.ParentRunner.runChildren(ParentRunner.java:329)
<br>&nbsp;&nbsp;&nbsp;&nbsp;	at org.junit.runners.ParentRunner.access$100(ParentRunner.java:66)
<br>&nbsp;&nbsp;&nbsp;&nbsp;	at org.junit.runners.ParentRunner$2.evaluate(ParentRunner.java:293)
<br>&nbsp;&nbsp;&nbsp;&nbsp;	at io.cucumber.junit.Cucumber$RunCucumber.evaluate(Cucumber.java:235)
<br>&nbsp;&nbsp;&nbsp;&nbsp;	at org.junit.runners.ParentRunner$3.evaluate(ParentRunner.java:306)
<br>&nbsp;&nbsp;&nbsp;&nbsp;	at org.junit.runners.ParentRunner.run(ParentRunner.java:413)
<br>&nbsp;&nbsp;&nbsp;&nbsp;	at org.junit.runner.JUnitCore.run(JUnitCore.java:137)
<br>&nbsp;&nbsp;&nbsp;&nbsp;	at com.intellij.junit4.JUnit4IdeaTestRunner.startRunnerWithArgs(JUnit4IdeaTestRunner.java:69)
<br>&nbsp;&nbsp;&nbsp;&nbsp;	at com.intellij.rt.junit.IdeaTestRunner$Repeater.startRunnerWithArgs(IdeaTestRunner.java:33)
<br>&nbsp;&nbsp;&nbsp;&nbsp;	at com.intellij.rt.junit.JUnitStarter.prepareStreamsAndStart(JUnitStarter.java:220)
<br>&nbsp;&nbsp;&nbsp;&nbsp;	at com.intellij.rt.junit.JUnitStarter.main(JUnitStarter.java:53)
</td></tr>

<tr>
<td>79364</td>
<td title="main thread">main</td>
<td title="Level">INFO</td>
<td title="library.SeleniumLibrary category">library.SeleniumLibrary</td>
<td>SeleniumLibrary.java:185</td>
<td title="Message">getCurrentTime() ---&gt; 20210324000428414</td>
</tr>

<tr>
<td>79610</td>
<td title="main thread">main</td>
<td title="Level">INFO</td>
<td title="library.SeleniumLibrary category">library.SeleniumLibrary</td>
<td>SeleniumLibrary.java:174</td>
<td title="Message">Screenshot location: /Users/siripornsingkhamsirikul/IdeaProjects/AutomationPracticeCucumber/target/screenshots/User purchase item_20210324000428414.png</td>
</tr>

<tr>
<td>123007</td>
<td title="main thread">main</td>
<td title="Level">INFO</td>
<td title="library.SeleniumLibrary category">library.SeleniumLibrary</td>
<td>SeleniumLibrary.java:71</td>
<td title="Message">Your order on My Store is complete.</td>
</tr>

<tr>
<td>146530</td>
<td title="main thread">main</td>
<td title="Level">INFO</td>
<td title="library.SeleniumLibrary category">library.SeleniumLibrary</td>
<td>SeleniumLibrary.java:71</td>
<td title="Message">Your order on My Store is complete.</td>
</tr>

<tr>
<td>171825</td>
<td title="main thread">main</td>
<td title="Level">INFO</td>
<td title="library.SeleniumLibrary category">library.SeleniumLibrary</td>
<td>SeleniumLibrary.java:71</td>
<td title="Message">Your order on My Store is complete.</td>
</tr>

<tr>
<td>187306</td>
<td title="main thread">main</td>
<td title="Level">INFO</td>
<td title="library.SeleniumLibrary category">library.SeleniumLibrary</td>
<td>SeleniumLibrary.java:71</td>
<td title="Message">Your order on My Store is complete.</td>
</tr>
<!DOCTYPE HTML PUBLIC "-//W3C//DTD HTML 4.01 Transitional//EN" "http://www.w3.org/TR/html4/loose.dtd">
<html>
<head>
<title>Selenium Logs</title>
<style type="text/css">
<!--
body, table {font-family: arial,sans-serif; font-size: x-small;}
th {background: #336699; color: #FFFFFF; text-align: left;}
-->
</style>
</head>
<body bgcolor="#FFFFFF" topmargin="6" leftmargin="6">
<hr size="1" noshade>
Log session start time Wed Mar 24 00:08:15 EDT 2021<br>
<br>
<table cellspacing="0" cellpadding="4" border="1" bordercolor="#224466" width="100%">
<tr>
<th>Time</th>
<th>Thread</th>
<th>Level</th>
<th>Category</th>
<th>File:Line</th>
<th>Message</th>
</tr>

<tr>
<td>0</td>
<td title="main thread">main</td>
<td title="Level">INFO</td>
<td title="library.SeleniumLibrary category">library.SeleniumLibrary</td>
<td>SeleniumLibrary.java:71</td>
<td title="Message">Your order on My Store is complete.</td>
</tr>

<tr>
<td>7081</td>
<td title="main thread">main</td>
<td title="Level"><font color="#993300"><strong>ERROR</strong></font></td>
<td title="library.SeleniumLibrary category">library.SeleniumLibrary</td>
<td>SeleniumLibrary.java:85</td>
<td title="Message">Error: </td>
</tr>
<tr><td bgcolor="#993300" style="color:White; font-size : xx-small;" colspan="6">org.openqa.selenium.ElementNotInteractableException: element not interactable: element has zero size
<br>&nbsp;&nbsp;&nbsp;&nbsp;  (Session info: headless chrome=89.0.4389.90)
<br>&nbsp;&nbsp;&nbsp;&nbsp;Build info: version: '3.141.59', revision: 'e82be7d358', time: '2018-11-14T08:17:03'
<br>&nbsp;&nbsp;&nbsp;&nbsp;System info: host: 'Siriporns-MacBook-Pro.local', ip: '2600:8806:6101:a200:0:0:0:45e5%en0', os.name: 'Mac OS X', os.arch: 'aarch64', os.version: '11.2.3', java.version: '15.0.2'
<br>&nbsp;&nbsp;&nbsp;&nbsp;Driver info: org.openqa.selenium.chrome.ChromeDriver
<br>&nbsp;&nbsp;&nbsp;&nbsp;Capabilities {acceptInsecureCerts: false, browserName: chrome, browserVersion: 89.0.4389.90, chrome: {chromedriverVersion: 89.0.4389.23 (61b08ee2c5002..., userDataDir: /var/folders/bt/5mrdvm916c9...}, goog:chromeOptions: {debuggerAddress: localhost:50181}, javascriptEnabled: true, networkConnectionEnabled: false, pageLoadStrategy: normal, platform: MAC, platformName: MAC, proxy: Proxy(), setWindowRect: true, strictFileInteractability: false, timeouts: {implicit: 0, pageLoad: 300000, script: 30000}, unhandledPromptBehavior: dismiss and notify, webauthn:extension:largeBlob: true, webauthn:virtualAuthenticators: true}
<br>&nbsp;&nbsp;&nbsp;&nbsp;Session ID: 099afbc903ea71be0d313ce491cd9b44
<br>&nbsp;&nbsp;&nbsp;&nbsp;	at java.base/jdk.internal.reflect.NativeConstructorAccessorImpl.newInstance0(Native Method)
<br>&nbsp;&nbsp;&nbsp;&nbsp;	at java.base/jdk.internal.reflect.NativeConstructorAccessorImpl.newInstance(NativeConstructorAccessorImpl.java:64)
<br>&nbsp;&nbsp;&nbsp;&nbsp;	at java.base/jdk.internal.reflect.DelegatingConstructorAccessorImpl.newInstance(DelegatingConstructorAccessorImpl.java:45)
<br>&nbsp;&nbsp;&nbsp;&nbsp;	at java.base/java.lang.reflect.Constructor.newInstanceWithCaller(Constructor.java:500)
<br>&nbsp;&nbsp;&nbsp;&nbsp;	at java.base/java.lang.reflect.Constructor.newInstance(Constructor.java:481)
<br>&nbsp;&nbsp;&nbsp;&nbsp;	at org.openqa.selenium.remote.http.W3CHttpResponseCodec.createException(W3CHttpResponseCodec.java:187)
<br>&nbsp;&nbsp;&nbsp;&nbsp;	at org.openqa.selenium.remote.http.W3CHttpResponseCodec.decode(W3CHttpResponseCodec.java:122)
<br>&nbsp;&nbsp;&nbsp;&nbsp;	at org.openqa.selenium.remote.http.W3CHttpResponseCodec.decode(W3CHttpResponseCodec.java:49)
<br>&nbsp;&nbsp;&nbsp;&nbsp;	at org.openqa.selenium.remote.HttpCommandExecutor.execute(HttpCommandExecutor.java:158)
<br>&nbsp;&nbsp;&nbsp;&nbsp;	at org.openqa.selenium.remote.service.DriverCommandExecutor.execute(DriverCommandExecutor.java:83)
<br>&nbsp;&nbsp;&nbsp;&nbsp;	at org.openqa.selenium.remote.RemoteWebDriver.execute(RemoteWebDriver.java:552)
<br>&nbsp;&nbsp;&nbsp;&nbsp;	at org.openqa.selenium.remote.RemoteWebElement.execute(RemoteWebElement.java:285)
<br>&nbsp;&nbsp;&nbsp;&nbsp;	at org.openqa.selenium.remote.RemoteWebElement.click(RemoteWebElement.java:84)
<br>&nbsp;&nbsp;&nbsp;&nbsp;	at library.SeleniumLibrary.selectAndVerifyElementSelected(SeleniumLibrary.java:82)
<br>&nbsp;&nbsp;&nbsp;&nbsp;	at pages.AddToCartPage.userChooseQuantityAndSizeAndColor(AddToCartPage.java:18)
<br>&nbsp;&nbsp;&nbsp;&nbsp;	at stepDefinitions.AddToCartSteps.user_choose_and_and(AddToCartSteps.java:20)
<br>&nbsp;&nbsp;&nbsp;&nbsp;	at java.base/jdk.internal.reflect.NativeMethodAccessorImpl.invoke0(Native Method)
<br>&nbsp;&nbsp;&nbsp;&nbsp;	at java.base/jdk.internal.reflect.NativeMethodAccessorImpl.invoke(NativeMethodAccessorImpl.java:64)
<br>&nbsp;&nbsp;&nbsp;&nbsp;	at java.base/jdk.internal.reflect.DelegatingMethodAccessorImpl.invoke(DelegatingMethodAccessorImpl.java:43)
<br>&nbsp;&nbsp;&nbsp;&nbsp;	at java.base/java.lang.reflect.Method.invoke(Method.java:564)
<br>&nbsp;&nbsp;&nbsp;&nbsp;	at io.cucumber.java.Invoker.doInvoke(Invoker.java:66)
<br>&nbsp;&nbsp;&nbsp;&nbsp;	at io.cucumber.java.Invoker.invoke(Invoker.java:24)
<br>&nbsp;&nbsp;&nbsp;&nbsp;	at io.cucumber.java.AbstractGlueDefinition.invokeMethod(AbstractGlueDefinition.java:47)
<br>&nbsp;&nbsp;&nbsp;&nbsp;	at io.cucumber.java.JavaStepDefinition.execute(JavaStepDefinition.java:29)
<br>&nbsp;&nbsp;&nbsp;&nbsp;	at io.cucumber.core.runner.CoreStepDefinition.execute(CoreStepDefinition.java:66)
<br>&nbsp;&nbsp;&nbsp;&nbsp;	at io.cucumber.core.runner.PickleStepDefinitionMatch.runStep(PickleStepDefinitionMatch.java:63)
<br>&nbsp;&nbsp;&nbsp;&nbsp;	at io.cucumber.core.runner.ExecutionMode$1.execute(ExecutionMode.java:10)
<br>&nbsp;&nbsp;&nbsp;&nbsp;	at io.cucumber.core.runner.TestStep.executeStep(TestStep.java:92)
<br>&nbsp;&nbsp;&nbsp;&nbsp;	at io.cucumber.core.runner.TestStep.run(TestStep.java:64)
<br>&nbsp;&nbsp;&nbsp;&nbsp;	at io.cucumber.core.runner.PickleStepTestStep.run(PickleStepTestStep.java:51)
<br>&nbsp;&nbsp;&nbsp;&nbsp;	at io.cucumber.core.runner.TestCase.run(TestCase.java:104)
<br>&nbsp;&nbsp;&nbsp;&nbsp;	at io.cucumber.core.runner.Runner.runPickle(Runner.java:73)
<br>&nbsp;&nbsp;&nbsp;&nbsp;	at io.cucumber.junit.PickleRunners$NoStepDescriptions.run(PickleRunners.java:151)
<br>&nbsp;&nbsp;&nbsp;&nbsp;	at io.cucumber.junit.FeatureRunner.runChild(FeatureRunner.java:135)
<br>&nbsp;&nbsp;&nbsp;&nbsp;	at io.cucumber.junit.FeatureRunner.runChild(FeatureRunner.java:27)
<br>&nbsp;&nbsp;&nbsp;&nbsp;	at org.junit.runners.ParentRunner$4.run(ParentRunner.java:331)
<br>&nbsp;&nbsp;&nbsp;&nbsp;	at org.junit.runners.ParentRunner$1.schedule(ParentRunner.java:79)
<br>&nbsp;&nbsp;&nbsp;&nbsp;	at org.junit.runners.ParentRunner.runChildren(ParentRunner.java:329)
<br>&nbsp;&nbsp;&nbsp;&nbsp;	at org.junit.runners.ParentRunner.access$100(ParentRunner.java:66)
<br>&nbsp;&nbsp;&nbsp;&nbsp;	at org.junit.runners.ParentRunner$2.evaluate(ParentRunner.java:293)
<br>&nbsp;&nbsp;&nbsp;&nbsp;	at org.junit.runners.ParentRunner$3.evaluate(ParentRunner.java:306)
<br>&nbsp;&nbsp;&nbsp;&nbsp;	at org.junit.runners.ParentRunner.run(ParentRunner.java:413)
<br>&nbsp;&nbsp;&nbsp;&nbsp;	at io.cucumber.junit.Cucumber.runChild(Cucumber.java:200)
<br>&nbsp;&nbsp;&nbsp;&nbsp;	at io.cucumber.junit.Cucumber.runChild(Cucumber.java:90)
<br>&nbsp;&nbsp;&nbsp;&nbsp;	at org.junit.runners.ParentRunner$4.run(ParentRunner.java:331)
<br>&nbsp;&nbsp;&nbsp;&nbsp;	at org.junit.runners.ParentRunner$1.schedule(ParentRunner.java:79)
<br>&nbsp;&nbsp;&nbsp;&nbsp;	at org.junit.runners.ParentRunner.runChildren(ParentRunner.java:329)
<br>&nbsp;&nbsp;&nbsp;&nbsp;	at org.junit.runners.ParentRunner.access$100(ParentRunner.java:66)
<br>&nbsp;&nbsp;&nbsp;&nbsp;	at org.junit.runners.ParentRunner$2.evaluate(ParentRunner.java:293)
<br>&nbsp;&nbsp;&nbsp;&nbsp;	at io.cucumber.junit.Cucumber$RunCucumber.evaluate(Cucumber.java:235)
<br>&nbsp;&nbsp;&nbsp;&nbsp;	at org.junit.runners.ParentRunner$3.evaluate(ParentRunner.java:306)
<br>&nbsp;&nbsp;&nbsp;&nbsp;	at org.junit.runners.ParentRunner.run(ParentRunner.java:413)
<br>&nbsp;&nbsp;&nbsp;&nbsp;	at org.junit.runner.JUnitCore.run(JUnitCore.java:137)
<br>&nbsp;&nbsp;&nbsp;&nbsp;	at com.intellij.junit4.JUnit4IdeaTestRunner.startRunnerWithArgs(JUnit4IdeaTestRunner.java:69)
<br>&nbsp;&nbsp;&nbsp;&nbsp;	at com.intellij.rt.junit.IdeaTestRunner$Repeater.startRunnerWithArgs(IdeaTestRunner.java:33)
<br>&nbsp;&nbsp;&nbsp;&nbsp;	at com.intellij.rt.junit.JUnitStarter.prepareStreamsAndStart(JUnitStarter.java:220)
<br>&nbsp;&nbsp;&nbsp;&nbsp;	at com.intellij.rt.junit.JUnitStarter.main(JUnitStarter.java:53)
</td></tr>

<tr>
<td>7087</td>
<td title="main thread">main</td>
<td title="Level">INFO</td>
<td title="library.SeleniumLibrary category">library.SeleniumLibrary</td>
<td>SeleniumLibrary.java:185</td>
<td title="Message">getCurrentTime() ---&gt; 20210324000839652</td>
</tr>

<tr>
<td>7366</td>
<td title="main thread">main</td>
<td title="Level">INFO</td>
<td title="library.SeleniumLibrary category">library.SeleniumLibrary</td>
<td>SeleniumLibrary.java:174</td>
<td title="Message">Screenshot location: /Users/siripornsingkhamsirikul/IdeaProjects/AutomationPracticeCucumber/target/screenshots/User purchase item_20210324000839652.png</td>
</tr>

<tr>
<td>23767</td>
<td title="main thread">main</td>
<td title="Level">INFO</td>
<td title="library.SeleniumLibrary category">library.SeleniumLibrary</td>
<td>SeleniumLibrary.java:71</td>
<td title="Message">Your order on My Store is complete.</td>
</tr>
<!DOCTYPE HTML PUBLIC "-//W3C//DTD HTML 4.01 Transitional//EN" "http://www.w3.org/TR/html4/loose.dtd">
<html>
<head>
<title>Selenium Logs</title>
<style type="text/css">
<!--
body, table {font-family: arial,sans-serif; font-size: x-small;}
th {background: #336699; color: #FFFFFF; text-align: left;}
-->
</style>
</head>
<body bgcolor="#FFFFFF" topmargin="6" leftmargin="6">
<hr size="1" noshade>
Log session start time Wed Mar 24 00:10:54 EDT 2021<br>
<br>
<table cellspacing="0" cellpadding="4" border="1" bordercolor="#224466" width="100%">
<tr>
<th>Time</th>
<th>Thread</th>
<th>Level</th>
<th>Category</th>
<th>File:Line</th>
<th>Message</th>
</tr>

<tr>
<td>0</td>
<td title="main thread">main</td>
<td title="Level">INFO</td>
<td title="library.SeleniumLibrary category">library.SeleniumLibrary</td>
<td>SeleniumLibrary.java:71</td>
<td title="Message">Your order on My Store is complete.</td>
</tr>

<tr>
<td>20193</td>
<td title="main thread">main</td>
<td title="Level">INFO</td>
<td title="library.SeleniumLibrary category">library.SeleniumLibrary</td>
<td>SeleniumLibrary.java:71</td>
<td title="Message">Your order on My Store is complete.</td>
</tr>

<tr>
<td>42322</td>
<td title="main thread">main</td>
<td title="Level">INFO</td>
<td title="library.SeleniumLibrary category">library.SeleniumLibrary</td>
<td>SeleniumLibrary.java:71</td>
<td title="Message">Your order on My Store is complete.</td>
</tr>

<tr>
<td>62195</td>
<td title="main thread">main</td>
<td title="Level">INFO</td>
<td title="library.SeleniumLibrary category">library.SeleniumLibrary</td>
<td>SeleniumLibrary.java:71</td>
<td title="Message">Your order on My Store is complete.</td>
</tr>

<tr>
<td>81315</td>
<td title="main thread">main</td>
<td title="Level">INFO</td>
<td title="library.SeleniumLibrary category">library.SeleniumLibrary</td>
<td>SeleniumLibrary.java:71</td>
<td title="Message">Your order on My Store is complete.</td>
</tr>

<tr>
<td>111111</td>
<td title="main thread">main</td>
<td title="Level">INFO</td>
<td title="library.SeleniumLibrary category">library.SeleniumLibrary</td>
<td>SeleniumLibrary.java:71</td>
<td title="Message">Your order on My Store is complete.</td>
</tr>
